[0.684s] Invoking command in '/home/nihal/amr_ws/src/amr_map_tools': PYTHONPATH=/home/nihal/amr_ws/build/amr_map_tools/prefix_override:/usr/lib/python3/dist-packages/colcon_core/task/python/colcon_distutils_commands:/home/nihal/amr_ws/install/amr_map_tools/lib/python3.10/site-packages:${PYTHONPATH} /usr/bin/python3 -W ignore:setup.py install is deprecated -W ignore:easy_install command is deprecated setup.py egg_info --egg-base ../../build/amr_map_tools build --build-base /home/nihal/amr_ws/build/amr_map_tools/build install --record /home/nihal/amr_ws/build/amr_map_tools/install.log --single-version-externally-managed install_data
[0.830s] running egg_info
[0.830s] creating ../../build/amr_map_tools/amr_map_tools.egg-info
[0.830s] writing ../../build/amr_map_tools/amr_map_tools.egg-info/PKG-INFO
[0.830s] writing dependency_links to ../../build/amr_map_tools/amr_map_tools.egg-info/dependency_links.txt
[0.831s] writing entry points to ../../build/amr_map_tools/amr_map_tools.egg-info/entry_points.txt
[0.831s] writing requirements to ../../build/amr_map_tools/amr_map_tools.egg-info/requires.txt
[0.831s] writing top-level names to ../../build/amr_map_tools/amr_map_tools.egg-info/top_level.txt
[0.831s] writing manifest file '../../build/amr_map_tools/amr_map_tools.egg-info/SOURCES.txt'
[0.833s] reading manifest file '../../build/amr_map_tools/amr_map_tools.egg-info/SOURCES.txt'
[0.833s] writing manifest file '../../build/amr_map_tools/amr_map_tools.egg-info/SOURCES.txt'
[0.833s] running build
[0.833s] running build_py
[0.833s] creating /home/nihal/amr_ws/build/amr_map_tools/build
[0.833s] creating /home/nihal/amr_ws/build/amr_map_tools/build/lib
[0.833s] creating /home/nihal/amr_ws/build/amr_map_tools/build/lib/amr_map_tools
[0.833s] copying amr_map_tools/map_saver_node.py -> /home/nihal/amr_ws/build/amr_map_tools/build/lib/amr_map_tools
[0.833s] copying amr_map_tools/__init__.py -> /home/nihal/amr_ws/build/amr_map_tools/build/lib/amr_map_tools
[0.833s] copying amr_map_tools/map_loader_node.py -> /home/nihal/amr_ws/build/amr_map_tools/build/lib/amr_map_tools
[0.833s] running install
[0.834s] running install_lib
[0.835s] creating /home/nihal/amr_ws/install/amr_map_tools/lib/python3.10/site-packages/amr_map_tools
[0.835s] copying /home/nihal/amr_ws/build/amr_map_tools/build/lib/amr_map_tools/map_saver_node.py -> /home/nihal/amr_ws/install/amr_map_tools/lib/python3.10/site-packages/amr_map_tools
[0.835s] copying /home/nihal/amr_ws/build/amr_map_tools/build/lib/amr_map_tools/__init__.py -> /home/nihal/amr_ws/install/amr_map_tools/lib/python3.10/site-packages/amr_map_tools
[0.838s] copying /home/nihal/amr_ws/build/amr_map_tools/build/lib/amr_map_tools/map_loader_node.py -> /home/nihal/amr_ws/install/amr_map_tools/lib/python3.10/site-packages/amr_map_tools
[0.838s] byte-compiling /home/nihal/amr_ws/install/amr_map_tools/lib/python3.10/site-packages/amr_map_tools/map_saver_node.py to map_saver_node.cpython-310.pyc
[0.839s] byte-compiling /home/nihal/amr_ws/install/amr_map_tools/lib/python3.10/site-packages/amr_map_tools/__init__.py to __init__.cpython-310.pyc
[0.839s] byte-compiling /home/nihal/amr_ws/install/amr_map_tools/lib/python3.10/site-packages/amr_map_tools/map_loader_node.py to map_loader_node.cpython-310.pyc
[0.839s] running install_data
[0.839s] creating /home/nihal/amr_ws/install/amr_map_tools/share/ament_index
[0.839s] creating /home/nihal/amr_ws/install/amr_map_tools/share/ament_index/resource_index
[0.839s] creating /home/nihal/amr_ws/install/amr_map_tools/share/ament_index/resource_index/packages
[0.839s] copying resource/amr_map_tools -> /home/nihal/amr_ws/install/amr_map_tools/share/ament_index/resource_index/packages
[0.839s] copying package.xml -> /home/nihal/amr_ws/install/amr_map_tools/share/amr_map_tools
[0.839s] running install_egg_info
[0.841s] Copying ../../build/amr_map_tools/amr_map_tools.egg-info to /home/nihal/amr_ws/install/amr_map_tools/lib/python3.10/site-packages/amr_map_tools-0.0.0-py3.10.egg-info
[0.841s] running install_scripts
[0.859s] Installing map_loader_node script to /home/nihal/amr_ws/install/amr_map_tools/lib/amr_map_tools
[0.860s] Installing map_saver_node script to /home/nihal/amr_ws/install/amr_map_tools/lib/amr_map_tools
[0.860s] writing list of installed files to '/home/nihal/amr_ws/build/amr_map_tools/install.log'
[0.879s] Invoked command in '/home/nihal/amr_ws/src/amr_map_tools' returned '0': PYTHONPATH=/home/nihal/amr_ws/build/amr_map_tools/prefix_override:/usr/lib/python3/dist-packages/colcon_core/task/python/colcon_distutils_commands:/home/nihal/amr_ws/install/amr_map_tools/lib/python3.10/site-packages:${PYTHONPATH} /usr/bin/python3 -W ignore:setup.py install is deprecated -W ignore:easy_install command is deprecated setup.py egg_info --egg-base ../../build/amr_map_tools build --build-base /home/nihal/amr_ws/build/amr_map_tools/build install --record /home/nihal/amr_ws/build/amr_map_tools/install.log --single-version-externally-managed install_data
