running egg_info
writing ../../build/amr_map_tools/amr_map_tools.egg-info/PKG-INFO
writing dependency_links to ../../build/amr_map_tools/amr_map_tools.egg-info/dependency_links.txt
writing entry points to ../../build/amr_map_tools/amr_map_tools.egg-info/entry_points.txt
writing requirements to ../../build/amr_map_tools/amr_map_tools.egg-info/requires.txt
writing top-level names to ../../build/amr_map_tools/amr_map_tools.egg-info/top_level.txt
reading manifest file '../../build/amr_map_tools/amr_map_tools.egg-info/SOURCES.txt'
writing manifest file '../../build/amr_map_tools/amr_map_tools.egg-info/SOURCES.txt'
running build
running build_py
running install
running install_lib
running install_data
running install_egg_info
removing '/home/nihal/amr_ws/install/amr_map_tools/lib/python3.10/site-packages/amr_map_tools-0.0.0-py3.10.egg-info' (and everything under it)
Copying ../../build/amr_map_tools/amr_map_tools.egg-info to /home/nihal/amr_ws/install/amr_map_tools/lib/python3.10/site-packages/amr_map_tools-0.0.0-py3.10.egg-info
running install_scripts
Installing map_loader_node script to /home/nihal/amr_ws/install/amr_map_tools/lib/amr_map_tools
Installing map_saver_node script to /home/nihal/amr_ws/install/amr_map_tools/lib/amr_map_tools
writing list of installed files to '/home/nihal/amr_ws/build/amr_map_tools/install.log'
