running develop
Removing /home/nihal/amr_ws/install/amr_navigation/lib/python3.10/site-packages/amr-navigation.egg-link (link to .)
running egg_info
writing ../../build/amr_navigation/amr_navigation.egg-info/PKG-INFO
writing dependency_links to ../../build/amr_navigation/amr_navigation.egg-info/dependency_links.txt
writing entry points to ../../build/amr_navigation/amr_navigation.egg-info/entry_points.txt
writing requirements to ../../build/amr_navigation/amr_navigation.egg-info/requires.txt
writing top-level names to ../../build/amr_navigation/amr_navigation.egg-info/top_level.txt
reading manifest file '../../build/amr_navigation/amr_navigation.egg-info/SOURCES.txt'
writing manifest file '../../build/amr_navigation/amr_navigation.egg-info/SOURCES.txt'
running build
running build_py
copying amr_navigation/pure_pursuit_controller.py -> /home/nihal/amr_ws/build/amr_navigation/build/lib/amr_navigation
running install
running install_lib
creating /home/nihal/amr_ws/install/amr_navigation/lib/python3.10/site-packages/amr_navigation
copying /home/nihal/amr_ws/build/amr_navigation/build/lib/amr_navigation/__init__.py -> /home/nihal/amr_ws/install/amr_navigation/lib/python3.10/site-packages/amr_navigation
copying /home/nihal/amr_ws/build/amr_navigation/build/lib/amr_navigation/pure_pursuit_controller.py -> /home/nihal/amr_ws/install/amr_navigation/lib/python3.10/site-packages/amr_navigation
copying /home/nihal/amr_ws/build/amr_navigation/build/lib/amr_navigation/global_planner_node.py -> /home/nihal/amr_ws/install/amr_navigation/lib/python3.10/site-packages/amr_navigation
copying /home/nihal/amr_ws/build/amr_navigation/build/lib/amr_navigation/grid_utils.py -> /home/nihal/amr_ws/install/amr_navigation/lib/python3.10/site-packages/amr_navigation
byte-compiling /home/nihal/amr_ws/install/amr_navigation/lib/python3.10/site-packages/amr_navigation/__init__.py to __init__.cpython-310.pyc
byte-compiling /home/nihal/amr_ws/install/amr_navigation/lib/python3.10/site-packages/amr_navigation/pure_pursuit_controller.py to pure_pursuit_controller.cpython-310.pyc
byte-compiling /home/nihal/amr_ws/install/amr_navigation/lib/python3.10/site-packages/amr_navigation/global_planner_node.py to global_planner_node.cpython-310.pyc
byte-compiling /home/nihal/amr_ws/install/amr_navigation/lib/python3.10/site-packages/amr_navigation/grid_utils.py to grid_utils.cpython-310.pyc
running install_data
copying resource/amr_navigation -> /home/nihal/amr_ws/install/amr_navigation/share/ament_index/resource_index/packages
copying package.xml -> /home/nihal/amr_ws/install/amr_navigation/share/amr_navigation
running install_egg_info
Copying ../../build/amr_navigation/amr_navigation.egg-info to /home/nihal/amr_ws/install/amr_navigation/lib/python3.10/site-packages/amr_navigation-0.0.0-py3.10.egg-info
running install_scripts
Installing global_planner_node script to /home/nihal/amr_ws/install/amr_navigation/lib/amr_navigation
Installing pure_pursuit_controller script to /home/nihal/amr_ws/install/amr_navigation/lib/amr_navigation
writing list of installed files to '/home/nihal/amr_ws/build/amr_navigation/install.log'
