[0.518s] Invoking command in '/home/nihal/amr_ws/build/apriltag_gazebo_demo': CMAKE_PREFIX_PATH=${CMAKE_PREFIX_PATH}:/home/nihal/amr_ws/install/amr_map_tools:/home/nihal/amr_ws/install/ekf_slam_ros:/home/nihal/amr_ws/install/ekf_slam:/home/nihal/amr_ws/install/amr_bringup:/opt/ros/humble /usr/bin/cmake --build /home/nihal/amr_ws/build/apriltag_gazebo_demo -- -j10 -l10
[0.631s] Invoked command in '/home/nihal/amr_ws/build/apriltag_gazebo_demo' returned '0': CMAKE_PREFIX_PATH=${CMAKE_PREFIX_PATH}:/home/nihal/amr_ws/install/amr_map_tools:/home/nihal/amr_ws/install/ekf_slam_ros:/home/nihal/amr_ws/install/ekf_slam:/home/nihal/amr_ws/install/amr_bringup:/opt/ros/humble /usr/bin/cmake --build /home/nihal/amr_ws/build/apriltag_gazebo_demo -- -j10 -l10
[0.657s] Invoking command in '/home/nihal/amr_ws/build/apriltag_gazebo_demo': CMAKE_PREFIX_PATH=${CMAKE_PREFIX_PATH}:/home/nihal/amr_ws/install/amr_map_tools:/home/nihal/amr_ws/install/ekf_slam_ros:/home/nihal/amr_ws/install/ekf_slam:/home/nihal/amr_ws/install/amr_bringup:/opt/ros/humble /usr/bin/cmake --install /home/nihal/amr_ws/build/apriltag_gazebo_demo
[0.665s] -- Install configuration: ""
[0.667s] -- Execute custom install script
[0.669s] -- Up-to-date symlink: /home/nihal/amr_ws/install/apriltag_gazebo_demo/share/apriltag_gazebo_demo/launch/tb3_warehouse.launch.py
[0.671s] -- Up-to-date symlink: /home/nihal/amr_ws/install/apriltag_gazebo_demo/share/apriltag_gazebo_demo/worlds/warehouse_with_tags.world
[0.681s] -- Up-to-date symlink: /home/nihal/amr_ws/install/apriltag_gazebo_demo/share/apriltag_gazebo_demo/models/apriltag_36h11_id0/materials/scripts/tag.material
[0.681s] -- Up-to-date symlink: /home/nihal/amr_ws/install/apriltag_gazebo_demo/share/apriltag_gazebo_demo/models/apriltag_36h11_id0/materials/textures/tag.png
[0.682s] -- Up-to-date symlink: /home/nihal/amr_ws/install/apriltag_gazebo_demo/share/apriltag_gazebo_demo/models/apriltag_36h11_id0/model.config
[0.683s] -- Up-to-date symlink: /home/nihal/amr_ws/install/apriltag_gazebo_demo/share/apriltag_gazebo_demo/models/apriltag_36h11_id0/model.sdf
[0.684s] -- Up-to-date symlink: /home/nihal/amr_ws/install/apriltag_gazebo_demo/share/apriltag_gazebo_demo/models/apriltag_36h11_id1/materials/scripts/tag.material
[0.685s] -- Up-to-date symlink: /home/nihal/amr_ws/install/apriltag_gazebo_demo/share/apriltag_gazebo_demo/models/apriltag_36h11_id1/materials/textures/tag.png
[0.686s] -- Up-to-date symlink: /home/nihal/amr_ws/install/apriltag_gazebo_demo/share/apriltag_gazebo_demo/models/apriltag_36h11_id1/model.config
[0.691s] -- Up-to-date symlink: /home/nihal/amr_ws/install/apriltag_gazebo_demo/share/apriltag_gazebo_demo/models/apriltag_36h11_id1/model.sdf
[0.696s] -- Up-to-date symlink: /home/nihal/amr_ws/install/apriltag_gazebo_demo/share/apriltag_gazebo_demo/models/apriltag_36h11_id2/materials/scripts/tag.material
[0.698s] -- Up-to-date symlink: /home/nihal/amr_ws/install/apriltag_gazebo_demo/share/apriltag_gazebo_demo/models/apriltag_36h11_id2/materials/textures/tag.png
[0.698s] -- Up-to-date symlink: /home/nihal/amr_ws/install/apriltag_gazebo_demo/share/apriltag_gazebo_demo/models/apriltag_36h11_id2/model.config
[0.698s] -- Up-to-date symlink: /home/nihal/amr_ws/install/apriltag_gazebo_demo/share/apriltag_gazebo_demo/models/apriltag_36h11_id2/model.sdf
[0.699s] -- Up-to-date symlink: /home/nihal/amr_ws/install/apriltag_gazebo_demo/share/apriltag_gazebo_demo/models/apriltag_36h11_id3/materials/scripts/tag.material
[0.700s] -- Up-to-date symlink: /home/nihal/amr_ws/install/apriltag_gazebo_demo/share/apriltag_gazebo_demo/models/apriltag_36h11_id3/materials/textures/tag.png
[0.700s] -- Up-to-date symlink: /home/nihal/amr_ws/install/apriltag_gazebo_demo/share/apriltag_gazebo_demo/models/apriltag_36h11_id3/model.config
[0.701s] -- Up-to-date symlink: /home/nihal/amr_ws/install/apriltag_gazebo_demo/share/apriltag_gazebo_demo/models/apriltag_36h11_id3/model.sdf
[0.702s] -- Up-to-date symlink: /home/nihal/amr_ws/install/apriltag_gazebo_demo/share/apriltag_gazebo_demo/models/apriltag_36h11_id4/materials/scripts/tag.material
[0.703s] -- Up-to-date symlink: /home/nihal/amr_ws/install/apriltag_gazebo_demo/share/apriltag_gazebo_demo/models/apriltag_36h11_id4/materials/textures/tag.png
[0.703s] -- Up-to-date symlink: /home/nihal/amr_ws/install/apriltag_gazebo_demo/share/apriltag_gazebo_demo/models/apriltag_36h11_id4/model.config
[0.704s] -- Up-to-date symlink: /home/nihal/amr_ws/install/apriltag_gazebo_demo/share/apriltag_gazebo_demo/models/apriltag_36h11_id4/model.sdf
[0.706s] -- Up-to-date symlink: /home/nihal/amr_ws/install/apriltag_gazebo_demo/share/apriltag_gazebo_demo/models/apriltag_36h11_id5/materials/scripts/tag.material
[0.707s] -- Up-to-date symlink: /home/nihal/amr_ws/install/apriltag_gazebo_demo/share/apriltag_gazebo_demo/models/apriltag_36h11_id5/materials/textures/tag.png
[0.707s] -- Up-to-date symlink: /home/nihal/amr_ws/install/apriltag_gazebo_demo/share/apriltag_gazebo_demo/models/apriltag_36h11_id5/model.config
[0.708s] -- Up-to-date symlink: /home/nihal/amr_ws/install/apriltag_gazebo_demo/share/apriltag_gazebo_demo/models/apriltag_36h11_id5/model.sdf
[0.708s] -- Up-to-date symlink: /home/nihal/amr_ws/install/apriltag_gazebo_demo/share/apriltag_gazebo_demo/models/turtlebot3_waffle_pi/model-1_4_.sdf
[0.709s] -- Up-to-date symlink: /home/nihal/amr_ws/install/apriltag_gazebo_demo/share/apriltag_gazebo_demo/models/turtlebot3_waffle_pi/model.config
[0.709s] -- Up-to-date symlink: /home/nihal/amr_ws/install/apriltag_gazebo_demo/share/apriltag_gazebo_demo/models/turtlebot3_waffle_pi/model.sdf
[0.709s] -- Up-to-date symlink: /home/nihal/amr_ws/install/apriltag_gazebo_demo/share/ament_index/resource_index/package_run_dependencies/apriltag_gazebo_demo
[0.710s] -- Up-to-date symlink: /home/nihal/amr_ws/install/apriltag_gazebo_demo/share/ament_index/resource_index/parent_prefix_path/apriltag_gazebo_demo
[0.710s] -- Up-to-date symlink: /home/nihal/amr_ws/install/apriltag_gazebo_demo/share/apriltag_gazebo_demo/environment/ament_prefix_path.sh
[0.710s] -- Up-to-date symlink: /home/nihal/amr_ws/install/apriltag_gazebo_demo/share/apriltag_gazebo_demo/environment/ament_prefix_path.dsv
[0.711s] -- Up-to-date symlink: /home/nihal/amr_ws/install/apriltag_gazebo_demo/share/apriltag_gazebo_demo/environment/path.sh
[0.711s] -- Up-to-date symlink: /home/nihal/amr_ws/install/apriltag_gazebo_demo/share/apriltag_gazebo_demo/environment/path.dsv
[0.712s] -- Up-to-date symlink: /home/nihal/amr_ws/install/apriltag_gazebo_demo/share/apriltag_gazebo_demo/local_setup.bash
[0.712s] -- Up-to-date symlink: /home/nihal/amr_ws/install/apriltag_gazebo_demo/share/apriltag_gazebo_demo/local_setup.sh
[0.713s] -- Up-to-date symlink: /home/nihal/amr_ws/install/apriltag_gazebo_demo/share/apriltag_gazebo_demo/local_setup.zsh
[0.713s] -- Up-to-date symlink: /home/nihal/amr_ws/install/apriltag_gazebo_demo/share/apriltag_gazebo_demo/local_setup.dsv
[0.713s] -- Symlinking: /home/nihal/amr_ws/install/apriltag_gazebo_demo/share/apriltag_gazebo_demo/package.dsv
[0.722s] -- Up-to-date symlink: /home/nihal/amr_ws/install/apriltag_gazebo_demo/share/ament_index/resource_index/packages/apriltag_gazebo_demo
[0.724s] -- Up-to-date symlink: /home/nihal/amr_ws/install/apriltag_gazebo_demo/share/apriltag_gazebo_demo/cmake/apriltag_gazebo_demoConfig.cmake
[0.725s] -- Up-to-date symlink: /home/nihal/amr_ws/install/apriltag_gazebo_demo/share/apriltag_gazebo_demo/cmake/apriltag_gazebo_demoConfig-version.cmake
[0.725s] -- Up-to-date symlink: /home/nihal/amr_ws/install/apriltag_gazebo_demo/share/apriltag_gazebo_demo/package.xml
[0.728s] Invoked command in '/home/nihal/amr_ws/build/apriltag_gazebo_demo' returned '0': CMAKE_PREFIX_PATH=${CMAKE_PREFIX_PATH}:/home/nihal/amr_ws/install/amr_map_tools:/home/nihal/amr_ws/install/ekf_slam_ros:/home/nihal/amr_ws/install/ekf_slam:/home/nihal/amr_ws/install/amr_bringup:/opt/ros/humble /usr/bin/cmake --install /home/nihal/amr_ws/build/apriltag_gazebo_demo
