[0.334s] Invoking command in '/home/nihal/amr_ws/build/apriltag_gazebo_demo': CMAKE_PREFIX_PATH=${CMAKE_PREFIX_PATH}:/home/nihal/amr_ws/install/ekf_slam_ros:/home/nihal/amr_ws/install/ekf_slam:/home/nihal/amr_ws/install/amr_bringup:/opt/ros/humble /usr/bin/cmake /home/nihal/amr_ws/src/apriltag_gazebo_demo -DAMENT_CMAKE_SYMLINK_INSTALL=1 -DCMAKE_INSTALL_PREFIX=/home/nihal/amr_ws/install/apriltag_gazebo_demo
[0.491s] -- The C compiler identification is GNU 11.4.0
[0.621s] -- The CXX compiler identification is GNU 11.4.0
[0.631s] -- Detecting C compiler ABI info
[0.704s] -- Detecting C compiler ABI info - done
[0.710s] -- Check for working C compiler: /usr/bin/cc - skipped
[0.712s] -- Detecting C compile features
[0.713s] -- Detecting C compile features - done
[0.715s] -- Detecting CXX compiler ABI info
[0.800s] -- Detecting CXX compiler ABI info - done
[0.805s] -- Check for working CXX compiler: /usr/bin/c++ - skipped
[0.805s] -- Detecting CXX compile features
[0.806s] -- Detecting CXX compile features - done
[0.812s] -- Found ament_cmake: 1.3.13 (/opt/ros/humble/share/ament_cmake/cmake)
[0.930s] -- Found Python3: /usr/bin/python3 (found version "3.10.12") found components: Interpreter 
[0.976s] -- Override CMake install command with custom implementation using symlinks instead of copying resources
[1.001s] -- Found ament_lint_auto: 0.12.15 (/opt/ros/humble/share/ament_lint_auto/cmake)
[1.061s] -- Added test 'flake8' to check Python code syntax and style conventions
[1.062s] -- Added test 'lint_cmake' to check CMake code style
[1.063s] -- Added test 'pep257' to check Python code against some of the docstring style conventions in PEP 257
[1.065s] -- Added test 'xmllint' to check XML markup files
[1.066s] -- Configuring done
[1.068s] -- Generating done
[1.069s] -- Build files have been written to: /home/nihal/amr_ws/build/apriltag_gazebo_demo
[1.158s] Invoked command in '/home/nihal/amr_ws/build/apriltag_gazebo_demo' returned '0': CMAKE_PREFIX_PATH=${CMAKE_PREFIX_PATH}:/home/nihal/amr_ws/install/ekf_slam_ros:/home/nihal/amr_ws/install/ekf_slam:/home/nihal/amr_ws/install/amr_bringup:/opt/ros/humble /usr/bin/cmake /home/nihal/amr_ws/src/apriltag_gazebo_demo -DAMENT_CMAKE_SYMLINK_INSTALL=1 -DCMAKE_INSTALL_PREFIX=/home/nihal/amr_ws/install/apriltag_gazebo_demo
[1.162s] Invoking command in '/home/nihal/amr_ws/build/apriltag_gazebo_demo': CMAKE_PREFIX_PATH=${CMAKE_PREFIX_PATH}:/home/nihal/amr_ws/install/ekf_slam_ros:/home/nihal/amr_ws/install/ekf_slam:/home/nihal/amr_ws/install/amr_bringup:/opt/ros/humble /usr/bin/cmake --build /home/nihal/amr_ws/build/apriltag_gazebo_demo -- -j10 -l10
[1.201s] Invoked command in '/home/nihal/amr_ws/build/apriltag_gazebo_demo' returned '0': CMAKE_PREFIX_PATH=${CMAKE_PREFIX_PATH}:/home/nihal/amr_ws/install/ekf_slam_ros:/home/nihal/amr_ws/install/ekf_slam:/home/nihal/amr_ws/install/amr_bringup:/opt/ros/humble /usr/bin/cmake --build /home/nihal/amr_ws/build/apriltag_gazebo_demo -- -j10 -l10
[1.209s] Invoking command in '/home/nihal/amr_ws/build/apriltag_gazebo_demo': CMAKE_PREFIX_PATH=${CMAKE_PREFIX_PATH}:/home/nihal/amr_ws/install/ekf_slam_ros:/home/nihal/amr_ws/install/ekf_slam:/home/nihal/amr_ws/install/amr_bringup:/opt/ros/humble /usr/bin/cmake --install /home/nihal/amr_ws/build/apriltag_gazebo_demo
[1.215s] -- Install configuration: ""
[1.215s] -- Execute custom install script
[1.215s] -- Symlinking: /home/nihal/amr_ws/install/apriltag_gazebo_demo/share/apriltag_gazebo_demo/launch/tb3_warehouse.launch.py
[1.223s] -- Symlinking: /home/nihal/amr_ws/install/apriltag_gazebo_demo/share/apriltag_gazebo_demo/worlds/warehouse_with_tags.world
[1.230s] -- Symlinking: /home/nihal/amr_ws/install/apriltag_gazebo_demo/share/apriltag_gazebo_demo/models/apriltag_36h11_id0/materials/scripts/tag.material
[1.237s] -- Symlinking: /home/nihal/amr_ws/install/apriltag_gazebo_demo/share/apriltag_gazebo_demo/models/apriltag_36h11_id0/materials/textures/tag.png
[1.244s] -- Symlinking: /home/nihal/amr_ws/install/apriltag_gazebo_demo/share/apriltag_gazebo_demo/models/apriltag_36h11_id0/model.config
[1.251s] -- Symlinking: /home/nihal/amr_ws/install/apriltag_gazebo_demo/share/apriltag_gazebo_demo/models/apriltag_36h11_id0/model.sdf
[1.261s] -- Symlinking: /home/nihal/amr_ws/install/apriltag_gazebo_demo/share/apriltag_gazebo_demo/models/apriltag_36h11_id1/materials/scripts/tag.material
[1.268s] -- Symlinking: /home/nihal/amr_ws/install/apriltag_gazebo_demo/share/apriltag_gazebo_demo/models/apriltag_36h11_id1/materials/textures/tag.png
[1.275s] -- Symlinking: /home/nihal/amr_ws/install/apriltag_gazebo_demo/share/apriltag_gazebo_demo/models/apriltag_36h11_id1/model.config
[1.283s] -- Symlinking: /home/nihal/amr_ws/install/apriltag_gazebo_demo/share/apriltag_gazebo_demo/models/apriltag_36h11_id1/model.sdf
[1.291s] -- Symlinking: /home/nihal/amr_ws/install/apriltag_gazebo_demo/share/apriltag_gazebo_demo/models/apriltag_36h11_id2/materials/scripts/tag.material
[1.298s] -- Symlinking: /home/nihal/amr_ws/install/apriltag_gazebo_demo/share/apriltag_gazebo_demo/models/apriltag_36h11_id2/materials/textures/tag.png
[1.305s] -- Symlinking: /home/nihal/amr_ws/install/apriltag_gazebo_demo/share/apriltag_gazebo_demo/models/apriltag_36h11_id2/model.config
[1.313s] -- Symlinking: /home/nihal/amr_ws/install/apriltag_gazebo_demo/share/apriltag_gazebo_demo/models/apriltag_36h11_id2/model.sdf
[1.319s] -- Symlinking: /home/nihal/amr_ws/install/apriltag_gazebo_demo/share/apriltag_gazebo_demo/models/apriltag_36h11_id3/materials/scripts/tag.material
[1.327s] -- Symlinking: /home/nihal/amr_ws/install/apriltag_gazebo_demo/share/apriltag_gazebo_demo/models/apriltag_36h11_id3/materials/textures/tag.png
[1.334s] -- Symlinking: /home/nihal/amr_ws/install/apriltag_gazebo_demo/share/apriltag_gazebo_demo/models/apriltag_36h11_id3/model.config
[1.340s] -- Symlinking: /home/nihal/amr_ws/install/apriltag_gazebo_demo/share/apriltag_gazebo_demo/models/apriltag_36h11_id3/model.sdf
[1.348s] -- Symlinking: /home/nihal/amr_ws/install/apriltag_gazebo_demo/share/apriltag_gazebo_demo/models/apriltag_36h11_id4/materials/scripts/tag.material
[1.355s] -- Symlinking: /home/nihal/amr_ws/install/apriltag_gazebo_demo/share/apriltag_gazebo_demo/models/apriltag_36h11_id4/materials/textures/tag.png
[1.365s] -- Symlinking: /home/nihal/amr_ws/install/apriltag_gazebo_demo/share/apriltag_gazebo_demo/models/apriltag_36h11_id4/model.config
[1.372s] -- Symlinking: /home/nihal/amr_ws/install/apriltag_gazebo_demo/share/apriltag_gazebo_demo/models/apriltag_36h11_id4/model.sdf
[1.379s] -- Symlinking: /home/nihal/amr_ws/install/apriltag_gazebo_demo/share/apriltag_gazebo_demo/models/apriltag_36h11_id5/materials/scripts/tag.material
[1.388s] -- Symlinking: /home/nihal/amr_ws/install/apriltag_gazebo_demo/share/apriltag_gazebo_demo/models/apriltag_36h11_id5/materials/textures/tag.png
[1.395s] -- Symlinking: /home/nihal/amr_ws/install/apriltag_gazebo_demo/share/apriltag_gazebo_demo/models/apriltag_36h11_id5/model.config
[1.403s] -- Symlinking: /home/nihal/amr_ws/install/apriltag_gazebo_demo/share/apriltag_gazebo_demo/models/apriltag_36h11_id5/model.sdf
[1.410s] -- Symlinking: /home/nihal/amr_ws/install/apriltag_gazebo_demo/share/apriltag_gazebo_demo/models/turtlebot3_waffle_pi/model-1_4_.sdf
[1.417s] -- Symlinking: /home/nihal/amr_ws/install/apriltag_gazebo_demo/share/apriltag_gazebo_demo/models/turtlebot3_waffle_pi/model.config
[1.425s] -- Symlinking: /home/nihal/amr_ws/install/apriltag_gazebo_demo/share/apriltag_gazebo_demo/models/turtlebot3_waffle_pi/model.sdf
[1.432s] -- Symlinking: /home/nihal/amr_ws/install/apriltag_gazebo_demo/share/ament_index/resource_index/package_run_dependencies/apriltag_gazebo_demo
[1.439s] -- Symlinking: /home/nihal/amr_ws/install/apriltag_gazebo_demo/share/ament_index/resource_index/parent_prefix_path/apriltag_gazebo_demo
[1.446s] -- Symlinking: /home/nihal/amr_ws/install/apriltag_gazebo_demo/share/apriltag_gazebo_demo/environment/ament_prefix_path.sh
[1.453s] -- Symlinking: /home/nihal/amr_ws/install/apriltag_gazebo_demo/share/apriltag_gazebo_demo/environment/ament_prefix_path.dsv
[1.460s] -- Symlinking: /home/nihal/amr_ws/install/apriltag_gazebo_demo/share/apriltag_gazebo_demo/environment/path.sh
[1.467s] -- Symlinking: /home/nihal/amr_ws/install/apriltag_gazebo_demo/share/apriltag_gazebo_demo/environment/path.dsv
[1.475s] -- Symlinking: /home/nihal/amr_ws/install/apriltag_gazebo_demo/share/apriltag_gazebo_demo/local_setup.bash
[1.482s] -- Symlinking: /home/nihal/amr_ws/install/apriltag_gazebo_demo/share/apriltag_gazebo_demo/local_setup.sh
[1.490s] -- Symlinking: /home/nihal/amr_ws/install/apriltag_gazebo_demo/share/apriltag_gazebo_demo/local_setup.zsh
[1.498s] -- Symlinking: /home/nihal/amr_ws/install/apriltag_gazebo_demo/share/apriltag_gazebo_demo/local_setup.dsv
[1.505s] -- Symlinking: /home/nihal/amr_ws/install/apriltag_gazebo_demo/share/apriltag_gazebo_demo/package.dsv
[1.513s] -- Symlinking: /home/nihal/amr_ws/install/apriltag_gazebo_demo/share/ament_index/resource_index/packages/apriltag_gazebo_demo
[1.520s] -- Symlinking: /home/nihal/amr_ws/install/apriltag_gazebo_demo/share/apriltag_gazebo_demo/cmake/apriltag_gazebo_demoConfig.cmake
[1.527s] -- Symlinking: /home/nihal/amr_ws/install/apriltag_gazebo_demo/share/apriltag_gazebo_demo/cmake/apriltag_gazebo_demoConfig-version.cmake
[1.534s] -- Symlinking: /home/nihal/amr_ws/install/apriltag_gazebo_demo/share/apriltag_gazebo_demo/package.xml
[1.542s] Invoked command in '/home/nihal/amr_ws/build/apriltag_gazebo_demo' returned '0': CMAKE_PREFIX_PATH=${CMAKE_PREFIX_PATH}:/home/nihal/amr_ws/install/ekf_slam_ros:/home/nihal/amr_ws/install/ekf_slam:/home/nihal/amr_ws/install/amr_bringup:/opt/ros/humble /usr/bin/cmake --install /home/nihal/amr_ws/build/apriltag_gazebo_demo
