/home/nihal/amr_ws/install/amr_navigation/lib/python3.10/site-packages/amr_navigation/dwa_controller.py
/home/nihal/amr_ws/install/amr_navigation/lib/python3.10/site-packages/amr_navigation/__init__.py
/home/nihal/amr_ws/install/amr_navigation/lib/python3.10/site-packages/amr_navigation/pure_pursuit_controller.py
/home/nihal/amr_ws/install/amr_navigation/lib/python3.10/site-packages/amr_navigation/global_planner_node.py
/home/nihal/amr_ws/install/amr_navigation/lib/python3.10/site-packages/amr_navigation/grid_utils.py
/home/nihal/amr_ws/install/amr_navigation/lib/python3.10/site-packages/amr_navigation/__pycache__/dwa_controller.cpython-310.pyc
/home/nihal/amr_ws/install/amr_navigation/lib/python3.10/site-packages/amr_navigation/__pycache__/__init__.cpython-310.pyc
/home/nihal/amr_ws/install/amr_navigation/lib/python3.10/site-packages/amr_navigation/__pycache__/pure_pursuit_controller.cpython-310.pyc
/home/nihal/amr_ws/install/amr_navigation/lib/python3.10/site-packages/amr_navigation/__pycache__/global_planner_node.cpython-310.pyc
/home/nihal/amr_ws/install/amr_navigation/lib/python3.10/site-packages/amr_navigation/__pycache__/grid_utils.cpython-310.pyc
/home/nihal/amr_ws/install/amr_navigation/share/ament_index/resource_index/packages/amr_navigation
/home/nihal/amr_ws/install/amr_navigation/share/amr_navigation/package.xml
/home/nihal/amr_ws/install/amr_navigation/lib/python3.10/site-packages/amr_navigation-0.0.0-py3.10.egg-info/requires.txt
/home/nihal/amr_ws/install/amr_navigation/lib/python3.10/site-packages/amr_navigation-0.0.0-py3.10.egg-info/top_level.txt
/home/nihal/amr_ws/install/amr_navigation/lib/python3.10/site-packages/amr_navigation-0.0.0-py3.10.egg-info/zip-safe
/home/nihal/amr_ws/install/amr_navigation/lib/python3.10/site-packages/amr_navigation-0.0.0-py3.10.egg-info/PKG-INFO
/home/nihal/amr_ws/install/amr_navigation/lib/python3.10/site-packages/amr_navigation-0.0.0-py3.10.egg-info/SOURCES.txt
/home/nihal/amr_ws/install/amr_navigation/lib/python3.10/site-packages/amr_navigation-0.0.0-py3.10.egg-info/entry_points.txt
/home/nihal/amr_ws/install/amr_navigation/lib/python3.10/site-packages/amr_navigation-0.0.0-py3.10.egg-info/dependency_links.txt
/home/nihal/amr_ws/install/amr_navigation/lib/amr_navigation/dwa_controller
/home/nihal/amr_ws/install/amr_navigation/lib/amr_navigation/global_planner_node
/home/nihal/amr_ws/install/amr_navigation/lib/amr_navigation/pure_pursuit_controller
