[0.088s] DEBUG:colcon:Command line arguments: ['/usr/bin/colcon', 'build']
[0.088s] DEBUG:colcon:Parsed command line arguments: Namespace(log_base=None, log_level=None, verb_name='build', build_base='build', install_base='install', merge_install=False, symlink_install=False, test_result_base=None, continue_on_error=False, executor='parallel', parallel_workers=10, event_handlers=None, ignore_user_meta=False, metas=['./colcon.meta'], base_paths=['.'], packages_ignore=None, packages_ignore_regex=None, paths=None, packages_up_to=None, packages_up_to_regex=None, packages_above=None, packages_above_and_dependencies=None, packages_above_depth=None, packages_select_by_dep=None, packages_skip_by_dep=None, packages_skip_up_to=None, packages_select_build_failed=False, packages_skip_build_finished=False, packages_select_test_failures=False, packages_skip_test_passed=False, packages_select=None, packages_skip=None, packages_select_regex=None, packages_skip_regex=None, packages_start=None, packages_end=None, allow_overriding=[], cmake_args=None, cmake_target=None, cmake_target_skip_unavailable=False, cmake_clean_cache=False, cmake_clean_first=False, cmake_force_configure=False, ament_cmake_args=None, catkin_cmake_args=None, catkin_skip_building_tests=False, mixin_files=None, mixin=None, verb_parser=<colcon_mixin.mixin.mixin_argument.MixinArgumentDecorator object at 0x771abf989480>, verb_extension=<colcon_core.verb.build.BuildVerb object at 0x771abf988df0>, main=<bound method BuildVerb.main of <colcon_core.verb.build.BuildVerb object at 0x771abf988df0>>, mixin_verb=('build',))
[0.193s] Level 1:colcon.colcon_core.package_discovery:discover_packages(colcon_meta) check parameters
[0.193s] Level 1:colcon.colcon_core.package_discovery:discover_packages(recursive) check parameters
[0.193s] Level 1:colcon.colcon_core.package_discovery:discover_packages(ignore) check parameters
[0.193s] Level 1:colcon.colcon_core.package_discovery:discover_packages(path) check parameters
[0.193s] Level 1:colcon.colcon_core.package_discovery:discover_packages(colcon_meta) discover
[0.193s] Level 1:colcon.colcon_core.package_discovery:discover_packages(recursive) discover
[0.193s] INFO:colcon.colcon_core.package_discovery:Crawling recursively for packages in '/home/nihal/amr_ws'
[0.193s] Level 1:colcon.colcon_core.package_identification:_identify(.) by extensions ['ignore', 'ignore_ament_install']
[0.193s] Level 1:colcon.colcon_core.package_identification:_identify(.) by extension 'ignore'
[0.194s] Level 1:colcon.colcon_core.package_identification:_identify(.) by extension 'ignore_ament_install'
[0.194s] Level 1:colcon.colcon_core.package_identification:_identify(.) by extensions ['colcon_pkg']
[0.194s] Level 1:colcon.colcon_core.package_identification:_identify(.) by extension 'colcon_pkg'
[0.194s] Level 1:colcon.colcon_core.package_identification:_identify(.) by extensions ['colcon_meta']
[0.194s] Level 1:colcon.colcon_core.package_identification:_identify(.) by extension 'colcon_meta'
[0.194s] Level 1:colcon.colcon_core.package_identification:_identify(.) by extensions ['ros']
[0.194s] Level 1:colcon.colcon_core.package_identification:_identify(.) by extension 'ros'
[0.202s] Level 1:colcon.colcon_core.package_identification:_identify(.) by extensions ['cmake', 'python']
[0.202s] Level 1:colcon.colcon_core.package_identification:_identify(.) by extension 'cmake'
[0.202s] Level 1:colcon.colcon_core.package_identification:_identify(.) by extension 'python'
[0.202s] Level 1:colcon.colcon_core.package_identification:_identify(.) by extensions ['python_setup_py']
[0.202s] Level 1:colcon.colcon_core.package_identification:_identify(.) by extension 'python_setup_py'
[0.202s] Level 1:colcon.colcon_core.package_identification:_identify(build) by extensions ['ignore', 'ignore_ament_install']
[0.202s] Level 1:colcon.colcon_core.package_identification:_identify(build) by extension 'ignore'
[0.202s] Level 1:colcon.colcon_core.package_identification:_identify(build) ignored
[0.202s] Level 1:colcon.colcon_core.package_identification:_identify(install) by extensions ['ignore', 'ignore_ament_install']
[0.202s] Level 1:colcon.colcon_core.package_identification:_identify(install) by extension 'ignore'
[0.202s] Level 1:colcon.colcon_core.package_identification:_identify(install) ignored
[0.202s] Level 1:colcon.colcon_core.package_identification:_identify(log) by extensions ['ignore', 'ignore_ament_install']
[0.203s] Level 1:colcon.colcon_core.package_identification:_identify(log) by extension 'ignore'
[0.203s] Level 1:colcon.colcon_core.package_identification:_identify(log) ignored
[0.203s] Level 1:colcon.colcon_core.package_identification:_identify(src) by extensions ['ignore', 'ignore_ament_install']
[0.203s] Level 1:colcon.colcon_core.package_identification:_identify(src) by extension 'ignore'
[0.203s] Level 1:colcon.colcon_core.package_identification:_identify(src) by extension 'ignore_ament_install'
[0.203s] Level 1:colcon.colcon_core.package_identification:_identify(src) by extensions ['colcon_pkg']
[0.203s] Level 1:colcon.colcon_core.package_identification:_identify(src) by extension 'colcon_pkg'
[0.203s] Level 1:colcon.colcon_core.package_identification:_identify(src) by extensions ['colcon_meta']
[0.203s] Level 1:colcon.colcon_core.package_identification:_identify(src) by extension 'colcon_meta'
[0.203s] Level 1:colcon.colcon_core.package_identification:_identify(src) by extensions ['ros']
[0.203s] Level 1:colcon.colcon_core.package_identification:_identify(src) by extension 'ros'
[0.203s] Level 1:colcon.colcon_core.package_identification:_identify(src) by extensions ['cmake', 'python']
[0.203s] Level 1:colcon.colcon_core.package_identification:_identify(src) by extension 'cmake'
[0.203s] Level 1:colcon.colcon_core.package_identification:_identify(src) by extension 'python'
[0.203s] Level 1:colcon.colcon_core.package_identification:_identify(src) by extensions ['python_setup_py']
[0.203s] Level 1:colcon.colcon_core.package_identification:_identify(src) by extension 'python_setup_py'
[0.203s] Level 1:colcon.colcon_core.package_identification:_identify(src/amr_bringup) by extensions ['ignore', 'ignore_ament_install']
[0.203s] Level 1:colcon.colcon_core.package_identification:_identify(src/amr_bringup) by extension 'ignore'
[0.203s] Level 1:colcon.colcon_core.package_identification:_identify(src/amr_bringup) by extension 'ignore_ament_install'
[0.203s] Level 1:colcon.colcon_core.package_identification:_identify(src/amr_bringup) by extensions ['colcon_pkg']
[0.203s] Level 1:colcon.colcon_core.package_identification:_identify(src/amr_bringup) by extension 'colcon_pkg'
[0.203s] Level 1:colcon.colcon_core.package_identification:_identify(src/amr_bringup) by extensions ['colcon_meta']
[0.203s] Level 1:colcon.colcon_core.package_identification:_identify(src/amr_bringup) by extension 'colcon_meta'
[0.203s] Level 1:colcon.colcon_core.package_identification:_identify(src/amr_bringup) by extensions ['ros']
[0.203s] Level 1:colcon.colcon_core.package_identification:_identify(src/amr_bringup) by extension 'ros'
[0.205s] DEBUG:colcon.colcon_core.package_identification:Package 'src/amr_bringup' with type 'ros.ament_python' and name 'amr_bringup'
[0.205s] Level 1:colcon.colcon_core.package_identification:_identify(src/amr_map_tools) by extensions ['ignore', 'ignore_ament_install']
[0.205s] Level 1:colcon.colcon_core.package_identification:_identify(src/amr_map_tools) by extension 'ignore'
[0.205s] Level 1:colcon.colcon_core.package_identification:_identify(src/amr_map_tools) by extension 'ignore_ament_install'
[0.205s] Level 1:colcon.colcon_core.package_identification:_identify(src/amr_map_tools) by extensions ['colcon_pkg']
[0.205s] Level 1:colcon.colcon_core.package_identification:_identify(src/amr_map_tools) by extension 'colcon_pkg'
[0.205s] Level 1:colcon.colcon_core.package_identification:_identify(src/amr_map_tools) by extensions ['colcon_meta']
[0.205s] Level 1:colcon.colcon_core.package_identification:_identify(src/amr_map_tools) by extension 'colcon_meta'
[0.205s] Level 1:colcon.colcon_core.package_identification:_identify(src/amr_map_tools) by extensions ['ros']
[0.205s] Level 1:colcon.colcon_core.package_identification:_identify(src/amr_map_tools) by extension 'ros'
[0.205s] DEBUG:colcon.colcon_core.package_identification:Package 'src/amr_map_tools' with type 'ros.ament_python' and name 'amr_map_tools'
[0.205s] Level 1:colcon.colcon_core.package_identification:_identify(src/amr_navigation) by extensions ['ignore', 'ignore_ament_install']
[0.213s] Level 1:colcon.colcon_core.package_identification:_identify(src/amr_navigation) by extension 'ignore'
[0.213s] Level 1:colcon.colcon_core.package_identification:_identify(src/amr_navigation) by extension 'ignore_ament_install'
[0.213s] Level 1:colcon.colcon_core.package_identification:_identify(src/amr_navigation) by extensions ['colcon_pkg']
[0.213s] Level 1:colcon.colcon_core.package_identification:_identify(src/amr_navigation) by extension 'colcon_pkg'
[0.213s] Level 1:colcon.colcon_core.package_identification:_identify(src/amr_navigation) by extensions ['colcon_meta']
[0.213s] Level 1:colcon.colcon_core.package_identification:_identify(src/amr_navigation) by extension 'colcon_meta'
[0.213s] Level 1:colcon.colcon_core.package_identification:_identify(src/amr_navigation) by extensions ['ros']
[0.213s] Level 1:colcon.colcon_core.package_identification:_identify(src/amr_navigation) by extension 'ros'
[0.214s] DEBUG:colcon.colcon_core.package_identification:Package 'src/amr_navigation' with type 'ros.ament_python' and name 'amr_navigation'
[0.214s] Level 1:colcon.colcon_core.package_identification:_identify(src/apriltag_gazebo_demo) by extensions ['ignore', 'ignore_ament_install']
[0.214s] Level 1:colcon.colcon_core.package_identification:_identify(src/apriltag_gazebo_demo) by extension 'ignore'
[0.214s] Level 1:colcon.colcon_core.package_identification:_identify(src/apriltag_gazebo_demo) by extension 'ignore_ament_install'
[0.214s] Level 1:colcon.colcon_core.package_identification:_identify(src/apriltag_gazebo_demo) by extensions ['colcon_pkg']
[0.214s] Level 1:colcon.colcon_core.package_identification:_identify(src/apriltag_gazebo_demo) by extension 'colcon_pkg'
[0.214s] Level 1:colcon.colcon_core.package_identification:_identify(src/apriltag_gazebo_demo) by extensions ['colcon_meta']
[0.214s] Level 1:colcon.colcon_core.package_identification:_identify(src/apriltag_gazebo_demo) by extension 'colcon_meta'
[0.214s] Level 1:colcon.colcon_core.package_identification:_identify(src/apriltag_gazebo_demo) by extensions ['ros']
[0.214s] Level 1:colcon.colcon_core.package_identification:_identify(src/apriltag_gazebo_demo) by extension 'ros'
[0.215s] DEBUG:colcon.colcon_core.package_identification:Package 'src/apriltag_gazebo_demo' with type 'ros.ament_cmake' and name 'apriltag_gazebo_demo'
[0.215s] Level 1:colcon.colcon_core.package_identification:_identify(src/ekf_slam) by extensions ['ignore', 'ignore_ament_install']
[0.215s] Level 1:colcon.colcon_core.package_identification:_identify(src/ekf_slam) by extension 'ignore'
[0.215s] Level 1:colcon.colcon_core.package_identification:_identify(src/ekf_slam) by extension 'ignore_ament_install'
[0.215s] Level 1:colcon.colcon_core.package_identification:_identify(src/ekf_slam) by extensions ['colcon_pkg']
[0.215s] Level 1:colcon.colcon_core.package_identification:_identify(src/ekf_slam) by extension 'colcon_pkg'
[0.215s] Level 1:colcon.colcon_core.package_identification:_identify(src/ekf_slam) by extensions ['colcon_meta']
[0.215s] Level 1:colcon.colcon_core.package_identification:_identify(src/ekf_slam) by extension 'colcon_meta'
[0.215s] Level 1:colcon.colcon_core.package_identification:_identify(src/ekf_slam) by extensions ['ros']
[0.215s] Level 1:colcon.colcon_core.package_identification:_identify(src/ekf_slam) by extension 'ros'
[0.215s] DEBUG:colcon.colcon_core.package_identification:Package 'src/ekf_slam' with type 'ros.ament_python' and name 'ekf_slam'
[0.215s] Level 1:colcon.colcon_core.package_identification:_identify(src/ekf_slam_ros) by extensions ['ignore', 'ignore_ament_install']
[0.215s] Level 1:colcon.colcon_core.package_identification:_identify(src/ekf_slam_ros) by extension 'ignore'
[0.215s] Level 1:colcon.colcon_core.package_identification:_identify(src/ekf_slam_ros) by extension 'ignore_ament_install'
[0.215s] Level 1:colcon.colcon_core.package_identification:_identify(src/ekf_slam_ros) by extensions ['colcon_pkg']
[0.215s] Level 1:colcon.colcon_core.package_identification:_identify(src/ekf_slam_ros) by extension 'colcon_pkg'
[0.215s] Level 1:colcon.colcon_core.package_identification:_identify(src/ekf_slam_ros) by extensions ['colcon_meta']
[0.215s] Level 1:colcon.colcon_core.package_identification:_identify(src/ekf_slam_ros) by extension 'colcon_meta'
[0.215s] Level 1:colcon.colcon_core.package_identification:_identify(src/ekf_slam_ros) by extensions ['ros']
[0.215s] Level 1:colcon.colcon_core.package_identification:_identify(src/ekf_slam_ros) by extension 'ros'
[0.216s] DEBUG:colcon.colcon_core.package_identification:Package 'src/ekf_slam_ros' with type 'ros.ament_python' and name 'ekf_slam_ros'
[0.216s] Level 1:colcon.colcon_core.package_discovery:discover_packages(recursive) using defaults
[0.216s] Level 1:colcon.colcon_core.package_discovery:discover_packages(ignore) discover
[0.216s] Level 1:colcon.colcon_core.package_discovery:discover_packages(ignore) using defaults
[0.216s] Level 1:colcon.colcon_core.package_discovery:discover_packages(path) discover
[0.216s] Level 1:colcon.colcon_core.package_discovery:discover_packages(path) using defaults
[0.228s] Level 1:colcon.colcon_core.package_discovery:discover_packages(prefix_path) check parameters
[0.228s] Level 1:colcon.colcon_core.package_discovery:discover_packages(prefix_path) discover
[0.229s] DEBUG:colcon.colcon_installed_package_information.package_discovery:Found 6 installed packages in /home/nihal/amr_ws/install
[0.229s] DEBUG:colcon.colcon_installed_package_information.package_discovery:Found 0 installed packages in /home/nihal/ros2_ws/install
[0.230s] DEBUG:colcon.colcon_installed_package_information.package_discovery:Found 468 installed packages in /opt/ros/humble
[0.233s] Level 1:colcon.colcon_core.package_discovery:discover_packages(prefix_path) using defaults
[0.265s] Level 5:colcon.colcon_core.verb:set package 'amr_bringup' build argument 'cmake_args' from command line to 'None'
[0.265s] Level 5:colcon.colcon_core.verb:set package 'amr_bringup' build argument 'cmake_target' from command line to 'None'
[0.265s] Level 5:colcon.colcon_core.verb:set package 'amr_bringup' build argument 'cmake_target_skip_unavailable' from command line to 'False'
[0.265s] Level 5:colcon.colcon_core.verb:set package 'amr_bringup' build argument 'cmake_clean_cache' from command line to 'False'
[0.265s] Level 5:colcon.colcon_core.verb:set package 'amr_bringup' build argument 'cmake_clean_first' from command line to 'False'
[0.265s] Level 5:colcon.colcon_core.verb:set package 'amr_bringup' build argument 'cmake_force_configure' from command line to 'False'
[0.265s] Level 5:colcon.colcon_core.verb:set package 'amr_bringup' build argument 'ament_cmake_args' from command line to 'None'
[0.265s] Level 5:colcon.colcon_core.verb:set package 'amr_bringup' build argument 'catkin_cmake_args' from command line to 'None'
[0.265s] Level 5:colcon.colcon_core.verb:set package 'amr_bringup' build argument 'catkin_skip_building_tests' from command line to 'False'
[0.265s] DEBUG:colcon.colcon_core.verb:Building package 'amr_bringup' with the following arguments: {'ament_cmake_args': None, 'build_base': '/home/nihal/amr_ws/build/amr_bringup', 'catkin_cmake_args': None, 'catkin_skip_building_tests': False, 'cmake_args': None, 'cmake_clean_cache': False, 'cmake_clean_first': False, 'cmake_force_configure': False, 'cmake_target': None, 'cmake_target_skip_unavailable': False, 'install_base': '/home/nihal/amr_ws/install/amr_bringup', 'merge_install': False, 'path': '/home/nihal/amr_ws/src/amr_bringup', 'symlink_install': False, 'test_result_base': None}
[0.266s] Level 5:colcon.colcon_core.verb:set package 'amr_map_tools' build argument 'cmake_args' from command line to 'None'
[0.266s] Level 5:colcon.colcon_core.verb:set package 'amr_map_tools' build argument 'cmake_target' from command line to 'None'
[0.266s] Level 5:colcon.colcon_core.verb:set package 'amr_map_tools' build argument 'cmake_target_skip_unavailable' from command line to 'False'
[0.266s] Level 5:colcon.colcon_core.verb:set package 'amr_map_tools' build argument 'cmake_clean_cache' from command line to 'False'
[0.266s] Level 5:colcon.colcon_core.verb:set package 'amr_map_tools' build argument 'cmake_clean_first' from command line to 'False'
[0.266s] Level 5:colcon.colcon_core.verb:set package 'amr_map_tools' build argument 'cmake_force_configure' from command line to 'False'
[0.266s] Level 5:colcon.colcon_core.verb:set package 'amr_map_tools' build argument 'ament_cmake_args' from command line to 'None'
[0.266s] Level 5:colcon.colcon_core.verb:set package 'amr_map_tools' build argument 'catkin_cmake_args' from command line to 'None'
[0.266s] Level 5:colcon.colcon_core.verb:set package 'amr_map_tools' build argument 'catkin_skip_building_tests' from command line to 'False'
[0.266s] DEBUG:colcon.colcon_core.verb:Building package 'amr_map_tools' with the following arguments: {'ament_cmake_args': None, 'build_base': '/home/nihal/amr_ws/build/amr_map_tools', 'catkin_cmake_args': None, 'catkin_skip_building_tests': False, 'cmake_args': None, 'cmake_clean_cache': False, 'cmake_clean_first': False, 'cmake_force_configure': False, 'cmake_target': None, 'cmake_target_skip_unavailable': False, 'install_base': '/home/nihal/amr_ws/install/amr_map_tools', 'merge_install': False, 'path': '/home/nihal/amr_ws/src/amr_map_tools', 'symlink_install': False, 'test_result_base': None}
[0.267s] Level 5:colcon.colcon_core.verb:set package 'amr_navigation' build argument 'cmake_args' from command line to 'None'
[0.267s] Level 5:colcon.colcon_core.verb:set package 'amr_navigation' build argument 'cmake_target' from command line to 'None'
[0.267s] Level 5:colcon.colcon_core.verb:set package 'amr_navigation' build argument 'cmake_target_skip_unavailable' from command line to 'False'
[0.267s] Level 5:colcon.colcon_core.verb:set package 'amr_navigation' build argument 'cmake_clean_cache' from command line to 'False'
[0.267s] Level 5:colcon.colcon_core.verb:set package 'amr_navigation' build argument 'cmake_clean_first' from command line to 'False'
[0.268s] Level 5:colcon.colcon_core.verb:set package 'amr_navigation' build argument 'cmake_force_configure' from command line to 'False'
[0.268s] Level 5:colcon.colcon_core.verb:set package 'amr_navigation' build argument 'ament_cmake_args' from command line to 'None'
[0.268s] Level 5:colcon.colcon_core.verb:set package 'amr_navigation' build argument 'catkin_cmake_args' from command line to 'None'
[0.268s] Level 5:colcon.colcon_core.verb:set package 'amr_navigation' build argument 'catkin_skip_building_tests' from command line to 'False'
[0.268s] DEBUG:colcon.colcon_core.verb:Building package 'amr_navigation' with the following arguments: {'ament_cmake_args': None, 'build_base': '/home/nihal/amr_ws/build/amr_navigation', 'catkin_cmake_args': None, 'catkin_skip_building_tests': False, 'cmake_args': None, 'cmake_clean_cache': False, 'cmake_clean_first': False, 'cmake_force_configure': False, 'cmake_target': None, 'cmake_target_skip_unavailable': False, 'install_base': '/home/nihal/amr_ws/install/amr_navigation', 'merge_install': False, 'path': '/home/nihal/amr_ws/src/amr_navigation', 'symlink_install': False, 'test_result_base': None}
[0.268s] Level 5:colcon.colcon_core.verb:set package 'apriltag_gazebo_demo' build argument 'cmake_args' from command line to 'None'
[0.268s] Level 5:colcon.colcon_core.verb:set package 'apriltag_gazebo_demo' build argument 'cmake_target' from command line to 'None'
[0.268s] Level 5:colcon.colcon_core.verb:set package 'apriltag_gazebo_demo' build argument 'cmake_target_skip_unavailable' from command line to 'False'
[0.268s] Level 5:colcon.colcon_core.verb:set package 'apriltag_gazebo_demo' build argument 'cmake_clean_cache' from command line to 'False'
[0.268s] Level 5:colcon.colcon_core.verb:set package 'apriltag_gazebo_demo' build argument 'cmake_clean_first' from command line to 'False'
[0.268s] Level 5:colcon.colcon_core.verb:set package 'apriltag_gazebo_demo' build argument 'cmake_force_configure' from command line to 'False'
[0.268s] Level 5:colcon.colcon_core.verb:set package 'apriltag_gazebo_demo' build argument 'ament_cmake_args' from command line to 'None'
[0.268s] Level 5:colcon.colcon_core.verb:set package 'apriltag_gazebo_demo' build argument 'catkin_cmake_args' from command line to 'None'
[0.268s] Level 5:colcon.colcon_core.verb:set package 'apriltag_gazebo_demo' build argument 'catkin_skip_building_tests' from command line to 'False'
[0.268s] DEBUG:colcon.colcon_core.verb:Building package 'apriltag_gazebo_demo' with the following arguments: {'ament_cmake_args': None, 'build_base': '/home/nihal/amr_ws/build/apriltag_gazebo_demo', 'catkin_cmake_args': None, 'catkin_skip_building_tests': False, 'cmake_args': None, 'cmake_clean_cache': False, 'cmake_clean_first': False, 'cmake_force_configure': False, 'cmake_target': None, 'cmake_target_skip_unavailable': False, 'install_base': '/home/nihal/amr_ws/install/apriltag_gazebo_demo', 'merge_install': False, 'path': '/home/nihal/amr_ws/src/apriltag_gazebo_demo', 'symlink_install': False, 'test_result_base': None}
[0.268s] Level 5:colcon.colcon_core.verb:set package 'ekf_slam' build argument 'cmake_args' from command line to 'None'
[0.268s] Level 5:colcon.colcon_core.verb:set package 'ekf_slam' build argument 'cmake_target' from command line to 'None'
[0.268s] Level 5:colcon.colcon_core.verb:set package 'ekf_slam' build argument 'cmake_target_skip_unavailable' from command line to 'False'
[0.268s] Level 5:colcon.colcon_core.verb:set package 'ekf_slam' build argument 'cmake_clean_cache' from command line to 'False'
[0.268s] Level 5:colcon.colcon_core.verb:set package 'ekf_slam' build argument 'cmake_clean_first' from command line to 'False'
[0.268s] Level 5:colcon.colcon_core.verb:set package 'ekf_slam' build argument 'cmake_force_configure' from command line to 'False'
[0.268s] Level 5:colcon.colcon_core.verb:set package 'ekf_slam' build argument 'ament_cmake_args' from command line to 'None'
[0.268s] Level 5:colcon.colcon_core.verb:set package 'ekf_slam' build argument 'catkin_cmake_args' from command line to 'None'
[0.268s] Level 5:colcon.colcon_core.verb:set package 'ekf_slam' build argument 'catkin_skip_building_tests' from command line to 'False'
[0.268s] DEBUG:colcon.colcon_core.verb:Building package 'ekf_slam' with the following arguments: {'ament_cmake_args': None, 'build_base': '/home/nihal/amr_ws/build/ekf_slam', 'catkin_cmake_args': None, 'catkin_skip_building_tests': False, 'cmake_args': None, 'cmake_clean_cache': False, 'cmake_clean_first': False, 'cmake_force_configure': False, 'cmake_target': None, 'cmake_target_skip_unavailable': False, 'install_base': '/home/nihal/amr_ws/install/ekf_slam', 'merge_install': False, 'path': '/home/nihal/amr_ws/src/ekf_slam', 'symlink_install': False, 'test_result_base': None}
[0.268s] Level 5:colcon.colcon_core.verb:set package 'ekf_slam_ros' build argument 'cmake_args' from command line to 'None'
[0.268s] Level 5:colcon.colcon_core.verb:set package 'ekf_slam_ros' build argument 'cmake_target' from command line to 'None'
[0.268s] Level 5:colcon.colcon_core.verb:set package 'ekf_slam_ros' build argument 'cmake_target_skip_unavailable' from command line to 'False'
[0.268s] Level 5:colcon.colcon_core.verb:set package 'ekf_slam_ros' build argument 'cmake_clean_cache' from command line to 'False'
[0.268s] Level 5:colcon.colcon_core.verb:set package 'ekf_slam_ros' build argument 'cmake_clean_first' from command line to 'False'
[0.268s] Level 5:colcon.colcon_core.verb:set package 'ekf_slam_ros' build argument 'cmake_force_configure' from command line to 'False'
[0.268s] Level 5:colcon.colcon_core.verb:set package 'ekf_slam_ros' build argument 'ament_cmake_args' from command line to 'None'
[0.268s] Level 5:colcon.colcon_core.verb:set package 'ekf_slam_ros' build argument 'catkin_cmake_args' from command line to 'None'
[0.268s] Level 5:colcon.colcon_core.verb:set package 'ekf_slam_ros' build argument 'catkin_skip_building_tests' from command line to 'False'
[0.269s] DEBUG:colcon.colcon_core.verb:Building package 'ekf_slam_ros' with the following arguments: {'ament_cmake_args': None, 'build_base': '/home/nihal/amr_ws/build/ekf_slam_ros', 'catkin_cmake_args': None, 'catkin_skip_building_tests': False, 'cmake_args': None, 'cmake_clean_cache': False, 'cmake_clean_first': False, 'cmake_force_configure': False, 'cmake_target': None, 'cmake_target_skip_unavailable': False, 'install_base': '/home/nihal/amr_ws/install/ekf_slam_ros', 'merge_install': False, 'path': '/home/nihal/amr_ws/src/ekf_slam_ros', 'symlink_install': False, 'test_result_base': None}
[0.269s] INFO:colcon.colcon_core.executor:Executing jobs using 'parallel' executor
[0.270s] DEBUG:colcon.colcon_parallel_executor.executor.parallel:run_until_complete
[0.270s] INFO:colcon.colcon_ros.task.ament_python.build:Building ROS package in '/home/nihal/amr_ws/src/ekf_slam' with build type 'ament_python'
[0.270s] Level 1:colcon.colcon_core.shell:create_environment_hook('ekf_slam', 'ament_prefix_path')
[0.272s] INFO:colcon.colcon_core.plugin_system:Skipping extension 'colcon_core.shell.bat': Not used on non-Windows systems
[0.272s] INFO:colcon.colcon_core.shell:Creating environment hook '/home/nihal/amr_ws/install/ekf_slam/share/ekf_slam/hook/ament_prefix_path.ps1'
[0.273s] INFO:colcon.colcon_core.shell:Creating environment descriptor '/home/nihal/amr_ws/install/ekf_slam/share/ekf_slam/hook/ament_prefix_path.dsv'
[0.273s] INFO:colcon.colcon_core.shell:Creating environment hook '/home/nihal/amr_ws/install/ekf_slam/share/ekf_slam/hook/ament_prefix_path.sh'
[0.274s] INFO:colcon.colcon_core.shell:Skip shell extension 'powershell' for command environment: Not usable outside of PowerShell
[0.274s] DEBUG:colcon.colcon_core.shell:Skip shell extension 'dsv' for command environment
[0.277s] INFO:colcon.colcon_ros.task.ament_python.build:Building ROS package in '/home/nihal/amr_ws/src/amr_bringup' with build type 'ament_python'
[0.277s] Level 1:colcon.colcon_core.shell:create_environment_hook('amr_bringup', 'ament_prefix_path')
[0.277s] INFO:colcon.colcon_core.shell:Creating environment hook '/home/nihal/amr_ws/install/amr_bringup/share/amr_bringup/hook/ament_prefix_path.ps1'
[0.278s] INFO:colcon.colcon_core.shell:Creating environment descriptor '/home/nihal/amr_ws/install/amr_bringup/share/amr_bringup/hook/ament_prefix_path.dsv'
[0.280s] INFO:colcon.colcon_core.shell:Creating environment hook '/home/nihal/amr_ws/install/amr_bringup/share/amr_bringup/hook/ament_prefix_path.sh'
[0.285s] INFO:colcon.colcon_core.shell:Skip shell extension 'powershell' for command environment: Not usable outside of PowerShell
[0.285s] DEBUG:colcon.colcon_core.shell:Skip shell extension 'dsv' for command environment
[0.296s] INFO:colcon.colcon_ros.task.ament_python.build:Building ROS package in '/home/nihal/amr_ws/src/amr_map_tools' with build type 'ament_python'
[0.296s] Level 1:colcon.colcon_core.shell:create_environment_hook('amr_map_tools', 'ament_prefix_path')
[0.296s] INFO:colcon.colcon_core.shell:Creating environment hook '/home/nihal/amr_ws/install/amr_map_tools/share/amr_map_tools/hook/ament_prefix_path.ps1'
[0.297s] INFO:colcon.colcon_core.shell:Creating environment descriptor '/home/nihal/amr_ws/install/amr_map_tools/share/amr_map_tools/hook/ament_prefix_path.dsv'
[0.298s] INFO:colcon.colcon_core.shell:Creating environment hook '/home/nihal/amr_ws/install/amr_map_tools/share/amr_map_tools/hook/ament_prefix_path.sh'
[0.299s] INFO:colcon.colcon_core.shell:Skip shell extension 'powershell' for command environment: Not usable outside of PowerShell
[0.299s] DEBUG:colcon.colcon_core.shell:Skip shell extension 'dsv' for command environment
[0.307s] INFO:colcon.colcon_ros.task.ament_python.build:Building ROS package in '/home/nihal/amr_ws/src/amr_navigation' with build type 'ament_python'
[0.307s] Level 1:colcon.colcon_core.shell:create_environment_hook('amr_navigation', 'ament_prefix_path')
[0.307s] INFO:colcon.colcon_core.shell:Creating environment hook '/home/nihal/amr_ws/install/amr_navigation/share/amr_navigation/hook/ament_prefix_path.ps1'
[0.308s] INFO:colcon.colcon_core.shell:Creating environment descriptor '/home/nihal/amr_ws/install/amr_navigation/share/amr_navigation/hook/ament_prefix_path.dsv'
[0.310s] INFO:colcon.colcon_core.shell:Creating environment hook '/home/nihal/amr_ws/install/amr_navigation/share/amr_navigation/hook/ament_prefix_path.sh'
[0.310s] INFO:colcon.colcon_core.shell:Skip shell extension 'powershell' for command environment: Not usable outside of PowerShell
[0.310s] DEBUG:colcon.colcon_core.shell:Skip shell extension 'dsv' for command environment
[0.314s] INFO:colcon.colcon_ros.task.ament_cmake.build:Building ROS package in '/home/nihal/amr_ws/src/apriltag_gazebo_demo' with build type 'ament_cmake'
[0.314s] INFO:colcon.colcon_cmake.task.cmake.build:Building CMake package in '/home/nihal/amr_ws/src/apriltag_gazebo_demo'
[0.314s] INFO:colcon.colcon_core.shell:Skip shell extension 'powershell' for command environment: Not usable outside of PowerShell
[0.314s] DEBUG:colcon.colcon_core.shell:Skip shell extension 'dsv' for command environment
[0.493s] INFO:colcon.colcon_core.task.python.build:Building Python package in '/home/nihal/amr_ws/src/ekf_slam'
[0.493s] INFO:colcon.colcon_core.shell:Skip shell extension 'powershell' for command environment: Not usable outside of PowerShell
[0.494s] DEBUG:colcon.colcon_core.shell:Skip shell extension 'dsv' for command environment
[0.670s] INFO:colcon.colcon_core.task.python.build:Building Python package in '/home/nihal/amr_ws/src/amr_bringup'
[0.670s] INFO:colcon.colcon_core.shell:Skip shell extension 'powershell' for command environment: Not usable outside of PowerShell
[0.670s] DEBUG:colcon.colcon_core.shell:Skip shell extension 'dsv' for command environment
[0.838s] INFO:colcon.colcon_core.task.python.build:Building Python package in '/home/nihal/amr_ws/src/amr_map_tools'
[0.839s] INFO:colcon.colcon_core.shell:Skip shell extension 'powershell' for command environment: Not usable outside of PowerShell
[0.839s] DEBUG:colcon.colcon_core.shell:Skip shell extension 'dsv' for command environment
[1.004s] INFO:colcon.colcon_core.task.python.build:Building Python package in '/home/nihal/amr_ws/src/amr_navigation'
[1.004s] INFO:colcon.colcon_core.shell:Skip shell extension 'powershell' for command environment: Not usable outside of PowerShell
[1.004s] DEBUG:colcon.colcon_core.shell:Skip shell extension 'dsv' for command environment
[1.018s] DEBUG:colcon.colcon_core.event_handler.log_command:Invoking command in '/home/nihal/amr_ws/build/apriltag_gazebo_demo': CMAKE_PREFIX_PATH=${CMAKE_PREFIX_PATH}:/home/nihal/amr_ws/install/ekf_slam_ros:/home/nihal/amr_ws/install/ekf_slam:/home/nihal/amr_ws/install/amr_navigation:/home/nihal/amr_ws/install/amr_map_tools:/home/nihal/amr_ws/install/amr_bringup:/opt/ros/humble /usr/bin/cmake --build /home/nihal/amr_ws/build/apriltag_gazebo_demo -- -j10 -l10
[1.063s] DEBUG:colcon.colcon_core.event_handler.log_command:Invoked command in '/home/nihal/amr_ws/build/apriltag_gazebo_demo' returned '0': CMAKE_PREFIX_PATH=${CMAKE_PREFIX_PATH}:/home/nihal/amr_ws/install/ekf_slam_ros:/home/nihal/amr_ws/install/ekf_slam:/home/nihal/amr_ws/install/amr_navigation:/home/nihal/amr_ws/install/amr_map_tools:/home/nihal/amr_ws/install/amr_bringup:/opt/ros/humble /usr/bin/cmake --build /home/nihal/amr_ws/build/apriltag_gazebo_demo -- -j10 -l10
[1.073s] DEBUG:colcon.colcon_core.event_handler.log_command:Invoking command in '/home/nihal/amr_ws/build/apriltag_gazebo_demo': CMAKE_PREFIX_PATH=${CMAKE_PREFIX_PATH}:/home/nihal/amr_ws/install/ekf_slam_ros:/home/nihal/amr_ws/install/ekf_slam:/home/nihal/amr_ws/install/amr_navigation:/home/nihal/amr_ws/install/amr_map_tools:/home/nihal/amr_ws/install/amr_bringup:/opt/ros/humble /usr/bin/cmake --install /home/nihal/amr_ws/build/apriltag_gazebo_demo
[1.091s] Level 1:colcon.colcon_core.environment:create_environment_scripts_only(apriltag_gazebo_demo)
[1.092s] DEBUG:colcon.colcon_core.event_handler.log_command:Invoked command in '/home/nihal/amr_ws/build/apriltag_gazebo_demo' returned '0': CMAKE_PREFIX_PATH=${CMAKE_PREFIX_PATH}:/home/nihal/amr_ws/install/ekf_slam_ros:/home/nihal/amr_ws/install/ekf_slam:/home/nihal/amr_ws/install/amr_navigation:/home/nihal/amr_ws/install/amr_map_tools:/home/nihal/amr_ws/install/amr_bringup:/opt/ros/humble /usr/bin/cmake --install /home/nihal/amr_ws/build/apriltag_gazebo_demo
[1.093s] Level 1:colcon.colcon_core.environment:checking '/home/nihal/amr_ws/install/apriltag_gazebo_demo' for CMake module files
[1.093s] Level 1:colcon.colcon_core.environment:checking '/home/nihal/amr_ws/install/apriltag_gazebo_demo' for CMake config files
[1.093s] Level 1:colcon.colcon_core.shell:create_environment_hook('apriltag_gazebo_demo', 'cmake_prefix_path')
[1.093s] INFO:colcon.colcon_core.shell:Creating environment hook '/home/nihal/amr_ws/install/apriltag_gazebo_demo/share/apriltag_gazebo_demo/hook/cmake_prefix_path.ps1'
[1.094s] INFO:colcon.colcon_core.shell:Creating environment descriptor '/home/nihal/amr_ws/install/apriltag_gazebo_demo/share/apriltag_gazebo_demo/hook/cmake_prefix_path.dsv'
[1.094s] INFO:colcon.colcon_core.shell:Creating environment hook '/home/nihal/amr_ws/install/apriltag_gazebo_demo/share/apriltag_gazebo_demo/hook/cmake_prefix_path.sh'
[1.095s] Level 1:colcon.colcon_core.environment:checking '/home/nihal/amr_ws/install/apriltag_gazebo_demo/bin'
[1.095s] Level 1:colcon.colcon_core.environment:checking '/home/nihal/amr_ws/install/apriltag_gazebo_demo/lib/pkgconfig/apriltag_gazebo_demo.pc'
[1.095s] Level 1:colcon.colcon_core.environment:checking '/home/nihal/amr_ws/install/apriltag_gazebo_demo/lib/python3.10/site-packages'
[1.095s] Level 1:colcon.colcon_core.environment:checking '/home/nihal/amr_ws/install/apriltag_gazebo_demo/bin'
[1.095s] INFO:colcon.colcon_core.shell:Creating package script '/home/nihal/amr_ws/install/apriltag_gazebo_demo/share/apriltag_gazebo_demo/package.ps1'
[1.096s] INFO:colcon.colcon_core.shell:Creating package descriptor '/home/nihal/amr_ws/install/apriltag_gazebo_demo/share/apriltag_gazebo_demo/package.dsv'
[1.096s] INFO:colcon.colcon_core.shell:Creating package script '/home/nihal/amr_ws/install/apriltag_gazebo_demo/share/apriltag_gazebo_demo/package.sh'
[1.097s] INFO:colcon.colcon_core.shell:Creating package script '/home/nihal/amr_ws/install/apriltag_gazebo_demo/share/apriltag_gazebo_demo/package.bash'
[1.097s] INFO:colcon.colcon_core.shell:Creating package script '/home/nihal/amr_ws/install/apriltag_gazebo_demo/share/apriltag_gazebo_demo/package.zsh'
[1.098s] Level 1:colcon.colcon_core.environment:create_file_with_runtime_dependencies(/home/nihal/amr_ws/install/apriltag_gazebo_demo/share/colcon-core/packages/apriltag_gazebo_demo)
[1.098s] Level 1:colcon.colcon_core.environment:create_environment_scripts_only(apriltag_gazebo_demo)
[1.098s] Level 1:colcon.colcon_core.environment:checking '/home/nihal/amr_ws/install/apriltag_gazebo_demo' for CMake module files
[1.098s] Level 1:colcon.colcon_core.environment:checking '/home/nihal/amr_ws/install/apriltag_gazebo_demo' for CMake config files
[1.098s] Level 1:colcon.colcon_core.shell:create_environment_hook('apriltag_gazebo_demo', 'cmake_prefix_path')
[1.099s] INFO:colcon.colcon_core.shell:Creating environment hook '/home/nihal/amr_ws/install/apriltag_gazebo_demo/share/apriltag_gazebo_demo/hook/cmake_prefix_path.ps1'
[1.099s] INFO:colcon.colcon_core.shell:Creating environment descriptor '/home/nihal/amr_ws/install/apriltag_gazebo_demo/share/apriltag_gazebo_demo/hook/cmake_prefix_path.dsv'
[1.099s] INFO:colcon.colcon_core.shell:Creating environment hook '/home/nihal/amr_ws/install/apriltag_gazebo_demo/share/apriltag_gazebo_demo/hook/cmake_prefix_path.sh'
[1.100s] Level 1:colcon.colcon_core.environment:checking '/home/nihal/amr_ws/install/apriltag_gazebo_demo/bin'
[1.100s] Level 1:colcon.colcon_core.environment:checking '/home/nihal/amr_ws/install/apriltag_gazebo_demo/lib/pkgconfig/apriltag_gazebo_demo.pc'
[1.100s] Level 1:colcon.colcon_core.environment:checking '/home/nihal/amr_ws/install/apriltag_gazebo_demo/lib/python3.10/site-packages'
[1.100s] Level 1:colcon.colcon_core.environment:checking '/home/nihal/amr_ws/install/apriltag_gazebo_demo/bin'
[1.100s] INFO:colcon.colcon_core.shell:Creating package script '/home/nihal/amr_ws/install/apriltag_gazebo_demo/share/apriltag_gazebo_demo/package.ps1'
[1.100s] INFO:colcon.colcon_core.shell:Creating package descriptor '/home/nihal/amr_ws/install/apriltag_gazebo_demo/share/apriltag_gazebo_demo/package.dsv'
[1.101s] INFO:colcon.colcon_core.shell:Creating package script '/home/nihal/amr_ws/install/apriltag_gazebo_demo/share/apriltag_gazebo_demo/package.sh'
[1.101s] INFO:colcon.colcon_core.shell:Creating package script '/home/nihal/amr_ws/install/apriltag_gazebo_demo/share/apriltag_gazebo_demo/package.bash'
[1.102s] INFO:colcon.colcon_core.shell:Creating package script '/home/nihal/amr_ws/install/apriltag_gazebo_demo/share/apriltag_gazebo_demo/package.zsh'
[1.102s] Level 1:colcon.colcon_core.environment:create_file_with_runtime_dependencies(/home/nihal/amr_ws/install/apriltag_gazebo_demo/share/colcon-core/packages/apriltag_gazebo_demo)
[1.279s] DEBUG:colcon.colcon_core.event_handler.log_command:Invoking command in '/home/nihal/amr_ws/src/ekf_slam': PYTHONPATH=/home/nihal/amr_ws/build/ekf_slam/prefix_override:/usr/lib/python3/dist-packages/colcon_core/task/python/colcon_distutils_commands:/home/nihal/amr_ws/install/ekf_slam/lib/python3.10/site-packages:${PYTHONPATH} /usr/bin/python3 -W ignore:setup.py install is deprecated -W ignore:easy_install command is deprecated setup.py egg_info --egg-base ../../build/ekf_slam build --build-base /home/nihal/amr_ws/build/ekf_slam/build install --record /home/nihal/amr_ws/build/ekf_slam/install.log --single-version-externally-managed install_data
[1.290s] DEBUG:colcon.colcon_core.event_handler.log_command:Invoking command in '/home/nihal/amr_ws/src/amr_navigation': PYTHONPATH=/home/nihal/amr_ws/build/amr_navigation/prefix_override:/usr/lib/python3/dist-packages/colcon_core/task/python/colcon_distutils_commands:/home/nihal/amr_ws/install/amr_navigation/lib/python3.10/site-packages:${PYTHONPATH} /usr/bin/python3 -W ignore:setup.py install is deprecated -W ignore:easy_install command is deprecated setup.py egg_info --egg-base ../../build/amr_navigation build --build-base /home/nihal/amr_ws/build/amr_navigation/build install --record /home/nihal/amr_ws/build/amr_navigation/install.log --single-version-externally-managed install_data
[1.293s] DEBUG:colcon.colcon_core.event_handler.log_command:Invoking command in '/home/nihal/amr_ws/src/amr_map_tools': PYTHONPATH=/home/nihal/amr_ws/build/amr_map_tools/prefix_override:/usr/lib/python3/dist-packages/colcon_core/task/python/colcon_distutils_commands:/home/nihal/amr_ws/install/amr_map_tools/lib/python3.10/site-packages:${PYTHONPATH} /usr/bin/python3 -W ignore:setup.py install is deprecated -W ignore:easy_install command is deprecated setup.py egg_info --egg-base ../../build/amr_map_tools build --build-base /home/nihal/amr_ws/build/amr_map_tools/build install --record /home/nihal/amr_ws/build/amr_map_tools/install.log --single-version-externally-managed install_data
[1.302s] DEBUG:colcon.colcon_core.event_handler.log_command:Invoking command in '/home/nihal/amr_ws/src/amr_bringup': PYTHONPATH=/home/nihal/amr_ws/build/amr_bringup/prefix_override:/usr/lib/python3/dist-packages/colcon_core/task/python/colcon_distutils_commands:/home/nihal/amr_ws/install/amr_bringup/lib/python3.10/site-packages:${PYTHONPATH} /usr/bin/python3 -W ignore:setup.py install is deprecated -W ignore:easy_install command is deprecated setup.py egg_info --egg-base ../../build/amr_bringup build --build-base /home/nihal/amr_ws/build/amr_bringup/build install --record /home/nihal/amr_ws/build/amr_bringup/install.log --single-version-externally-managed install_data
[1.493s] Level 1:colcon.colcon_core.environment:checking '/home/nihal/amr_ws/install/ekf_slam' for CMake module files
[1.493s] DEBUG:colcon.colcon_core.event_handler.log_command:Invoked command in '/home/nihal/amr_ws/src/ekf_slam' returned '0': PYTHONPATH=/home/nihal/amr_ws/build/ekf_slam/prefix_override:/usr/lib/python3/dist-packages/colcon_core/task/python/colcon_distutils_commands:/home/nihal/amr_ws/install/ekf_slam/lib/python3.10/site-packages:${PYTHONPATH} /usr/bin/python3 -W ignore:setup.py install is deprecated -W ignore:easy_install command is deprecated setup.py egg_info --egg-base ../../build/ekf_slam build --build-base /home/nihal/amr_ws/build/ekf_slam/build install --record /home/nihal/amr_ws/build/ekf_slam/install.log --single-version-externally-managed install_data
[1.494s] Level 1:colcon.colcon_core.environment:checking '/home/nihal/amr_ws/install/ekf_slam' for CMake config files
[1.494s] Level 1:colcon.colcon_core.environment:checking '/home/nihal/amr_ws/install/ekf_slam/lib'
[1.494s] Level 1:colcon.colcon_core.environment:checking '/home/nihal/amr_ws/install/ekf_slam/bin'
[1.494s] Level 1:colcon.colcon_core.environment:checking '/home/nihal/amr_ws/install/ekf_slam/lib/pkgconfig/ekf_slam.pc'
[1.495s] Level 1:colcon.colcon_core.environment:checking '/home/nihal/amr_ws/install/ekf_slam/lib/python3.10/site-packages'
[1.495s] Level 1:colcon.colcon_core.shell:create_environment_hook('ekf_slam', 'pythonpath')
[1.495s] INFO:colcon.colcon_core.shell:Creating environment hook '/home/nihal/amr_ws/install/ekf_slam/share/ekf_slam/hook/pythonpath.ps1'
[1.495s] INFO:colcon.colcon_core.shell:Creating environment descriptor '/home/nihal/amr_ws/install/ekf_slam/share/ekf_slam/hook/pythonpath.dsv'
[1.496s] INFO:colcon.colcon_core.shell:Creating environment hook '/home/nihal/amr_ws/install/ekf_slam/share/ekf_slam/hook/pythonpath.sh'
[1.497s] Level 1:colcon.colcon_core.environment:checking '/home/nihal/amr_ws/install/ekf_slam/bin'
[1.497s] Level 1:colcon.colcon_core.environment:create_environment_scripts_only(ekf_slam)
[1.497s] INFO:colcon.colcon_core.shell:Creating package script '/home/nihal/amr_ws/install/ekf_slam/share/ekf_slam/package.ps1'
[1.497s] INFO:colcon.colcon_core.shell:Creating package descriptor '/home/nihal/amr_ws/install/ekf_slam/share/ekf_slam/package.dsv'
[1.498s] INFO:colcon.colcon_core.shell:Creating package script '/home/nihal/amr_ws/install/ekf_slam/share/ekf_slam/package.sh'
[1.498s] INFO:colcon.colcon_core.shell:Creating package script '/home/nihal/amr_ws/install/ekf_slam/share/ekf_slam/package.bash'
[1.498s] INFO:colcon.colcon_core.shell:Creating package script '/home/nihal/amr_ws/install/ekf_slam/share/ekf_slam/package.zsh'
[1.499s] Level 1:colcon.colcon_core.environment:create_file_with_runtime_dependencies(/home/nihal/amr_ws/install/ekf_slam/share/colcon-core/packages/ekf_slam)
[1.499s] INFO:colcon.colcon_ros.task.ament_python.build:Building ROS package in '/home/nihal/amr_ws/src/ekf_slam_ros' with build type 'ament_python'
[1.499s] Level 1:colcon.colcon_core.shell:create_environment_hook('ekf_slam_ros', 'ament_prefix_path')
[1.499s] INFO:colcon.colcon_core.shell:Creating environment hook '/home/nihal/amr_ws/install/ekf_slam_ros/share/ekf_slam_ros/hook/ament_prefix_path.ps1'
[1.502s] INFO:colcon.colcon_core.shell:Creating environment descriptor '/home/nihal/amr_ws/install/ekf_slam_ros/share/ekf_slam_ros/hook/ament_prefix_path.dsv'
[1.507s] INFO:colcon.colcon_core.shell:Creating environment hook '/home/nihal/amr_ws/install/ekf_slam_ros/share/ekf_slam_ros/hook/ament_prefix_path.sh'
[1.508s] INFO:colcon.colcon_core.shell:Skip shell extension 'powershell' for command environment: Not usable outside of PowerShell
[1.508s] DEBUG:colcon.colcon_core.shell:Skip shell extension 'dsv' for command environment
[1.515s] Level 1:colcon.colcon_core.environment:checking '/home/nihal/amr_ws/install/amr_map_tools' for CMake module files
[1.520s] DEBUG:colcon.colcon_core.event_handler.log_command:Invoked command in '/home/nihal/amr_ws/src/amr_map_tools' returned '0': PYTHONPATH=/home/nihal/amr_ws/build/amr_map_tools/prefix_override:/usr/lib/python3/dist-packages/colcon_core/task/python/colcon_distutils_commands:/home/nihal/amr_ws/install/amr_map_tools/lib/python3.10/site-packages:${PYTHONPATH} /usr/bin/python3 -W ignore:setup.py install is deprecated -W ignore:easy_install command is deprecated setup.py egg_info --egg-base ../../build/amr_map_tools build --build-base /home/nihal/amr_ws/build/amr_map_tools/build install --record /home/nihal/amr_ws/build/amr_map_tools/install.log --single-version-externally-managed install_data
[1.526s] Level 1:colcon.colcon_core.environment:checking '/home/nihal/amr_ws/install/amr_map_tools' for CMake config files
[1.526s] Level 1:colcon.colcon_core.environment:checking '/home/nihal/amr_ws/install/amr_map_tools/lib'
[1.526s] Level 1:colcon.colcon_core.environment:checking '/home/nihal/amr_ws/install/amr_map_tools/bin'
[1.526s] Level 1:colcon.colcon_core.environment:checking '/home/nihal/amr_ws/install/amr_map_tools/lib/pkgconfig/amr_map_tools.pc'
[1.526s] Level 1:colcon.colcon_core.environment:checking '/home/nihal/amr_ws/install/amr_map_tools/lib/python3.10/site-packages'
[1.527s] Level 1:colcon.colcon_core.shell:create_environment_hook('amr_map_tools', 'pythonpath')
[1.527s] INFO:colcon.colcon_core.shell:Creating environment hook '/home/nihal/amr_ws/install/amr_map_tools/share/amr_map_tools/hook/pythonpath.ps1'
[1.530s] INFO:colcon.colcon_core.shell:Creating environment descriptor '/home/nihal/amr_ws/install/amr_map_tools/share/amr_map_tools/hook/pythonpath.dsv'
[1.530s] INFO:colcon.colcon_core.shell:Creating environment hook '/home/nihal/amr_ws/install/amr_map_tools/share/amr_map_tools/hook/pythonpath.sh'
[1.531s] Level 1:colcon.colcon_core.environment:checking '/home/nihal/amr_ws/install/amr_map_tools/bin'
[1.531s] Level 1:colcon.colcon_core.environment:create_environment_scripts_only(amr_map_tools)
[1.531s] INFO:colcon.colcon_core.shell:Creating package script '/home/nihal/amr_ws/install/amr_map_tools/share/amr_map_tools/package.ps1'
[1.533s] INFO:colcon.colcon_core.shell:Creating package descriptor '/home/nihal/amr_ws/install/amr_map_tools/share/amr_map_tools/package.dsv'
[1.533s] INFO:colcon.colcon_core.shell:Creating package script '/home/nihal/amr_ws/install/amr_map_tools/share/amr_map_tools/package.sh'
[1.534s] INFO:colcon.colcon_core.shell:Creating package script '/home/nihal/amr_ws/install/amr_map_tools/share/amr_map_tools/package.bash'
[1.535s] INFO:colcon.colcon_core.shell:Creating package script '/home/nihal/amr_ws/install/amr_map_tools/share/amr_map_tools/package.zsh'
[1.535s] Level 1:colcon.colcon_core.environment:create_file_with_runtime_dependencies(/home/nihal/amr_ws/install/amr_map_tools/share/colcon-core/packages/amr_map_tools)
[1.536s] Level 1:colcon.colcon_core.environment:checking '/home/nihal/amr_ws/install/amr_navigation' for CMake module files
[1.537s] Level 1:colcon.colcon_core.environment:checking '/home/nihal/amr_ws/install/amr_navigation' for CMake config files
[1.538s] DEBUG:colcon.colcon_core.event_handler.log_command:Invoked command in '/home/nihal/amr_ws/src/amr_navigation' returned '0': PYTHONPATH=/home/nihal/amr_ws/build/amr_navigation/prefix_override:/usr/lib/python3/dist-packages/colcon_core/task/python/colcon_distutils_commands:/home/nihal/amr_ws/install/amr_navigation/lib/python3.10/site-packages:${PYTHONPATH} /usr/bin/python3 -W ignore:setup.py install is deprecated -W ignore:easy_install command is deprecated setup.py egg_info --egg-base ../../build/amr_navigation build --build-base /home/nihal/amr_ws/build/amr_navigation/build install --record /home/nihal/amr_ws/build/amr_navigation/install.log --single-version-externally-managed install_data
[1.538s] Level 1:colcon.colcon_core.environment:checking '/home/nihal/amr_ws/install/amr_navigation/lib'
[1.538s] Level 1:colcon.colcon_core.environment:checking '/home/nihal/amr_ws/install/amr_navigation/bin'
[1.538s] Level 1:colcon.colcon_core.environment:checking '/home/nihal/amr_ws/install/amr_navigation/lib/pkgconfig/amr_navigation.pc'
[1.538s] Level 1:colcon.colcon_core.environment:checking '/home/nihal/amr_ws/install/amr_navigation/lib/python3.10/site-packages'
[1.539s] Level 1:colcon.colcon_core.shell:create_environment_hook('amr_navigation', 'pythonpath')
[1.539s] INFO:colcon.colcon_core.shell:Creating environment hook '/home/nihal/amr_ws/install/amr_navigation/share/amr_navigation/hook/pythonpath.ps1'
[1.539s] INFO:colcon.colcon_core.shell:Creating environment descriptor '/home/nihal/amr_ws/install/amr_navigation/share/amr_navigation/hook/pythonpath.dsv'
[1.539s] INFO:colcon.colcon_core.shell:Creating environment hook '/home/nihal/amr_ws/install/amr_navigation/share/amr_navigation/hook/pythonpath.sh'
[1.540s] Level 1:colcon.colcon_core.environment:checking '/home/nihal/amr_ws/install/amr_navigation/bin'
[1.540s] Level 1:colcon.colcon_core.environment:create_environment_scripts_only(amr_navigation)
[1.540s] INFO:colcon.colcon_core.shell:Creating package script '/home/nihal/amr_ws/install/amr_navigation/share/amr_navigation/package.ps1'
[1.541s] INFO:colcon.colcon_core.shell:Creating package descriptor '/home/nihal/amr_ws/install/amr_navigation/share/amr_navigation/package.dsv'
[1.542s] INFO:colcon.colcon_core.shell:Creating package script '/home/nihal/amr_ws/install/amr_navigation/share/amr_navigation/package.sh'
[1.542s] INFO:colcon.colcon_core.shell:Creating package script '/home/nihal/amr_ws/install/amr_navigation/share/amr_navigation/package.bash'
[1.542s] INFO:colcon.colcon_core.shell:Creating package script '/home/nihal/amr_ws/install/amr_navigation/share/amr_navigation/package.zsh'
[1.543s] Level 1:colcon.colcon_core.environment:create_file_with_runtime_dependencies(/home/nihal/amr_ws/install/amr_navigation/share/colcon-core/packages/amr_navigation)
[1.543s] Level 1:colcon.colcon_core.environment:checking '/home/nihal/amr_ws/install/amr_bringup' for CMake module files
[1.544s] Level 1:colcon.colcon_core.environment:checking '/home/nihal/amr_ws/install/amr_bringup' for CMake config files
[1.545s] Level 1:colcon.colcon_core.environment:checking '/home/nihal/amr_ws/install/amr_bringup/lib'
[1.545s] Level 1:colcon.colcon_core.environment:checking '/home/nihal/amr_ws/install/amr_bringup/bin'
[1.545s] Level 1:colcon.colcon_core.environment:checking '/home/nihal/amr_ws/install/amr_bringup/lib/pkgconfig/amr_bringup.pc'
[1.545s] DEBUG:colcon.colcon_core.event_handler.log_command:Invoked command in '/home/nihal/amr_ws/src/amr_bringup' returned '0': PYTHONPATH=/home/nihal/amr_ws/build/amr_bringup/prefix_override:/usr/lib/python3/dist-packages/colcon_core/task/python/colcon_distutils_commands:/home/nihal/amr_ws/install/amr_bringup/lib/python3.10/site-packages:${PYTHONPATH} /usr/bin/python3 -W ignore:setup.py install is deprecated -W ignore:easy_install command is deprecated setup.py egg_info --egg-base ../../build/amr_bringup build --build-base /home/nihal/amr_ws/build/amr_bringup/build install --record /home/nihal/amr_ws/build/amr_bringup/install.log --single-version-externally-managed install_data
[1.545s] Level 1:colcon.colcon_core.environment:checking '/home/nihal/amr_ws/install/amr_bringup/lib/python3.10/site-packages'
[1.545s] Level 1:colcon.colcon_core.shell:create_environment_hook('amr_bringup', 'pythonpath')
[1.545s] INFO:colcon.colcon_core.shell:Creating environment hook '/home/nihal/amr_ws/install/amr_bringup/share/amr_bringup/hook/pythonpath.ps1'
[1.546s] INFO:colcon.colcon_core.shell:Creating environment descriptor '/home/nihal/amr_ws/install/amr_bringup/share/amr_bringup/hook/pythonpath.dsv'
[1.546s] INFO:colcon.colcon_core.shell:Creating environment hook '/home/nihal/amr_ws/install/amr_bringup/share/amr_bringup/hook/pythonpath.sh'
[1.547s] Level 1:colcon.colcon_core.environment:checking '/home/nihal/amr_ws/install/amr_bringup/bin'
[1.547s] Level 1:colcon.colcon_core.environment:create_environment_scripts_only(amr_bringup)
[1.547s] INFO:colcon.colcon_core.shell:Creating package script '/home/nihal/amr_ws/install/amr_bringup/share/amr_bringup/package.ps1'
[1.547s] INFO:colcon.colcon_core.shell:Creating package descriptor '/home/nihal/amr_ws/install/amr_bringup/share/amr_bringup/package.dsv'
[1.548s] INFO:colcon.colcon_core.shell:Creating package script '/home/nihal/amr_ws/install/amr_bringup/share/amr_bringup/package.sh'
[1.548s] INFO:colcon.colcon_core.shell:Creating package script '/home/nihal/amr_ws/install/amr_bringup/share/amr_bringup/package.bash'
[1.549s] INFO:colcon.colcon_core.shell:Creating package script '/home/nihal/amr_ws/install/amr_bringup/share/amr_bringup/package.zsh'
[1.549s] Level 1:colcon.colcon_core.environment:create_file_with_runtime_dependencies(/home/nihal/amr_ws/install/amr_bringup/share/colcon-core/packages/amr_bringup)
[1.697s] INFO:colcon.colcon_core.task.python.build:Building Python package in '/home/nihal/amr_ws/src/ekf_slam_ros'
[1.697s] INFO:colcon.colcon_core.shell:Skip shell extension 'powershell' for command environment: Not usable outside of PowerShell
[1.697s] DEBUG:colcon.colcon_core.shell:Skip shell extension 'dsv' for command environment
[1.931s] DEBUG:colcon.colcon_core.event_handler.log_command:Invoking command in '/home/nihal/amr_ws/src/ekf_slam_ros': AMENT_PREFIX_PATH=/home/nihal/amr_ws/install/ekf_slam:/home/nihal/amr_ws/install/ekf_slam_ros:/home/nihal/amr_ws/install/apriltag_gazebo_demo:/home/nihal/amr_ws/install/amr_navigation:/home/nihal/amr_ws/install/amr_map_tools:/home/nihal/amr_ws/install/amr_bringup:/opt/ros/humble PYTHONPATH=/home/nihal/amr_ws/build/ekf_slam_ros/prefix_override:/usr/lib/python3/dist-packages/colcon_core/task/python/colcon_distutils_commands:/home/nihal/amr_ws/install/ekf_slam_ros/lib/python3.10/site-packages:/home/nihal/amr_ws/install/ekf_slam/lib/python3.10/site-packages:/home/nihal/amr_ws/build/ekf_slam_ros:/home/nihal/amr_ws/install/ekf_slam_ros/lib/python3.10/site-packages:/home/nihal/amr_ws/build/ekf_slam:/home/nihal/amr_ws/build/amr_navigation:/home/nihal/amr_ws/install/amr_navigation/lib/python3.10/site-packages:/home/nihal/amr_ws/build/amr_map_tools:/home/nihal/amr_ws/install/amr_map_tools/lib/python3.10/site-packages:/home/nihal/amr_ws/build/amr_bringup:/home/nihal/amr_ws/install/amr_bringup/lib/python3.10/site-packages:/opt/ros/humble/lib/python3.10/site-packages:/opt/ros/humble/local/lib/python3.10/dist-packages /usr/bin/python3 -W ignore:setup.py install is deprecated -W ignore:easy_install command is deprecated setup.py egg_info --egg-base ../../build/ekf_slam_ros build --build-base /home/nihal/amr_ws/build/ekf_slam_ros/build install --record /home/nihal/amr_ws/build/ekf_slam_ros/install.log --single-version-externally-managed install_data
[2.105s] Level 1:colcon.colcon_core.environment:checking '/home/nihal/amr_ws/install/ekf_slam_ros' for CMake module files
[2.106s] DEBUG:colcon.colcon_core.event_handler.log_command:Invoked command in '/home/nihal/amr_ws/src/ekf_slam_ros' returned '0': AMENT_PREFIX_PATH=/home/nihal/amr_ws/install/ekf_slam:/home/nihal/amr_ws/install/ekf_slam_ros:/home/nihal/amr_ws/install/apriltag_gazebo_demo:/home/nihal/amr_ws/install/amr_navigation:/home/nihal/amr_ws/install/amr_map_tools:/home/nihal/amr_ws/install/amr_bringup:/opt/ros/humble PYTHONPATH=/home/nihal/amr_ws/build/ekf_slam_ros/prefix_override:/usr/lib/python3/dist-packages/colcon_core/task/python/colcon_distutils_commands:/home/nihal/amr_ws/install/ekf_slam_ros/lib/python3.10/site-packages:/home/nihal/amr_ws/install/ekf_slam/lib/python3.10/site-packages:/home/nihal/amr_ws/build/ekf_slam_ros:/home/nihal/amr_ws/install/ekf_slam_ros/lib/python3.10/site-packages:/home/nihal/amr_ws/build/ekf_slam:/home/nihal/amr_ws/build/amr_navigation:/home/nihal/amr_ws/install/amr_navigation/lib/python3.10/site-packages:/home/nihal/amr_ws/build/amr_map_tools:/home/nihal/amr_ws/install/amr_map_tools/lib/python3.10/site-packages:/home/nihal/amr_ws/build/amr_bringup:/home/nihal/amr_ws/install/amr_bringup/lib/python3.10/site-packages:/opt/ros/humble/lib/python3.10/site-packages:/opt/ros/humble/local/lib/python3.10/dist-packages /usr/bin/python3 -W ignore:setup.py install is deprecated -W ignore:easy_install command is deprecated setup.py egg_info --egg-base ../../build/ekf_slam_ros build --build-base /home/nihal/amr_ws/build/ekf_slam_ros/build install --record /home/nihal/amr_ws/build/ekf_slam_ros/install.log --single-version-externally-managed install_data
[2.106s] Level 1:colcon.colcon_core.environment:checking '/home/nihal/amr_ws/install/ekf_slam_ros' for CMake config files
[2.107s] Level 1:colcon.colcon_core.environment:checking '/home/nihal/amr_ws/install/ekf_slam_ros/lib'
[2.107s] Level 1:colcon.colcon_core.environment:checking '/home/nihal/amr_ws/install/ekf_slam_ros/bin'
[2.107s] Level 1:colcon.colcon_core.environment:checking '/home/nihal/amr_ws/install/ekf_slam_ros/lib/pkgconfig/ekf_slam_ros.pc'
[2.107s] Level 1:colcon.colcon_core.environment:checking '/home/nihal/amr_ws/install/ekf_slam_ros/lib/python3.10/site-packages'
[2.107s] Level 1:colcon.colcon_core.shell:create_environment_hook('ekf_slam_ros', 'pythonpath')
[2.107s] INFO:colcon.colcon_core.shell:Creating environment hook '/home/nihal/amr_ws/install/ekf_slam_ros/share/ekf_slam_ros/hook/pythonpath.ps1'
[2.108s] INFO:colcon.colcon_core.shell:Creating environment descriptor '/home/nihal/amr_ws/install/ekf_slam_ros/share/ekf_slam_ros/hook/pythonpath.dsv'
[2.108s] INFO:colcon.colcon_core.shell:Creating environment hook '/home/nihal/amr_ws/install/ekf_slam_ros/share/ekf_slam_ros/hook/pythonpath.sh'
[2.109s] Level 1:colcon.colcon_core.environment:checking '/home/nihal/amr_ws/install/ekf_slam_ros/bin'
[2.109s] Level 1:colcon.colcon_core.environment:create_environment_scripts_only(ekf_slam_ros)
[2.109s] INFO:colcon.colcon_core.shell:Creating package script '/home/nihal/amr_ws/install/ekf_slam_ros/share/ekf_slam_ros/package.ps1'
[2.109s] INFO:colcon.colcon_core.shell:Creating package descriptor '/home/nihal/amr_ws/install/ekf_slam_ros/share/ekf_slam_ros/package.dsv'
[2.110s] INFO:colcon.colcon_core.shell:Creating package script '/home/nihal/amr_ws/install/ekf_slam_ros/share/ekf_slam_ros/package.sh'
[2.111s] INFO:colcon.colcon_core.shell:Creating package script '/home/nihal/amr_ws/install/ekf_slam_ros/share/ekf_slam_ros/package.bash'
[2.111s] INFO:colcon.colcon_core.shell:Creating package script '/home/nihal/amr_ws/install/ekf_slam_ros/share/ekf_slam_ros/package.zsh'
[2.111s] Level 1:colcon.colcon_core.environment:create_file_with_runtime_dependencies(/home/nihal/amr_ws/install/ekf_slam_ros/share/colcon-core/packages/ekf_slam_ros)
[2.112s] DEBUG:colcon.colcon_parallel_executor.executor.parallel:closing loop
[2.112s] DEBUG:colcon.colcon_parallel_executor.executor.parallel:loop closed
[2.113s] DEBUG:colcon.colcon_parallel_executor.executor.parallel:run_until_complete finished with '0'
[2.113s] DEBUG:colcon.colcon_core.event_reactor:joining thread
[2.118s] INFO:colcon.colcon_core.plugin_system:Skipping extension 'colcon_notification.desktop_notification.terminal_notifier': Not used on non-Darwin systems
[2.118s] INFO:colcon.colcon_core.plugin_system:Skipping extension 'colcon_notification.desktop_notification.win32': Not used on non-Windows systems
[2.119s] INFO:colcon.colcon_notification.desktop_notification:Sending desktop notification using 'notify2'
[2.132s] DEBUG:colcon.colcon_core.event_reactor:joined thread
[2.132s] INFO:colcon.colcon_core.shell:Creating prefix script '/home/nihal/amr_ws/install/local_setup.ps1'
[2.134s] INFO:colcon.colcon_core.shell:Creating prefix util module '/home/nihal/amr_ws/install/_local_setup_util_ps1.py'
[2.136s] INFO:colcon.colcon_core.shell:Creating prefix chain script '/home/nihal/amr_ws/install/setup.ps1'
[2.136s] INFO:colcon.colcon_core.shell:Creating prefix script '/home/nihal/amr_ws/install/local_setup.sh'
[2.137s] INFO:colcon.colcon_core.shell:Creating prefix util module '/home/nihal/amr_ws/install/_local_setup_util_sh.py'
[2.138s] INFO:colcon.colcon_core.shell:Creating prefix chain script '/home/nihal/amr_ws/install/setup.sh'
[2.139s] INFO:colcon.colcon_core.shell:Creating prefix script '/home/nihal/amr_ws/install/local_setup.bash'
[2.140s] INFO:colcon.colcon_core.shell:Creating prefix chain script '/home/nihal/amr_ws/install/setup.bash'
[2.140s] INFO:colcon.colcon_core.shell:Creating prefix script '/home/nihal/amr_ws/install/local_setup.zsh'
[2.141s] INFO:colcon.colcon_core.shell:Creating prefix chain script '/home/nihal/amr_ws/install/setup.zsh'
