[0.074s] DEBUG:colcon:Command line arguments: ['/usr/bin/colcon', 'build', '--symlink-install']
[0.074s] DEBUG:colcon:Parsed command line arguments: Namespace(log_base=None, log_level=None, verb_name='build', build_base='build', install_base='install', merge_install=False, symlink_install=True, test_result_base=None, continue_on_error=False, executor='parallel', parallel_workers=10, event_handlers=None, ignore_user_meta=False, metas=['./colcon.meta'], base_paths=['.'], packages_ignore=None, packages_ignore_regex=None, paths=None, packages_up_to=None, packages_up_to_regex=None, packages_above=None, packages_above_and_dependencies=None, packages_above_depth=None, packages_select_by_dep=None, packages_skip_by_dep=None, packages_skip_up_to=None, packages_select_build_failed=False, packages_skip_build_finished=False, packages_select_test_failures=False, packages_skip_test_passed=False, packages_select=None, packages_skip=None, packages_select_regex=None, packages_skip_regex=None, packages_start=None, packages_end=None, allow_overriding=[], cmake_args=None, cmake_target=None, cmake_target_skip_unavailable=False, cmake_clean_cache=False, cmake_clean_first=False, cmake_force_configure=False, ament_cmake_args=None, catkin_cmake_args=None, catkin_skip_building_tests=False, mixin_files=None, mixin=None, verb_parser=<colcon_mixin.mixin.mixin_argument.MixinArgumentDecorator object at 0x7634e8a848e0>, verb_extension=<colcon_core.verb.build.BuildVerb object at 0x7634e8a842e0>, main=<bound method BuildVerb.main of <colcon_core.verb.build.BuildVerb object at 0x7634e8a842e0>>, mixin_verb=('build',))
[0.160s] Level 1:colcon.colcon_core.package_discovery:discover_packages(colcon_meta) check parameters
[0.161s] Level 1:colcon.colcon_core.package_discovery:discover_packages(recursive) check parameters
[0.161s] Level 1:colcon.colcon_core.package_discovery:discover_packages(ignore) check parameters
[0.161s] Level 1:colcon.colcon_core.package_discovery:discover_packages(path) check parameters
[0.161s] Level 1:colcon.colcon_core.package_discovery:discover_packages(colcon_meta) discover
[0.161s] Level 1:colcon.colcon_core.package_discovery:discover_packages(recursive) discover
[0.161s] INFO:colcon.colcon_core.package_discovery:Crawling recursively for packages in '/home/nihal/amr_ws'
[0.161s] Level 1:colcon.colcon_core.package_identification:_identify(.) by extensions ['ignore', 'ignore_ament_install']
[0.161s] Level 1:colcon.colcon_core.package_identification:_identify(.) by extension 'ignore'
[0.161s] Level 1:colcon.colcon_core.package_identification:_identify(.) by extension 'ignore_ament_install'
[0.161s] Level 1:colcon.colcon_core.package_identification:_identify(.) by extensions ['colcon_pkg']
[0.161s] Level 1:colcon.colcon_core.package_identification:_identify(.) by extension 'colcon_pkg'
[0.161s] Level 1:colcon.colcon_core.package_identification:_identify(.) by extensions ['colcon_meta']
[0.161s] Level 1:colcon.colcon_core.package_identification:_identify(.) by extension 'colcon_meta'
[0.161s] Level 1:colcon.colcon_core.package_identification:_identify(.) by extensions ['ros']
[0.161s] Level 1:colcon.colcon_core.package_identification:_identify(.) by extension 'ros'
[0.167s] Level 1:colcon.colcon_core.package_identification:_identify(.) by extensions ['cmake', 'python']
[0.167s] Level 1:colcon.colcon_core.package_identification:_identify(.) by extension 'cmake'
[0.167s] Level 1:colcon.colcon_core.package_identification:_identify(.) by extension 'python'
[0.167s] Level 1:colcon.colcon_core.package_identification:_identify(.) by extensions ['python_setup_py']
[0.167s] Level 1:colcon.colcon_core.package_identification:_identify(.) by extension 'python_setup_py'
[0.168s] Level 1:colcon.colcon_core.package_identification:_identify(build) by extensions ['ignore', 'ignore_ament_install']
[0.168s] Level 1:colcon.colcon_core.package_identification:_identify(build) by extension 'ignore'
[0.168s] Level 1:colcon.colcon_core.package_identification:_identify(build) ignored
[0.168s] Level 1:colcon.colcon_core.package_identification:_identify(install) by extensions ['ignore', 'ignore_ament_install']
[0.168s] Level 1:colcon.colcon_core.package_identification:_identify(install) by extension 'ignore'
[0.168s] Level 1:colcon.colcon_core.package_identification:_identify(install) ignored
[0.168s] Level 1:colcon.colcon_core.package_identification:_identify(log) by extensions ['ignore', 'ignore_ament_install']
[0.169s] Level 1:colcon.colcon_core.package_identification:_identify(log) by extension 'ignore'
[0.169s] Level 1:colcon.colcon_core.package_identification:_identify(log) ignored
[0.169s] Level 1:colcon.colcon_core.package_identification:_identify(src) by extensions ['ignore', 'ignore_ament_install']
[0.169s] Level 1:colcon.colcon_core.package_identification:_identify(src) by extension 'ignore'
[0.169s] Level 1:colcon.colcon_core.package_identification:_identify(src) by extension 'ignore_ament_install'
[0.169s] Level 1:colcon.colcon_core.package_identification:_identify(src) by extensions ['colcon_pkg']
[0.169s] Level 1:colcon.colcon_core.package_identification:_identify(src) by extension 'colcon_pkg'
[0.169s] Level 1:colcon.colcon_core.package_identification:_identify(src) by extensions ['colcon_meta']
[0.169s] Level 1:colcon.colcon_core.package_identification:_identify(src) by extension 'colcon_meta'
[0.169s] Level 1:colcon.colcon_core.package_identification:_identify(src) by extensions ['ros']
[0.169s] Level 1:colcon.colcon_core.package_identification:_identify(src) by extension 'ros'
[0.169s] Level 1:colcon.colcon_core.package_identification:_identify(src) by extensions ['cmake', 'python']
[0.169s] Level 1:colcon.colcon_core.package_identification:_identify(src) by extension 'cmake'
[0.169s] Level 1:colcon.colcon_core.package_identification:_identify(src) by extension 'python'
[0.169s] Level 1:colcon.colcon_core.package_identification:_identify(src) by extensions ['python_setup_py']
[0.169s] Level 1:colcon.colcon_core.package_identification:_identify(src) by extension 'python_setup_py'
[0.169s] Level 1:colcon.colcon_core.package_identification:_identify(src/amr_bringup) by extensions ['ignore', 'ignore_ament_install']
[0.170s] Level 1:colcon.colcon_core.package_identification:_identify(src/amr_bringup) by extension 'ignore'
[0.170s] Level 1:colcon.colcon_core.package_identification:_identify(src/amr_bringup) by extension 'ignore_ament_install'
[0.170s] Level 1:colcon.colcon_core.package_identification:_identify(src/amr_bringup) by extensions ['colcon_pkg']
[0.170s] Level 1:colcon.colcon_core.package_identification:_identify(src/amr_bringup) by extension 'colcon_pkg'
[0.170s] Level 1:colcon.colcon_core.package_identification:_identify(src/amr_bringup) by extensions ['colcon_meta']
[0.170s] Level 1:colcon.colcon_core.package_identification:_identify(src/amr_bringup) by extension 'colcon_meta'
[0.170s] Level 1:colcon.colcon_core.package_identification:_identify(src/amr_bringup) by extensions ['ros']
[0.170s] Level 1:colcon.colcon_core.package_identification:_identify(src/amr_bringup) by extension 'ros'
[0.171s] DEBUG:colcon.colcon_core.package_identification:Package 'src/amr_bringup' with type 'ros.ament_python' and name 'amr_bringup'
[0.171s] Level 1:colcon.colcon_core.package_identification:_identify(src/apriltag_gazebo_demo) by extensions ['ignore', 'ignore_ament_install']
[0.171s] Level 1:colcon.colcon_core.package_identification:_identify(src/apriltag_gazebo_demo) by extension 'ignore'
[0.171s] Level 1:colcon.colcon_core.package_identification:_identify(src/apriltag_gazebo_demo) by extension 'ignore_ament_install'
[0.172s] Level 1:colcon.colcon_core.package_identification:_identify(src/apriltag_gazebo_demo) by extensions ['colcon_pkg']
[0.172s] Level 1:colcon.colcon_core.package_identification:_identify(src/apriltag_gazebo_demo) by extension 'colcon_pkg'
[0.172s] Level 1:colcon.colcon_core.package_identification:_identify(src/apriltag_gazebo_demo) by extensions ['colcon_meta']
[0.172s] Level 1:colcon.colcon_core.package_identification:_identify(src/apriltag_gazebo_demo) by extension 'colcon_meta'
[0.172s] Level 1:colcon.colcon_core.package_identification:_identify(src/apriltag_gazebo_demo) by extensions ['ros']
[0.172s] Level 1:colcon.colcon_core.package_identification:_identify(src/apriltag_gazebo_demo) by extension 'ros'
[0.172s] DEBUG:colcon.colcon_core.package_identification:Package 'src/apriltag_gazebo_demo' with type 'ros.ament_cmake' and name 'apriltag_gazebo_demo'
[0.172s] Level 1:colcon.colcon_core.package_identification:_identify(src/ekf_slam) by extensions ['ignore', 'ignore_ament_install']
[0.172s] Level 1:colcon.colcon_core.package_identification:_identify(src/ekf_slam) by extension 'ignore'
[0.172s] Level 1:colcon.colcon_core.package_identification:_identify(src/ekf_slam) by extension 'ignore_ament_install'
[0.172s] Level 1:colcon.colcon_core.package_identification:_identify(src/ekf_slam) by extensions ['colcon_pkg']
[0.172s] Level 1:colcon.colcon_core.package_identification:_identify(src/ekf_slam) by extension 'colcon_pkg'
[0.172s] Level 1:colcon.colcon_core.package_identification:_identify(src/ekf_slam) by extensions ['colcon_meta']
[0.172s] Level 1:colcon.colcon_core.package_identification:_identify(src/ekf_slam) by extension 'colcon_meta'
[0.172s] Level 1:colcon.colcon_core.package_identification:_identify(src/ekf_slam) by extensions ['ros']
[0.172s] Level 1:colcon.colcon_core.package_identification:_identify(src/ekf_slam) by extension 'ros'
[0.179s] DEBUG:colcon.colcon_core.package_identification:Package 'src/ekf_slam' with type 'ros.ament_python' and name 'ekf_slam'
[0.179s] Level 1:colcon.colcon_core.package_identification:_identify(src/ekf_slam_ros) by extensions ['ignore', 'ignore_ament_install']
[0.179s] Level 1:colcon.colcon_core.package_identification:_identify(src/ekf_slam_ros) by extension 'ignore'
[0.179s] Level 1:colcon.colcon_core.package_identification:_identify(src/ekf_slam_ros) by extension 'ignore_ament_install'
[0.179s] Level 1:colcon.colcon_core.package_identification:_identify(src/ekf_slam_ros) by extensions ['colcon_pkg']
[0.179s] Level 1:colcon.colcon_core.package_identification:_identify(src/ekf_slam_ros) by extension 'colcon_pkg'
[0.179s] Level 1:colcon.colcon_core.package_identification:_identify(src/ekf_slam_ros) by extensions ['colcon_meta']
[0.179s] Level 1:colcon.colcon_core.package_identification:_identify(src/ekf_slam_ros) by extension 'colcon_meta'
[0.179s] Level 1:colcon.colcon_core.package_identification:_identify(src/ekf_slam_ros) by extensions ['ros']
[0.179s] Level 1:colcon.colcon_core.package_identification:_identify(src/ekf_slam_ros) by extension 'ros'
[0.180s] DEBUG:colcon.colcon_core.package_identification:Package 'src/ekf_slam_ros' with type 'ros.ament_python' and name 'ekf_slam_ros'
[0.180s] Level 1:colcon.colcon_core.package_discovery:discover_packages(recursive) using defaults
[0.180s] Level 1:colcon.colcon_core.package_discovery:discover_packages(ignore) discover
[0.180s] Level 1:colcon.colcon_core.package_discovery:discover_packages(ignore) using defaults
[0.180s] Level 1:colcon.colcon_core.package_discovery:discover_packages(path) discover
[0.180s] Level 1:colcon.colcon_core.package_discovery:discover_packages(path) using defaults
[0.191s] Level 1:colcon.colcon_core.package_discovery:discover_packages(prefix_path) check parameters
[0.191s] Level 1:colcon.colcon_core.package_discovery:discover_packages(prefix_path) discover
[0.192s] DEBUG:colcon.colcon_installed_package_information.package_discovery:Found 4 installed packages in /home/nihal/amr_ws/install
[0.193s] DEBUG:colcon.colcon_installed_package_information.package_discovery:Found 468 installed packages in /opt/ros/humble
[0.194s] Level 1:colcon.colcon_core.package_discovery:discover_packages(prefix_path) using defaults
[0.226s] Level 5:colcon.colcon_core.verb:set package 'amr_bringup' build argument 'cmake_args' from command line to 'None'
[0.226s] Level 5:colcon.colcon_core.verb:set package 'amr_bringup' build argument 'cmake_target' from command line to 'None'
[0.226s] Level 5:colcon.colcon_core.verb:set package 'amr_bringup' build argument 'cmake_target_skip_unavailable' from command line to 'False'
[0.226s] Level 5:colcon.colcon_core.verb:set package 'amr_bringup' build argument 'cmake_clean_cache' from command line to 'False'
[0.226s] Level 5:colcon.colcon_core.verb:set package 'amr_bringup' build argument 'cmake_clean_first' from command line to 'False'
[0.226s] Level 5:colcon.colcon_core.verb:set package 'amr_bringup' build argument 'cmake_force_configure' from command line to 'False'
[0.226s] Level 5:colcon.colcon_core.verb:set package 'amr_bringup' build argument 'ament_cmake_args' from command line to 'None'
[0.226s] Level 5:colcon.colcon_core.verb:set package 'amr_bringup' build argument 'catkin_cmake_args' from command line to 'None'
[0.226s] Level 5:colcon.colcon_core.verb:set package 'amr_bringup' build argument 'catkin_skip_building_tests' from command line to 'False'
[0.226s] DEBUG:colcon.colcon_core.verb:Building package 'amr_bringup' with the following arguments: {'ament_cmake_args': None, 'build_base': '/home/nihal/amr_ws/build/amr_bringup', 'catkin_cmake_args': None, 'catkin_skip_building_tests': False, 'cmake_args': None, 'cmake_clean_cache': False, 'cmake_clean_first': False, 'cmake_force_configure': False, 'cmake_target': None, 'cmake_target_skip_unavailable': False, 'install_base': '/home/nihal/amr_ws/install/amr_bringup', 'merge_install': False, 'path': '/home/nihal/amr_ws/src/amr_bringup', 'symlink_install': True, 'test_result_base': None}
[0.226s] Level 5:colcon.colcon_core.verb:set package 'apriltag_gazebo_demo' build argument 'cmake_args' from command line to 'None'
[0.226s] Level 5:colcon.colcon_core.verb:set package 'apriltag_gazebo_demo' build argument 'cmake_target' from command line to 'None'
[0.226s] Level 5:colcon.colcon_core.verb:set package 'apriltag_gazebo_demo' build argument 'cmake_target_skip_unavailable' from command line to 'False'
[0.226s] Level 5:colcon.colcon_core.verb:set package 'apriltag_gazebo_demo' build argument 'cmake_clean_cache' from command line to 'False'
[0.226s] Level 5:colcon.colcon_core.verb:set package 'apriltag_gazebo_demo' build argument 'cmake_clean_first' from command line to 'False'
[0.226s] Level 5:colcon.colcon_core.verb:set package 'apriltag_gazebo_demo' build argument 'cmake_force_configure' from command line to 'False'
[0.227s] Level 5:colcon.colcon_core.verb:set package 'apriltag_gazebo_demo' build argument 'ament_cmake_args' from command line to 'None'
[0.227s] Level 5:colcon.colcon_core.verb:set package 'apriltag_gazebo_demo' build argument 'catkin_cmake_args' from command line to 'None'
[0.227s] Level 5:colcon.colcon_core.verb:set package 'apriltag_gazebo_demo' build argument 'catkin_skip_building_tests' from command line to 'False'
[0.227s] DEBUG:colcon.colcon_core.verb:Building package 'apriltag_gazebo_demo' with the following arguments: {'ament_cmake_args': None, 'build_base': '/home/nihal/amr_ws/build/apriltag_gazebo_demo', 'catkin_cmake_args': None, 'catkin_skip_building_tests': False, 'cmake_args': None, 'cmake_clean_cache': False, 'cmake_clean_first': False, 'cmake_force_configure': False, 'cmake_target': None, 'cmake_target_skip_unavailable': False, 'install_base': '/home/nihal/amr_ws/install/apriltag_gazebo_demo', 'merge_install': False, 'path': '/home/nihal/amr_ws/src/apriltag_gazebo_demo', 'symlink_install': True, 'test_result_base': None}
[0.227s] Level 5:colcon.colcon_core.verb:set package 'ekf_slam' build argument 'cmake_args' from command line to 'None'
[0.227s] Level 5:colcon.colcon_core.verb:set package 'ekf_slam' build argument 'cmake_target' from command line to 'None'
[0.227s] Level 5:colcon.colcon_core.verb:set package 'ekf_slam' build argument 'cmake_target_skip_unavailable' from command line to 'False'
[0.227s] Level 5:colcon.colcon_core.verb:set package 'ekf_slam' build argument 'cmake_clean_cache' from command line to 'False'
[0.227s] Level 5:colcon.colcon_core.verb:set package 'ekf_slam' build argument 'cmake_clean_first' from command line to 'False'
[0.227s] Level 5:colcon.colcon_core.verb:set package 'ekf_slam' build argument 'cmake_force_configure' from command line to 'False'
[0.227s] Level 5:colcon.colcon_core.verb:set package 'ekf_slam' build argument 'ament_cmake_args' from command line to 'None'
[0.227s] Level 5:colcon.colcon_core.verb:set package 'ekf_slam' build argument 'catkin_cmake_args' from command line to 'None'
[0.227s] Level 5:colcon.colcon_core.verb:set package 'ekf_slam' build argument 'catkin_skip_building_tests' from command line to 'False'
[0.227s] DEBUG:colcon.colcon_core.verb:Building package 'ekf_slam' with the following arguments: {'ament_cmake_args': None, 'build_base': '/home/nihal/amr_ws/build/ekf_slam', 'catkin_cmake_args': None, 'catkin_skip_building_tests': False, 'cmake_args': None, 'cmake_clean_cache': False, 'cmake_clean_first': False, 'cmake_force_configure': False, 'cmake_target': None, 'cmake_target_skip_unavailable': False, 'install_base': '/home/nihal/amr_ws/install/ekf_slam', 'merge_install': False, 'path': '/home/nihal/amr_ws/src/ekf_slam', 'symlink_install': True, 'test_result_base': None}
[0.227s] Level 5:colcon.colcon_core.verb:set package 'ekf_slam_ros' build argument 'cmake_args' from command line to 'None'
[0.227s] Level 5:colcon.colcon_core.verb:set package 'ekf_slam_ros' build argument 'cmake_target' from command line to 'None'
[0.227s] Level 5:colcon.colcon_core.verb:set package 'ekf_slam_ros' build argument 'cmake_target_skip_unavailable' from command line to 'False'
[0.227s] Level 5:colcon.colcon_core.verb:set package 'ekf_slam_ros' build argument 'cmake_clean_cache' from command line to 'False'
[0.227s] Level 5:colcon.colcon_core.verb:set package 'ekf_slam_ros' build argument 'cmake_clean_first' from command line to 'False'
[0.227s] Level 5:colcon.colcon_core.verb:set package 'ekf_slam_ros' build argument 'cmake_force_configure' from command line to 'False'
[0.227s] Level 5:colcon.colcon_core.verb:set package 'ekf_slam_ros' build argument 'ament_cmake_args' from command line to 'None'
[0.227s] Level 5:colcon.colcon_core.verb:set package 'ekf_slam_ros' build argument 'catkin_cmake_args' from command line to 'None'
[0.227s] Level 5:colcon.colcon_core.verb:set package 'ekf_slam_ros' build argument 'catkin_skip_building_tests' from command line to 'False'
[0.227s] DEBUG:colcon.colcon_core.verb:Building package 'ekf_slam_ros' with the following arguments: {'ament_cmake_args': None, 'build_base': '/home/nihal/amr_ws/build/ekf_slam_ros', 'catkin_cmake_args': None, 'catkin_skip_building_tests': False, 'cmake_args': None, 'cmake_clean_cache': False, 'cmake_clean_first': False, 'cmake_force_configure': False, 'cmake_target': None, 'cmake_target_skip_unavailable': False, 'install_base': '/home/nihal/amr_ws/install/ekf_slam_ros', 'merge_install': False, 'path': '/home/nihal/amr_ws/src/ekf_slam_ros', 'symlink_install': True, 'test_result_base': None}
[0.227s] INFO:colcon.colcon_core.executor:Executing jobs using 'parallel' executor
[0.230s] DEBUG:colcon.colcon_parallel_executor.executor.parallel:run_until_complete
[0.230s] INFO:colcon.colcon_ros.task.ament_python.build:Building ROS package in '/home/nihal/amr_ws/src/ekf_slam' with build type 'ament_python'
[0.230s] Level 1:colcon.colcon_core.shell:create_environment_hook('ekf_slam', 'ament_prefix_path')
[0.233s] INFO:colcon.colcon_core.plugin_system:Skipping extension 'colcon_core.shell.bat': Not used on non-Windows systems
[0.233s] INFO:colcon.colcon_core.shell:Creating environment hook '/home/nihal/amr_ws/install/ekf_slam/share/ekf_slam/hook/ament_prefix_path.ps1'
[0.233s] INFO:colcon.colcon_core.shell:Creating environment descriptor '/home/nihal/amr_ws/install/ekf_slam/share/ekf_slam/hook/ament_prefix_path.dsv'
[0.234s] INFO:colcon.colcon_core.shell:Creating environment hook '/home/nihal/amr_ws/install/ekf_slam/share/ekf_slam/hook/ament_prefix_path.sh'
[0.235s] INFO:colcon.colcon_core.shell:Skip shell extension 'powershell' for command environment: Not usable outside of PowerShell
[0.235s] DEBUG:colcon.colcon_core.shell:Skip shell extension 'dsv' for command environment
[0.237s] INFO:colcon.colcon_ros.task.ament_python.build:Building ROS package in '/home/nihal/amr_ws/src/amr_bringup' with build type 'ament_python'
[0.237s] Level 1:colcon.colcon_core.shell:create_environment_hook('amr_bringup', 'ament_prefix_path')
[0.238s] INFO:colcon.colcon_core.shell:Creating environment hook '/home/nihal/amr_ws/install/amr_bringup/share/amr_bringup/hook/ament_prefix_path.ps1'
[0.238s] INFO:colcon.colcon_core.shell:Creating environment descriptor '/home/nihal/amr_ws/install/amr_bringup/share/amr_bringup/hook/ament_prefix_path.dsv'
[0.239s] INFO:colcon.colcon_core.shell:Creating environment hook '/home/nihal/amr_ws/install/amr_bringup/share/amr_bringup/hook/ament_prefix_path.sh'
[0.239s] INFO:colcon.colcon_core.shell:Skip shell extension 'powershell' for command environment: Not usable outside of PowerShell
[0.239s] DEBUG:colcon.colcon_core.shell:Skip shell extension 'dsv' for command environment
[0.243s] INFO:colcon.colcon_ros.task.ament_cmake.build:Building ROS package in '/home/nihal/amr_ws/src/apriltag_gazebo_demo' with build type 'ament_cmake'
[0.243s] INFO:colcon.colcon_cmake.task.cmake.build:Building CMake package in '/home/nihal/amr_ws/src/apriltag_gazebo_demo'
[0.244s] INFO:colcon.colcon_core.shell:Skip shell extension 'powershell' for command environment: Not usable outside of PowerShell
[0.244s] DEBUG:colcon.colcon_core.shell:Skip shell extension 'dsv' for command environment
[0.409s] INFO:colcon.colcon_core.task.python.build:Building Python package in '/home/nihal/amr_ws/src/ekf_slam'
[0.409s] INFO:colcon.colcon_core.shell:Skip shell extension 'powershell' for command environment: Not usable outside of PowerShell
[0.409s] DEBUG:colcon.colcon_core.shell:Skip shell extension 'dsv' for command environment
[0.568s] INFO:colcon.colcon_core.task.python.build:Building Python package in '/home/nihal/amr_ws/src/amr_bringup'
[0.568s] INFO:colcon.colcon_core.shell:Skip shell extension 'powershell' for command environment: Not usable outside of PowerShell
[0.568s] DEBUG:colcon.colcon_core.shell:Skip shell extension 'dsv' for command environment
[0.577s] DEBUG:colcon.colcon_core.event_handler.log_command:Invoking command in '/home/nihal/amr_ws/build/apriltag_gazebo_demo': CMAKE_PREFIX_PATH=${CMAKE_PREFIX_PATH}:/home/nihal/amr_ws/install/ekf_slam_ros:/home/nihal/amr_ws/install/ekf_slam:/home/nihal/amr_ws/install/amr_bringup:/opt/ros/humble /usr/bin/cmake --build /home/nihal/amr_ws/build/apriltag_gazebo_demo -- -j10 -l10
[0.617s] DEBUG:colcon.colcon_core.event_handler.log_command:Invoked command in '/home/nihal/amr_ws/build/apriltag_gazebo_demo' returned '0': CMAKE_PREFIX_PATH=${CMAKE_PREFIX_PATH}:/home/nihal/amr_ws/install/ekf_slam_ros:/home/nihal/amr_ws/install/ekf_slam:/home/nihal/amr_ws/install/amr_bringup:/opt/ros/humble /usr/bin/cmake --build /home/nihal/amr_ws/build/apriltag_gazebo_demo -- -j10 -l10
[0.626s] DEBUG:colcon.colcon_core.event_handler.log_command:Invoking command in '/home/nihal/amr_ws/build/apriltag_gazebo_demo': CMAKE_PREFIX_PATH=${CMAKE_PREFIX_PATH}:/home/nihal/amr_ws/install/ekf_slam_ros:/home/nihal/amr_ws/install/ekf_slam:/home/nihal/amr_ws/install/amr_bringup:/opt/ros/humble /usr/bin/cmake --install /home/nihal/amr_ws/build/apriltag_gazebo_demo
[0.647s] Level 1:colcon.colcon_core.environment:create_environment_scripts_only(apriltag_gazebo_demo)
[0.648s] DEBUG:colcon.colcon_core.event_handler.log_command:Invoked command in '/home/nihal/amr_ws/build/apriltag_gazebo_demo' returned '0': CMAKE_PREFIX_PATH=${CMAKE_PREFIX_PATH}:/home/nihal/amr_ws/install/ekf_slam_ros:/home/nihal/amr_ws/install/ekf_slam:/home/nihal/amr_ws/install/amr_bringup:/opt/ros/humble /usr/bin/cmake --install /home/nihal/amr_ws/build/apriltag_gazebo_demo
[0.649s] Level 1:colcon.colcon_core.environment:checking '/home/nihal/amr_ws/install/apriltag_gazebo_demo' for CMake module files
[0.650s] Level 1:colcon.colcon_core.environment:checking '/home/nihal/amr_ws/install/apriltag_gazebo_demo' for CMake config files
[0.650s] Level 1:colcon.colcon_core.shell:create_environment_hook('apriltag_gazebo_demo', 'cmake_prefix_path')
[0.650s] INFO:colcon.colcon_core.shell:Creating environment hook '/home/nihal/amr_ws/install/apriltag_gazebo_demo/share/apriltag_gazebo_demo/hook/cmake_prefix_path.ps1'
[0.650s] INFO:colcon.colcon_core.shell:Creating environment descriptor '/home/nihal/amr_ws/install/apriltag_gazebo_demo/share/apriltag_gazebo_demo/hook/cmake_prefix_path.dsv'
[0.651s] INFO:colcon.colcon_core.shell:Creating environment hook '/home/nihal/amr_ws/install/apriltag_gazebo_demo/share/apriltag_gazebo_demo/hook/cmake_prefix_path.sh'
[0.652s] Level 1:colcon.colcon_core.environment:checking '/home/nihal/amr_ws/install/apriltag_gazebo_demo/bin'
[0.652s] Level 1:colcon.colcon_core.environment:checking '/home/nihal/amr_ws/install/apriltag_gazebo_demo/lib/pkgconfig/apriltag_gazebo_demo.pc'
[0.652s] Level 1:colcon.colcon_core.environment:checking '/home/nihal/amr_ws/install/apriltag_gazebo_demo/lib/python3.10/site-packages'
[0.653s] Level 1:colcon.colcon_core.environment:checking '/home/nihal/amr_ws/install/apriltag_gazebo_demo/bin'
[0.653s] INFO:colcon.colcon_core.shell:Creating package script '/home/nihal/amr_ws/install/apriltag_gazebo_demo/share/apriltag_gazebo_demo/package.ps1'
[0.653s] INFO:colcon.colcon_core.shell:Creating package descriptor '/home/nihal/amr_ws/install/apriltag_gazebo_demo/share/apriltag_gazebo_demo/package.dsv'
[0.654s] INFO:colcon.colcon_core.shell:Creating package script '/home/nihal/amr_ws/install/apriltag_gazebo_demo/share/apriltag_gazebo_demo/package.sh'
[0.655s] INFO:colcon.colcon_core.shell:Creating package script '/home/nihal/amr_ws/install/apriltag_gazebo_demo/share/apriltag_gazebo_demo/package.bash'
[0.655s] INFO:colcon.colcon_core.shell:Creating package script '/home/nihal/amr_ws/install/apriltag_gazebo_demo/share/apriltag_gazebo_demo/package.zsh'
[0.656s] Level 1:colcon.colcon_core.environment:create_file_with_runtime_dependencies(/home/nihal/amr_ws/install/apriltag_gazebo_demo/share/colcon-core/packages/apriltag_gazebo_demo)
[0.656s] Level 1:colcon.colcon_core.environment:create_environment_scripts_only(apriltag_gazebo_demo)
[0.656s] Level 1:colcon.colcon_core.environment:checking '/home/nihal/amr_ws/install/apriltag_gazebo_demo' for CMake module files
[0.656s] Level 1:colcon.colcon_core.environment:checking '/home/nihal/amr_ws/install/apriltag_gazebo_demo' for CMake config files
[0.657s] Level 1:colcon.colcon_core.shell:create_environment_hook('apriltag_gazebo_demo', 'cmake_prefix_path')
[0.657s] INFO:colcon.colcon_core.shell:Creating environment hook '/home/nihal/amr_ws/install/apriltag_gazebo_demo/share/apriltag_gazebo_demo/hook/cmake_prefix_path.ps1'
[0.657s] INFO:colcon.colcon_core.shell:Creating environment descriptor '/home/nihal/amr_ws/install/apriltag_gazebo_demo/share/apriltag_gazebo_demo/hook/cmake_prefix_path.dsv'
[0.657s] INFO:colcon.colcon_core.shell:Creating environment hook '/home/nihal/amr_ws/install/apriltag_gazebo_demo/share/apriltag_gazebo_demo/hook/cmake_prefix_path.sh'
[0.658s] Level 1:colcon.colcon_core.environment:checking '/home/nihal/amr_ws/install/apriltag_gazebo_demo/bin'
[0.658s] Level 1:colcon.colcon_core.environment:checking '/home/nihal/amr_ws/install/apriltag_gazebo_demo/lib/pkgconfig/apriltag_gazebo_demo.pc'
[0.659s] Level 1:colcon.colcon_core.environment:checking '/home/nihal/amr_ws/install/apriltag_gazebo_demo/lib/python3.10/site-packages'
[0.659s] Level 1:colcon.colcon_core.environment:checking '/home/nihal/amr_ws/install/apriltag_gazebo_demo/bin'
[0.659s] INFO:colcon.colcon_core.shell:Creating package script '/home/nihal/amr_ws/install/apriltag_gazebo_demo/share/apriltag_gazebo_demo/package.ps1'
[0.659s] INFO:colcon.colcon_core.shell:Creating package descriptor '/home/nihal/amr_ws/install/apriltag_gazebo_demo/share/apriltag_gazebo_demo/package.dsv'
[0.660s] INFO:colcon.colcon_core.shell:Creating package script '/home/nihal/amr_ws/install/apriltag_gazebo_demo/share/apriltag_gazebo_demo/package.sh'
[0.660s] INFO:colcon.colcon_core.shell:Creating package script '/home/nihal/amr_ws/install/apriltag_gazebo_demo/share/apriltag_gazebo_demo/package.bash'
[0.660s] INFO:colcon.colcon_core.shell:Creating package script '/home/nihal/amr_ws/install/apriltag_gazebo_demo/share/apriltag_gazebo_demo/package.zsh'
[0.661s] Level 1:colcon.colcon_core.environment:create_file_with_runtime_dependencies(/home/nihal/amr_ws/install/apriltag_gazebo_demo/share/colcon-core/packages/apriltag_gazebo_demo)
[0.822s] DEBUG:colcon.colcon_core.event_handler.log_command:Invoking command in '/home/nihal/amr_ws/build/amr_bringup': PYTHONPATH=/home/nihal/amr_ws/build/amr_bringup/prefix_override:/usr/lib/python3/dist-packages/colcon_core/task/python/colcon_distutils_commands:/home/nihal/amr_ws/install/amr_bringup/lib/python3.10/site-packages:${PYTHONPATH} /usr/bin/python3 -W ignore:setup.py install is deprecated -W ignore:easy_install command is deprecated setup.py develop --editable --build-directory /home/nihal/amr_ws/build/amr_bringup/build --no-deps symlink_data
[0.822s] DEBUG:colcon.colcon_core.event_handler.log_command:Invoking command in '/home/nihal/amr_ws/build/ekf_slam': PYTHONPATH=/home/nihal/amr_ws/build/ekf_slam/prefix_override:/usr/lib/python3/dist-packages/colcon_core/task/python/colcon_distutils_commands:/home/nihal/amr_ws/install/ekf_slam/lib/python3.10/site-packages:${PYTHONPATH} /usr/bin/python3 -W ignore:setup.py install is deprecated -W ignore:easy_install command is deprecated setup.py develop --editable --build-directory /home/nihal/amr_ws/build/ekf_slam/build --no-deps symlink_data
[1.094s] Level 1:colcon.colcon_core.shell:create_environment_hook('amr_bringup', 'pythonpath_develop')
[1.094s] INFO:colcon.colcon_core.shell:Creating environment hook '/home/nihal/amr_ws/build/amr_bringup/share/amr_bringup/hook/pythonpath_develop.ps1'
[1.096s] DEBUG:colcon.colcon_core.event_handler.log_command:Invoked command in '/home/nihal/amr_ws/build/amr_bringup' returned '0': PYTHONPATH=/home/nihal/amr_ws/build/amr_bringup/prefix_override:/usr/lib/python3/dist-packages/colcon_core/task/python/colcon_distutils_commands:/home/nihal/amr_ws/install/amr_bringup/lib/python3.10/site-packages:${PYTHONPATH} /usr/bin/python3 -W ignore:setup.py install is deprecated -W ignore:easy_install command is deprecated setup.py develop --editable --build-directory /home/nihal/amr_ws/build/amr_bringup/build --no-deps symlink_data
[1.096s] INFO:colcon.colcon_core.shell:Creating environment descriptor '/home/nihal/amr_ws/build/amr_bringup/share/amr_bringup/hook/pythonpath_develop.dsv'
[1.097s] INFO:colcon.colcon_core.shell:Creating environment hook '/home/nihal/amr_ws/build/amr_bringup/share/amr_bringup/hook/pythonpath_develop.sh'
[1.098s] Level 1:colcon.colcon_core.environment:checking '/home/nihal/amr_ws/install/amr_bringup' for CMake module files
[1.098s] Level 1:colcon.colcon_core.environment:checking '/home/nihal/amr_ws/install/amr_bringup' for CMake config files
[1.098s] Level 1:colcon.colcon_core.environment:checking '/home/nihal/amr_ws/install/amr_bringup/lib'
[1.098s] Level 1:colcon.colcon_core.environment:checking '/home/nihal/amr_ws/install/amr_bringup/bin'
[1.098s] Level 1:colcon.colcon_core.environment:checking '/home/nihal/amr_ws/install/amr_bringup/lib/pkgconfig/amr_bringup.pc'
[1.098s] Level 1:colcon.colcon_core.environment:checking '/home/nihal/amr_ws/install/amr_bringup/lib/python3.10/site-packages'
[1.098s] Level 1:colcon.colcon_core.shell:create_environment_hook('amr_bringup', 'pythonpath')
[1.099s] INFO:colcon.colcon_core.shell:Creating environment hook '/home/nihal/amr_ws/install/amr_bringup/share/amr_bringup/hook/pythonpath.ps1'
[1.099s] INFO:colcon.colcon_core.shell:Creating environment descriptor '/home/nihal/amr_ws/install/amr_bringup/share/amr_bringup/hook/pythonpath.dsv'
[1.099s] INFO:colcon.colcon_core.shell:Creating environment hook '/home/nihal/amr_ws/install/amr_bringup/share/amr_bringup/hook/pythonpath.sh'
[1.100s] Level 1:colcon.colcon_core.environment:checking '/home/nihal/amr_ws/install/amr_bringup/bin'
[1.100s] Level 1:colcon.colcon_core.environment:create_environment_scripts_only(amr_bringup)
[1.101s] INFO:colcon.colcon_core.shell:Creating package script '/home/nihal/amr_ws/install/amr_bringup/share/amr_bringup/package.ps1'
[1.102s] INFO:colcon.colcon_core.shell:Creating package descriptor '/home/nihal/amr_ws/install/amr_bringup/share/amr_bringup/package.dsv'
[1.102s] INFO:colcon.colcon_core.shell:Creating package script '/home/nihal/amr_ws/install/amr_bringup/share/amr_bringup/package.sh'
[1.103s] INFO:colcon.colcon_core.shell:Creating package script '/home/nihal/amr_ws/install/amr_bringup/share/amr_bringup/package.bash'
[1.103s] INFO:colcon.colcon_core.shell:Creating package script '/home/nihal/amr_ws/install/amr_bringup/share/amr_bringup/package.zsh'
[1.104s] Level 1:colcon.colcon_core.environment:create_file_with_runtime_dependencies(/home/nihal/amr_ws/install/amr_bringup/share/colcon-core/packages/amr_bringup)
[1.106s] Level 1:colcon.colcon_core.shell:create_environment_hook('ekf_slam', 'pythonpath_develop')
[1.107s] INFO:colcon.colcon_core.shell:Creating environment hook '/home/nihal/amr_ws/build/ekf_slam/share/ekf_slam/hook/pythonpath_develop.ps1'
[1.107s] INFO:colcon.colcon_core.shell:Creating environment descriptor '/home/nihal/amr_ws/build/ekf_slam/share/ekf_slam/hook/pythonpath_develop.dsv'
[1.108s] DEBUG:colcon.colcon_core.event_handler.log_command:Invoked command in '/home/nihal/amr_ws/build/ekf_slam' returned '0': PYTHONPATH=/home/nihal/amr_ws/build/ekf_slam/prefix_override:/usr/lib/python3/dist-packages/colcon_core/task/python/colcon_distutils_commands:/home/nihal/amr_ws/install/ekf_slam/lib/python3.10/site-packages:${PYTHONPATH} /usr/bin/python3 -W ignore:setup.py install is deprecated -W ignore:easy_install command is deprecated setup.py develop --editable --build-directory /home/nihal/amr_ws/build/ekf_slam/build --no-deps symlink_data
[1.108s] INFO:colcon.colcon_core.shell:Creating environment hook '/home/nihal/amr_ws/build/ekf_slam/share/ekf_slam/hook/pythonpath_develop.sh'
[1.108s] Level 1:colcon.colcon_core.environment:checking '/home/nihal/amr_ws/install/ekf_slam' for CMake module files
[1.109s] Level 1:colcon.colcon_core.environment:checking '/home/nihal/amr_ws/install/ekf_slam' for CMake config files
[1.109s] Level 1:colcon.colcon_core.environment:checking '/home/nihal/amr_ws/install/ekf_slam/lib'
[1.109s] Level 1:colcon.colcon_core.environment:checking '/home/nihal/amr_ws/install/ekf_slam/bin'
[1.109s] Level 1:colcon.colcon_core.environment:checking '/home/nihal/amr_ws/install/ekf_slam/lib/pkgconfig/ekf_slam.pc'
[1.109s] Level 1:colcon.colcon_core.environment:checking '/home/nihal/amr_ws/install/ekf_slam/lib/python3.10/site-packages'
[1.109s] Level 1:colcon.colcon_core.shell:create_environment_hook('ekf_slam', 'pythonpath')
[1.109s] INFO:colcon.colcon_core.shell:Creating environment hook '/home/nihal/amr_ws/install/ekf_slam/share/ekf_slam/hook/pythonpath.ps1'
[1.109s] INFO:colcon.colcon_core.shell:Creating environment descriptor '/home/nihal/amr_ws/install/ekf_slam/share/ekf_slam/hook/pythonpath.dsv'
[1.110s] INFO:colcon.colcon_core.shell:Creating environment hook '/home/nihal/amr_ws/install/ekf_slam/share/ekf_slam/hook/pythonpath.sh'
[1.110s] Level 1:colcon.colcon_core.environment:checking '/home/nihal/amr_ws/install/ekf_slam/bin'
[1.110s] Level 1:colcon.colcon_core.environment:create_environment_scripts_only(ekf_slam)
[1.111s] INFO:colcon.colcon_core.shell:Creating package script '/home/nihal/amr_ws/install/ekf_slam/share/ekf_slam/package.ps1'
[1.111s] INFO:colcon.colcon_core.shell:Creating package descriptor '/home/nihal/amr_ws/install/ekf_slam/share/ekf_slam/package.dsv'
[1.111s] INFO:colcon.colcon_core.shell:Creating package script '/home/nihal/amr_ws/install/ekf_slam/share/ekf_slam/package.sh'
[1.112s] INFO:colcon.colcon_core.shell:Creating package script '/home/nihal/amr_ws/install/ekf_slam/share/ekf_slam/package.bash'
[1.112s] INFO:colcon.colcon_core.shell:Creating package script '/home/nihal/amr_ws/install/ekf_slam/share/ekf_slam/package.zsh'
[1.112s] Level 1:colcon.colcon_core.environment:create_file_with_runtime_dependencies(/home/nihal/amr_ws/install/ekf_slam/share/colcon-core/packages/ekf_slam)
[1.113s] INFO:colcon.colcon_ros.task.ament_python.build:Building ROS package in '/home/nihal/amr_ws/src/ekf_slam_ros' with build type 'ament_python'
[1.114s] Level 1:colcon.colcon_core.shell:create_environment_hook('ekf_slam_ros', 'ament_prefix_path')
[1.114s] INFO:colcon.colcon_core.shell:Creating environment hook '/home/nihal/amr_ws/install/ekf_slam_ros/share/ekf_slam_ros/hook/ament_prefix_path.ps1'
[1.115s] INFO:colcon.colcon_core.shell:Creating environment descriptor '/home/nihal/amr_ws/install/ekf_slam_ros/share/ekf_slam_ros/hook/ament_prefix_path.dsv'
[1.115s] INFO:colcon.colcon_core.shell:Creating environment hook '/home/nihal/amr_ws/install/ekf_slam_ros/share/ekf_slam_ros/hook/ament_prefix_path.sh'
[1.116s] INFO:colcon.colcon_core.shell:Skip shell extension 'powershell' for command environment: Not usable outside of PowerShell
[1.116s] DEBUG:colcon.colcon_core.shell:Skip shell extension 'dsv' for command environment
[1.286s] INFO:colcon.colcon_core.task.python.build:Building Python package in '/home/nihal/amr_ws/src/ekf_slam_ros'
[1.286s] INFO:colcon.colcon_core.shell:Skip shell extension 'powershell' for command environment: Not usable outside of PowerShell
[1.286s] DEBUG:colcon.colcon_core.shell:Skip shell extension 'dsv' for command environment
[1.511s] DEBUG:colcon.colcon_core.event_handler.log_command:Invoking command in '/home/nihal/amr_ws/build/ekf_slam_ros': AMENT_PREFIX_PATH=/home/nihal/amr_ws/install/ekf_slam:/home/nihal/amr_ws/install/ekf_slam_ros:/home/nihal/amr_ws/install/apriltag_gazebo_demo:/home/nihal/amr_ws/install/amr_bringup:/opt/ros/humble PYTHONPATH=/home/nihal/amr_ws/build/ekf_slam_ros/prefix_override:/usr/lib/python3/dist-packages/colcon_core/task/python/colcon_distutils_commands:/home/nihal/amr_ws/install/ekf_slam_ros/lib/python3.10/site-packages:/home/nihal/amr_ws/build/ekf_slam:/home/nihal/amr_ws/install/ekf_slam/lib/python3.10/site-packages:/home/nihal/amr_ws/build/ekf_slam_ros:/home/nihal/amr_ws/build/amr_bringup:/home/nihal/amr_ws/install/ekf_slam_ros/lib/python3.10/site-packages:/home/nihal/amr_ws/install/amr_bringup/lib/python3.10/site-packages:/opt/ros/humble/lib/python3.10/site-packages:/opt/ros/humble/local/lib/python3.10/dist-packages /usr/bin/python3 -W ignore:setup.py install is deprecated -W ignore:easy_install command is deprecated setup.py develop --editable --build-directory /home/nihal/amr_ws/build/ekf_slam_ros/build --no-deps symlink_data
[1.772s] Level 1:colcon.colcon_core.shell:create_environment_hook('ekf_slam_ros', 'pythonpath_develop')
[1.773s] INFO:colcon.colcon_core.shell:Creating environment hook '/home/nihal/amr_ws/build/ekf_slam_ros/share/ekf_slam_ros/hook/pythonpath_develop.ps1'
[1.774s] DEBUG:colcon.colcon_core.event_handler.log_command:Invoked command in '/home/nihal/amr_ws/build/ekf_slam_ros' returned '0': AMENT_PREFIX_PATH=/home/nihal/amr_ws/install/ekf_slam:/home/nihal/amr_ws/install/ekf_slam_ros:/home/nihal/amr_ws/install/apriltag_gazebo_demo:/home/nihal/amr_ws/install/amr_bringup:/opt/ros/humble PYTHONPATH=/home/nihal/amr_ws/build/ekf_slam_ros/prefix_override:/usr/lib/python3/dist-packages/colcon_core/task/python/colcon_distutils_commands:/home/nihal/amr_ws/install/ekf_slam_ros/lib/python3.10/site-packages:/home/nihal/amr_ws/build/ekf_slam:/home/nihal/amr_ws/install/ekf_slam/lib/python3.10/site-packages:/home/nihal/amr_ws/build/ekf_slam_ros:/home/nihal/amr_ws/build/amr_bringup:/home/nihal/amr_ws/install/ekf_slam_ros/lib/python3.10/site-packages:/home/nihal/amr_ws/install/amr_bringup/lib/python3.10/site-packages:/opt/ros/humble/lib/python3.10/site-packages:/opt/ros/humble/local/lib/python3.10/dist-packages /usr/bin/python3 -W ignore:setup.py install is deprecated -W ignore:easy_install command is deprecated setup.py develop --editable --build-directory /home/nihal/amr_ws/build/ekf_slam_ros/build --no-deps symlink_data
[1.774s] INFO:colcon.colcon_core.shell:Creating environment descriptor '/home/nihal/amr_ws/build/ekf_slam_ros/share/ekf_slam_ros/hook/pythonpath_develop.dsv'
[1.774s] INFO:colcon.colcon_core.shell:Creating environment hook '/home/nihal/amr_ws/build/ekf_slam_ros/share/ekf_slam_ros/hook/pythonpath_develop.sh'
[1.775s] Level 1:colcon.colcon_core.environment:checking '/home/nihal/amr_ws/install/ekf_slam_ros' for CMake module files
[1.775s] Level 1:colcon.colcon_core.environment:checking '/home/nihal/amr_ws/install/ekf_slam_ros' for CMake config files
[1.775s] Level 1:colcon.colcon_core.environment:checking '/home/nihal/amr_ws/install/ekf_slam_ros/lib'
[1.775s] Level 1:colcon.colcon_core.environment:checking '/home/nihal/amr_ws/install/ekf_slam_ros/bin'
[1.775s] Level 1:colcon.colcon_core.environment:checking '/home/nihal/amr_ws/install/ekf_slam_ros/lib/pkgconfig/ekf_slam_ros.pc'
[1.776s] Level 1:colcon.colcon_core.environment:checking '/home/nihal/amr_ws/install/ekf_slam_ros/lib/python3.10/site-packages'
[1.776s] Level 1:colcon.colcon_core.shell:create_environment_hook('ekf_slam_ros', 'pythonpath')
[1.776s] INFO:colcon.colcon_core.shell:Creating environment hook '/home/nihal/amr_ws/install/ekf_slam_ros/share/ekf_slam_ros/hook/pythonpath.ps1'
[1.776s] INFO:colcon.colcon_core.shell:Creating environment descriptor '/home/nihal/amr_ws/install/ekf_slam_ros/share/ekf_slam_ros/hook/pythonpath.dsv'
[1.776s] INFO:colcon.colcon_core.shell:Creating environment hook '/home/nihal/amr_ws/install/ekf_slam_ros/share/ekf_slam_ros/hook/pythonpath.sh'
[1.777s] Level 1:colcon.colcon_core.environment:checking '/home/nihal/amr_ws/install/ekf_slam_ros/bin'
[1.777s] Level 1:colcon.colcon_core.environment:create_environment_scripts_only(ekf_slam_ros)
[1.777s] INFO:colcon.colcon_core.shell:Creating package script '/home/nihal/amr_ws/install/ekf_slam_ros/share/ekf_slam_ros/package.ps1'
[1.778s] INFO:colcon.colcon_core.shell:Creating package descriptor '/home/nihal/amr_ws/install/ekf_slam_ros/share/ekf_slam_ros/package.dsv'
[1.778s] INFO:colcon.colcon_core.shell:Creating package script '/home/nihal/amr_ws/install/ekf_slam_ros/share/ekf_slam_ros/package.sh'
[1.779s] INFO:colcon.colcon_core.shell:Creating package script '/home/nihal/amr_ws/install/ekf_slam_ros/share/ekf_slam_ros/package.bash'
[1.779s] INFO:colcon.colcon_core.shell:Creating package script '/home/nihal/amr_ws/install/ekf_slam_ros/share/ekf_slam_ros/package.zsh'
[1.780s] Level 1:colcon.colcon_core.environment:create_file_with_runtime_dependencies(/home/nihal/amr_ws/install/ekf_slam_ros/share/colcon-core/packages/ekf_slam_ros)
[1.780s] DEBUG:colcon.colcon_parallel_executor.executor.parallel:closing loop
[1.780s] DEBUG:colcon.colcon_parallel_executor.executor.parallel:loop closed
[1.780s] DEBUG:colcon.colcon_parallel_executor.executor.parallel:run_until_complete finished with '0'
[1.781s] DEBUG:colcon.colcon_core.event_reactor:joining thread
[1.785s] INFO:colcon.colcon_core.plugin_system:Skipping extension 'colcon_notification.desktop_notification.terminal_notifier': Not used on non-Darwin systems
[1.785s] INFO:colcon.colcon_core.plugin_system:Skipping extension 'colcon_notification.desktop_notification.win32': Not used on non-Windows systems
[1.785s] INFO:colcon.colcon_notification.desktop_notification:Sending desktop notification using 'notify2'
[1.799s] DEBUG:colcon.colcon_core.event_reactor:joined thread
[1.799s] INFO:colcon.colcon_core.shell:Creating prefix script '/home/nihal/amr_ws/install/local_setup.ps1'
[1.800s] INFO:colcon.colcon_core.shell:Creating prefix util module '/home/nihal/amr_ws/install/_local_setup_util_ps1.py'
[1.801s] INFO:colcon.colcon_core.shell:Creating prefix chain script '/home/nihal/amr_ws/install/setup.ps1'
[1.802s] INFO:colcon.colcon_core.shell:Creating prefix script '/home/nihal/amr_ws/install/local_setup.sh'
[1.803s] INFO:colcon.colcon_core.shell:Creating prefix util module '/home/nihal/amr_ws/install/_local_setup_util_sh.py'
[1.803s] INFO:colcon.colcon_core.shell:Creating prefix chain script '/home/nihal/amr_ws/install/setup.sh'
[1.804s] INFO:colcon.colcon_core.shell:Creating prefix script '/home/nihal/amr_ws/install/local_setup.bash'
[1.805s] INFO:colcon.colcon_core.shell:Creating prefix chain script '/home/nihal/amr_ws/install/setup.bash'
[1.806s] INFO:colcon.colcon_core.shell:Creating prefix script '/home/nihal/amr_ws/install/local_setup.zsh'
[1.806s] INFO:colcon.colcon_core.shell:Creating prefix chain script '/home/nihal/amr_ws/install/setup.zsh'
