[0.410s] Invoking command in '/home/nihal/amr_ws/build/ekf_slam_ros': AMENT_PREFIX_PATH=/home/nihal/amr_ws/install/ekf_slam:/home/nihal/amr_ws/install/amr_navigation:/home/nihal/amr_ws/install/amr_map_tools:/home/nihal/amr_ws/install/ekf_slam_ros:/home/nihal/amr_ws/install/apriltag_gazebo_demo:/home/nihal/amr_ws/install/amr_bringup:/opt/ros/humble PYTHONPATH=/home/nihal/amr_ws/build/ekf_slam_ros/prefix_override:/usr/lib/python3/dist-packages/colcon_core/task/python/colcon_distutils_commands:/home/nihal/amr_ws/install/ekf_slam_ros/lib/python3.10/site-packages:/home/nihal/amr_ws/build/ekf_slam:/home/nihal/amr_ws/install/ekf_slam/lib/python3.10/site-packages:/home/nihal/amr_ws/build/amr_navigation:/home/nihal/amr_ws/install/amr_navigation/lib/python3.10/site-packages:/home/nihal/amr_ws/build/amr_map_tools:/home/nihal/amr_ws/install/amr_map_tools/lib/python3.10/site-packages:/home/nihal/amr_ws/install/ekf_slam_ros/lib/python3.10/site-packages:/home/nihal/amr_ws/install/amr_bringup/lib/python3.10/site-packages:/opt/ros/humble/lib/python3.10/site-packages:/opt/ros/humble/local/lib/python3.10/dist-packages /usr/bin/python3 -W ignore:setup.py install is deprecated -W ignore:easy_install command is deprecated setup.py develop --editable --build-directory /home/nihal/amr_ws/build/ekf_slam_ros/build --no-deps symlink_data --force
[0.577s] running develop
[0.670s] running egg_info
[0.671s] writing ekf_slam_ros.egg-info/PKG-INFO
[0.671s] writing dependency_links to ekf_slam_ros.egg-info/dependency_links.txt
[0.671s] writing entry points to ekf_slam_ros.egg-info/entry_points.txt
[0.672s] writing requirements to ekf_slam_ros.egg-info/requires.txt
[0.672s] writing top-level names to ekf_slam_ros.egg-info/top_level.txt
[0.673s] reading manifest file 'ekf_slam_ros.egg-info/SOURCES.txt'
[0.675s] writing manifest file 'ekf_slam_ros.egg-info/SOURCES.txt'
[0.676s] running build_ext
[0.676s] Creating /home/nihal/amr_ws/install/ekf_slam_ros/lib/python3.10/site-packages/ekf-slam-ros.egg-link (link to .)
[0.676s] Installing slam_plumbing_node script to /home/nihal/amr_ws/install/ekf_slam_ros/lib/ekf_slam_ros
[0.676s] 
[0.676s] Installed /home/nihal/amr_ws/build/ekf_slam_ros
[0.676s] running symlink_data
[0.676s] symbolically linking /home/nihal/amr_ws/build/ekf_slam_ros/resource/ekf_slam_ros -> /home/nihal/amr_ws/install/ekf_slam_ros/share/ament_index/resource_index/packages
[0.677s] symbolically linking /home/nihal/amr_ws/build/ekf_slam_ros/package.xml -> /home/nihal/amr_ws/install/ekf_slam_ros/share/ekf_slam_ros
[0.677s] symbolically linking /home/nihal/amr_ws/build/ekf_slam_ros/launch/tb3_warehouse_slam.launch.py -> /home/nihal/amr_ws/install/ekf_slam_ros/share/ekf_slam_ros/launch
[0.677s] symbolically linking /home/nihal/amr_ws/build/ekf_slam_ros/config/slam_params.yaml -> /home/nihal/amr_ws/install/ekf_slam_ros/share/ekf_slam_ros/config
[0.693s] Invoked command in '/home/nihal/amr_ws/build/ekf_slam_ros' returned '0': AMENT_PREFIX_PATH=/home/nihal/amr_ws/install/ekf_slam:/home/nihal/amr_ws/install/amr_navigation:/home/nihal/amr_ws/install/amr_map_tools:/home/nihal/amr_ws/install/ekf_slam_ros:/home/nihal/amr_ws/install/apriltag_gazebo_demo:/home/nihal/amr_ws/install/amr_bringup:/opt/ros/humble PYTHONPATH=/home/nihal/amr_ws/build/ekf_slam_ros/prefix_override:/usr/lib/python3/dist-packages/colcon_core/task/python/colcon_distutils_commands:/home/nihal/amr_ws/install/ekf_slam_ros/lib/python3.10/site-packages:/home/nihal/amr_ws/build/ekf_slam:/home/nihal/amr_ws/install/ekf_slam/lib/python3.10/site-packages:/home/nihal/amr_ws/build/amr_navigation:/home/nihal/amr_ws/install/amr_navigation/lib/python3.10/site-packages:/home/nihal/amr_ws/build/amr_map_tools:/home/nihal/amr_ws/install/amr_map_tools/lib/python3.10/site-packages:/home/nihal/amr_ws/install/ekf_slam_ros/lib/python3.10/site-packages:/home/nihal/amr_ws/install/amr_bringup/lib/python3.10/site-packages:/opt/ros/humble/lib/python3.10/site-packages:/opt/ros/humble/local/lib/python3.10/dist-packages /usr/bin/python3 -W ignore:setup.py install is deprecated -W ignore:easy_install command is deprecated setup.py develop --editable --build-directory /home/nihal/amr_ws/build/ekf_slam_ros/build --no-deps symlink_data --force
