[0.996s] Invoking command in '/home/nihal/amr_ws/src/amr_map_tools': PYTHONPATH=/home/nihal/amr_ws/build/amr_map_tools/prefix_override:/usr/lib/python3/dist-packages/colcon_core/task/python/colcon_distutils_commands:/home/nihal/amr_ws/install/amr_map_tools/lib/python3.10/site-packages:${PYTHONPATH} /usr/bin/python3 -W ignore:setup.py install is deprecated -W ignore:easy_install command is deprecated setup.py egg_info --egg-base ../../build/amr_map_tools build --build-base /home/nihal/amr_ws/build/amr_map_tools/build install --record /home/nihal/amr_ws/build/amr_map_tools/install.log --single-version-externally-managed install_data
[1.167s] running egg_info
[1.167s] writing ../../build/amr_map_tools/amr_map_tools.egg-info/PKG-INFO
[1.167s] writing dependency_links to ../../build/amr_map_tools/amr_map_tools.egg-info/dependency_links.txt
[1.167s] writing entry points to ../../build/amr_map_tools/amr_map_tools.egg-info/entry_points.txt
[1.168s] writing requirements to ../../build/amr_map_tools/amr_map_tools.egg-info/requires.txt
[1.168s] writing top-level names to ../../build/amr_map_tools/amr_map_tools.egg-info/top_level.txt
[1.169s] reading manifest file '../../build/amr_map_tools/amr_map_tools.egg-info/SOURCES.txt'
[1.170s] writing manifest file '../../build/amr_map_tools/amr_map_tools.egg-info/SOURCES.txt'
[1.170s] running build
[1.170s] running build_py
[1.170s] running install
[1.172s] running install_lib
[1.172s] running install_data
[1.172s] running install_egg_info
[1.173s] removing '/home/nihal/amr_ws/install/amr_map_tools/lib/python3.10/site-packages/amr_map_tools-0.0.0-py3.10.egg-info' (and everything under it)
[1.173s] Copying ../../build/amr_map_tools/amr_map_tools.egg-info to /home/nihal/amr_ws/install/amr_map_tools/lib/python3.10/site-packages/amr_map_tools-0.0.0-py3.10.egg-info
[1.174s] running install_scripts
[1.187s] Installing map_loader_node script to /home/nihal/amr_ws/install/amr_map_tools/lib/amr_map_tools
[1.187s] Installing map_saver_node script to /home/nihal/amr_ws/install/amr_map_tools/lib/amr_map_tools
[1.188s] writing list of installed files to '/home/nihal/amr_ws/build/amr_map_tools/install.log'
[1.223s] Invoked command in '/home/nihal/amr_ws/src/amr_map_tools' returned '0': PYTHONPATH=/home/nihal/amr_ws/build/amr_map_tools/prefix_override:/usr/lib/python3/dist-packages/colcon_core/task/python/colcon_distutils_commands:/home/nihal/amr_ws/install/amr_map_tools/lib/python3.10/site-packages:${PYTHONPATH} /usr/bin/python3 -W ignore:setup.py install is deprecated -W ignore:easy_install command is deprecated setup.py egg_info --egg-base ../../build/amr_map_tools build --build-base /home/nihal/amr_ws/build/amr_map_tools/build install --record /home/nihal/amr_ws/build/amr_map_tools/install.log --single-version-externally-managed install_data
