[0.076s] DEBUG:colcon:Command line arguments: ['/usr/bin/colcon', 'build', '--symlink-install', '--packages-select', 'amr_map_tools']
[0.076s] DEBUG:colcon:Parsed command line arguments: Namespace(log_base=None, log_level=None, verb_name='build', build_base='build', install_base='install', merge_install=False, symlink_install=True, test_result_base=None, continue_on_error=False, executor='parallel', parallel_workers=10, event_handlers=None, ignore_user_meta=False, metas=['./colcon.meta'], base_paths=['.'], packages_ignore=None, packages_ignore_regex=None, paths=None, packages_up_to=None, packages_up_to_regex=None, packages_above=None, packages_above_and_dependencies=None, packages_above_depth=None, packages_select_by_dep=None, packages_skip_by_dep=None, packages_skip_up_to=None, packages_select_build_failed=False, packages_skip_build_finished=False, packages_select_test_failures=False, packages_skip_test_passed=False, packages_select=['amr_map_tools'], packages_skip=None, packages_select_regex=None, packages_skip_regex=None, packages_start=None, packages_end=None, allow_overriding=[], cmake_args=None, cmake_target=None, cmake_target_skip_unavailable=False, cmake_clean_cache=False, cmake_clean_first=False, cmake_force_configure=False, ament_cmake_args=None, catkin_cmake_args=None, catkin_skip_building_tests=False, mixin_files=None, mixin=None, verb_parser=<colcon_mixin.mixin.mixin_argument.MixinArgumentDecorator object at 0x7ef7b6f84790>, verb_extension=<colcon_core.verb.build.BuildVerb object at 0x7ef7b6f84190>, main=<bound method BuildVerb.main of <colcon_core.verb.build.BuildVerb object at 0x7ef7b6f84190>>, mixin_verb=('build',))
[0.172s] Level 1:colcon.colcon_core.package_discovery:discover_packages(colcon_meta) check parameters
[0.172s] Level 1:colcon.colcon_core.package_discovery:discover_packages(recursive) check parameters
[0.172s] Level 1:colcon.colcon_core.package_discovery:discover_packages(ignore) check parameters
[0.172s] Level 1:colcon.colcon_core.package_discovery:discover_packages(path) check parameters
[0.172s] Level 1:colcon.colcon_core.package_discovery:discover_packages(colcon_meta) discover
[0.172s] Level 1:colcon.colcon_core.package_discovery:discover_packages(recursive) discover
[0.172s] INFO:colcon.colcon_core.package_discovery:Crawling recursively for packages in '/home/nihal/amr_ws'
[0.172s] Level 1:colcon.colcon_core.package_identification:_identify(.) by extensions ['ignore', 'ignore_ament_install']
[0.172s] Level 1:colcon.colcon_core.package_identification:_identify(.) by extension 'ignore'
[0.172s] Level 1:colcon.colcon_core.package_identification:_identify(.) by extension 'ignore_ament_install'
[0.173s] Level 1:colcon.colcon_core.package_identification:_identify(.) by extensions ['colcon_pkg']
[0.173s] Level 1:colcon.colcon_core.package_identification:_identify(.) by extension 'colcon_pkg'
[0.173s] Level 1:colcon.colcon_core.package_identification:_identify(.) by extensions ['colcon_meta']
[0.173s] Level 1:colcon.colcon_core.package_identification:_identify(.) by extension 'colcon_meta'
[0.173s] Level 1:colcon.colcon_core.package_identification:_identify(.) by extensions ['ros']
[0.173s] Level 1:colcon.colcon_core.package_identification:_identify(.) by extension 'ros'
[0.180s] Level 1:colcon.colcon_core.package_identification:_identify(.) by extensions ['cmake', 'python']
[0.180s] Level 1:colcon.colcon_core.package_identification:_identify(.) by extension 'cmake'
[0.180s] Level 1:colcon.colcon_core.package_identification:_identify(.) by extension 'python'
[0.180s] Level 1:colcon.colcon_core.package_identification:_identify(.) by extensions ['python_setup_py']
[0.180s] Level 1:colcon.colcon_core.package_identification:_identify(.) by extension 'python_setup_py'
[0.180s] Level 1:colcon.colcon_core.package_identification:_identify(build) by extensions ['ignore', 'ignore_ament_install']
[0.180s] Level 1:colcon.colcon_core.package_identification:_identify(build) by extension 'ignore'
[0.180s] Level 1:colcon.colcon_core.package_identification:_identify(build) ignored
[0.180s] Level 1:colcon.colcon_core.package_identification:_identify(install) by extensions ['ignore', 'ignore_ament_install']
[0.180s] Level 1:colcon.colcon_core.package_identification:_identify(install) by extension 'ignore'
[0.180s] Level 1:colcon.colcon_core.package_identification:_identify(install) ignored
[0.180s] Level 1:colcon.colcon_core.package_identification:_identify(log) by extensions ['ignore', 'ignore_ament_install']
[0.180s] Level 1:colcon.colcon_core.package_identification:_identify(log) by extension 'ignore'
[0.180s] Level 1:colcon.colcon_core.package_identification:_identify(log) ignored
[0.180s] Level 1:colcon.colcon_core.package_identification:_identify(src) by extensions ['ignore', 'ignore_ament_install']
[0.180s] Level 1:colcon.colcon_core.package_identification:_identify(src) by extension 'ignore'
[0.180s] Level 1:colcon.colcon_core.package_identification:_identify(src) by extension 'ignore_ament_install'
[0.180s] Level 1:colcon.colcon_core.package_identification:_identify(src) by extensions ['colcon_pkg']
[0.180s] Level 1:colcon.colcon_core.package_identification:_identify(src) by extension 'colcon_pkg'
[0.180s] Level 1:colcon.colcon_core.package_identification:_identify(src) by extensions ['colcon_meta']
[0.180s] Level 1:colcon.colcon_core.package_identification:_identify(src) by extension 'colcon_meta'
[0.180s] Level 1:colcon.colcon_core.package_identification:_identify(src) by extensions ['ros']
[0.180s] Level 1:colcon.colcon_core.package_identification:_identify(src) by extension 'ros'
[0.180s] Level 1:colcon.colcon_core.package_identification:_identify(src) by extensions ['cmake', 'python']
[0.181s] Level 1:colcon.colcon_core.package_identification:_identify(src) by extension 'cmake'
[0.181s] Level 1:colcon.colcon_core.package_identification:_identify(src) by extension 'python'
[0.181s] Level 1:colcon.colcon_core.package_identification:_identify(src) by extensions ['python_setup_py']
[0.181s] Level 1:colcon.colcon_core.package_identification:_identify(src) by extension 'python_setup_py'
[0.181s] Level 1:colcon.colcon_core.package_identification:_identify(src/amr_bringup) by extensions ['ignore', 'ignore_ament_install']
[0.181s] Level 1:colcon.colcon_core.package_identification:_identify(src/amr_bringup) by extension 'ignore'
[0.181s] Level 1:colcon.colcon_core.package_identification:_identify(src/amr_bringup) by extension 'ignore_ament_install'
[0.181s] Level 1:colcon.colcon_core.package_identification:_identify(src/amr_bringup) by extensions ['colcon_pkg']
[0.181s] Level 1:colcon.colcon_core.package_identification:_identify(src/amr_bringup) by extension 'colcon_pkg'
[0.181s] Level 1:colcon.colcon_core.package_identification:_identify(src/amr_bringup) by extensions ['colcon_meta']
[0.181s] Level 1:colcon.colcon_core.package_identification:_identify(src/amr_bringup) by extension 'colcon_meta'
[0.181s] Level 1:colcon.colcon_core.package_identification:_identify(src/amr_bringup) by extensions ['ros']
[0.181s] Level 1:colcon.colcon_core.package_identification:_identify(src/amr_bringup) by extension 'ros'
[0.183s] DEBUG:colcon.colcon_core.package_identification:Package 'src/amr_bringup' with type 'ros.ament_python' and name 'amr_bringup'
[0.183s] Level 1:colcon.colcon_core.package_identification:_identify(src/amr_map_tools) by extensions ['ignore', 'ignore_ament_install']
[0.183s] Level 1:colcon.colcon_core.package_identification:_identify(src/amr_map_tools) by extension 'ignore'
[0.183s] Level 1:colcon.colcon_core.package_identification:_identify(src/amr_map_tools) by extension 'ignore_ament_install'
[0.183s] Level 1:colcon.colcon_core.package_identification:_identify(src/amr_map_tools) by extensions ['colcon_pkg']
[0.183s] Level 1:colcon.colcon_core.package_identification:_identify(src/amr_map_tools) by extension 'colcon_pkg'
[0.183s] Level 1:colcon.colcon_core.package_identification:_identify(src/amr_map_tools) by extensions ['colcon_meta']
[0.183s] Level 1:colcon.colcon_core.package_identification:_identify(src/amr_map_tools) by extension 'colcon_meta'
[0.183s] Level 1:colcon.colcon_core.package_identification:_identify(src/amr_map_tools) by extensions ['ros']
[0.183s] Level 1:colcon.colcon_core.package_identification:_identify(src/amr_map_tools) by extension 'ros'
[0.183s] DEBUG:colcon.colcon_core.package_identification:Package 'src/amr_map_tools' with type 'ros.ament_python' and name 'amr_map_tools'
[0.183s] Level 1:colcon.colcon_core.package_identification:_identify(src/apriltag_gazebo_demo) by extensions ['ignore', 'ignore_ament_install']
[0.189s] Level 1:colcon.colcon_core.package_identification:_identify(src/apriltag_gazebo_demo) by extension 'ignore'
[0.189s] Level 1:colcon.colcon_core.package_identification:_identify(src/apriltag_gazebo_demo) by extension 'ignore_ament_install'
[0.189s] Level 1:colcon.colcon_core.package_identification:_identify(src/apriltag_gazebo_demo) by extensions ['colcon_pkg']
[0.189s] Level 1:colcon.colcon_core.package_identification:_identify(src/apriltag_gazebo_demo) by extension 'colcon_pkg'
[0.189s] Level 1:colcon.colcon_core.package_identification:_identify(src/apriltag_gazebo_demo) by extensions ['colcon_meta']
[0.189s] Level 1:colcon.colcon_core.package_identification:_identify(src/apriltag_gazebo_demo) by extension 'colcon_meta'
[0.189s] Level 1:colcon.colcon_core.package_identification:_identify(src/apriltag_gazebo_demo) by extensions ['ros']
[0.189s] Level 1:colcon.colcon_core.package_identification:_identify(src/apriltag_gazebo_demo) by extension 'ros'
[0.189s] DEBUG:colcon.colcon_core.package_identification:Package 'src/apriltag_gazebo_demo' with type 'ros.ament_cmake' and name 'apriltag_gazebo_demo'
[0.189s] Level 1:colcon.colcon_core.package_identification:_identify(src/ekf_slam) by extensions ['ignore', 'ignore_ament_install']
[0.190s] Level 1:colcon.colcon_core.package_identification:_identify(src/ekf_slam) by extension 'ignore'
[0.190s] Level 1:colcon.colcon_core.package_identification:_identify(src/ekf_slam) by extension 'ignore_ament_install'
[0.190s] Level 1:colcon.colcon_core.package_identification:_identify(src/ekf_slam) by extensions ['colcon_pkg']
[0.190s] Level 1:colcon.colcon_core.package_identification:_identify(src/ekf_slam) by extension 'colcon_pkg'
[0.190s] Level 1:colcon.colcon_core.package_identification:_identify(src/ekf_slam) by extensions ['colcon_meta']
[0.190s] Level 1:colcon.colcon_core.package_identification:_identify(src/ekf_slam) by extension 'colcon_meta'
[0.190s] Level 1:colcon.colcon_core.package_identification:_identify(src/ekf_slam) by extensions ['ros']
[0.190s] Level 1:colcon.colcon_core.package_identification:_identify(src/ekf_slam) by extension 'ros'
[0.190s] DEBUG:colcon.colcon_core.package_identification:Package 'src/ekf_slam' with type 'ros.ament_python' and name 'ekf_slam'
[0.190s] Level 1:colcon.colcon_core.package_identification:_identify(src/ekf_slam_ros) by extensions ['ignore', 'ignore_ament_install']
[0.190s] Level 1:colcon.colcon_core.package_identification:_identify(src/ekf_slam_ros) by extension 'ignore'
[0.190s] Level 1:colcon.colcon_core.package_identification:_identify(src/ekf_slam_ros) by extension 'ignore_ament_install'
[0.190s] Level 1:colcon.colcon_core.package_identification:_identify(src/ekf_slam_ros) by extensions ['colcon_pkg']
[0.190s] Level 1:colcon.colcon_core.package_identification:_identify(src/ekf_slam_ros) by extension 'colcon_pkg'
[0.190s] Level 1:colcon.colcon_core.package_identification:_identify(src/ekf_slam_ros) by extensions ['colcon_meta']
[0.190s] Level 1:colcon.colcon_core.package_identification:_identify(src/ekf_slam_ros) by extension 'colcon_meta'
[0.190s] Level 1:colcon.colcon_core.package_identification:_identify(src/ekf_slam_ros) by extensions ['ros']
[0.190s] Level 1:colcon.colcon_core.package_identification:_identify(src/ekf_slam_ros) by extension 'ros'
[0.190s] DEBUG:colcon.colcon_core.package_identification:Package 'src/ekf_slam_ros' with type 'ros.ament_python' and name 'ekf_slam_ros'
[0.190s] Level 1:colcon.colcon_core.package_discovery:discover_packages(recursive) using defaults
[0.191s] Level 1:colcon.colcon_core.package_discovery:discover_packages(ignore) discover
[0.191s] Level 1:colcon.colcon_core.package_discovery:discover_packages(ignore) using defaults
[0.191s] Level 1:colcon.colcon_core.package_discovery:discover_packages(path) discover
[0.191s] Level 1:colcon.colcon_core.package_discovery:discover_packages(path) using defaults
[0.203s] INFO:colcon.colcon_core.package_selection:Skipping not selected package 'amr_bringup' in 'src/amr_bringup'
[0.203s] INFO:colcon.colcon_core.package_selection:Skipping not selected package 'apriltag_gazebo_demo' in 'src/apriltag_gazebo_demo'
[0.203s] INFO:colcon.colcon_core.package_selection:Skipping not selected package 'ekf_slam' in 'src/ekf_slam'
[0.203s] INFO:colcon.colcon_core.package_selection:Skipping not selected package 'ekf_slam_ros' in 'src/ekf_slam_ros'
[0.203s] Level 1:colcon.colcon_core.package_discovery:discover_packages(prefix_path) check parameters
[0.203s] Level 1:colcon.colcon_core.package_discovery:discover_packages(prefix_path) discover
[0.204s] DEBUG:colcon.colcon_installed_package_information.package_discovery:Found 5 installed packages in /home/nihal/amr_ws/install
[0.204s] DEBUG:colcon.colcon_installed_package_information.package_discovery:Found 0 installed packages in /home/nihal/ros2_ws/install
[0.205s] DEBUG:colcon.colcon_installed_package_information.package_discovery:Found 468 installed packages in /opt/ros/humble
[0.207s] Level 1:colcon.colcon_core.package_discovery:discover_packages(prefix_path) using defaults
[0.234s] Level 5:colcon.colcon_core.verb:set package 'amr_map_tools' build argument 'cmake_args' from command line to 'None'
[0.234s] Level 5:colcon.colcon_core.verb:set package 'amr_map_tools' build argument 'cmake_target' from command line to 'None'
[0.234s] Level 5:colcon.colcon_core.verb:set package 'amr_map_tools' build argument 'cmake_target_skip_unavailable' from command line to 'False'
[0.234s] Level 5:colcon.colcon_core.verb:set package 'amr_map_tools' build argument 'cmake_clean_cache' from command line to 'False'
[0.234s] Level 5:colcon.colcon_core.verb:set package 'amr_map_tools' build argument 'cmake_clean_first' from command line to 'False'
[0.234s] Level 5:colcon.colcon_core.verb:set package 'amr_map_tools' build argument 'cmake_force_configure' from command line to 'False'
[0.234s] Level 5:colcon.colcon_core.verb:set package 'amr_map_tools' build argument 'ament_cmake_args' from command line to 'None'
[0.234s] Level 5:colcon.colcon_core.verb:set package 'amr_map_tools' build argument 'catkin_cmake_args' from command line to 'None'
[0.234s] Level 5:colcon.colcon_core.verb:set package 'amr_map_tools' build argument 'catkin_skip_building_tests' from command line to 'False'
[0.234s] DEBUG:colcon.colcon_core.verb:Building package 'amr_map_tools' with the following arguments: {'ament_cmake_args': None, 'build_base': '/home/nihal/amr_ws/build/amr_map_tools', 'catkin_cmake_args': None, 'catkin_skip_building_tests': False, 'cmake_args': None, 'cmake_clean_cache': False, 'cmake_clean_first': False, 'cmake_force_configure': False, 'cmake_target': None, 'cmake_target_skip_unavailable': False, 'install_base': '/home/nihal/amr_ws/install/amr_map_tools', 'merge_install': False, 'path': '/home/nihal/amr_ws/src/amr_map_tools', 'symlink_install': True, 'test_result_base': None}
[0.234s] INFO:colcon.colcon_core.executor:Executing jobs using 'parallel' executor
[0.235s] DEBUG:colcon.colcon_parallel_executor.executor.parallel:run_until_complete
[0.236s] INFO:colcon.colcon_ros.task.ament_python.build:Building ROS package in '/home/nihal/amr_ws/src/amr_map_tools' with build type 'ament_python'
[0.236s] Level 1:colcon.colcon_core.shell:create_environment_hook('amr_map_tools', 'ament_prefix_path')
[0.238s] INFO:colcon.colcon_core.plugin_system:Skipping extension 'colcon_core.shell.bat': Not used on non-Windows systems
[0.238s] INFO:colcon.colcon_core.shell:Creating environment hook '/home/nihal/amr_ws/install/amr_map_tools/share/amr_map_tools/hook/ament_prefix_path.ps1'
[0.239s] INFO:colcon.colcon_core.shell:Creating environment descriptor '/home/nihal/amr_ws/install/amr_map_tools/share/amr_map_tools/hook/ament_prefix_path.dsv'
[0.240s] INFO:colcon.colcon_core.shell:Creating environment hook '/home/nihal/amr_ws/install/amr_map_tools/share/amr_map_tools/hook/ament_prefix_path.sh'
[0.242s] INFO:colcon.colcon_core.shell:Skip shell extension 'powershell' for command environment: Not usable outside of PowerShell
[0.242s] DEBUG:colcon.colcon_core.shell:Skip shell extension 'dsv' for command environment
[0.415s] INFO:colcon.colcon_core.task.python.build:Building Python package in '/home/nihal/amr_ws/src/amr_map_tools'
[0.415s] INFO:colcon.colcon_core.shell:Skip shell extension 'powershell' for command environment: Not usable outside of PowerShell
[0.415s] DEBUG:colcon.colcon_core.shell:Skip shell extension 'dsv' for command environment
[0.654s] DEBUG:colcon.colcon_core.event_handler.log_command:Invoking command in '/home/nihal/amr_ws/build/amr_map_tools': PYTHONPATH=/home/nihal/amr_ws/build/amr_map_tools/prefix_override:/usr/lib/python3/dist-packages/colcon_core/task/python/colcon_distutils_commands:/home/nihal/amr_ws/install/amr_map_tools/lib/python3.10/site-packages:${PYTHONPATH} /usr/bin/python3 -W ignore:setup.py install is deprecated -W ignore:easy_install command is deprecated setup.py develop --editable --build-directory /home/nihal/amr_ws/build/amr_map_tools/build --no-deps symlink_data
[0.951s] Level 1:colcon.colcon_core.shell:create_environment_hook('amr_map_tools', 'pythonpath_develop')
[0.952s] INFO:colcon.colcon_core.shell:Creating environment hook '/home/nihal/amr_ws/build/amr_map_tools/share/amr_map_tools/hook/pythonpath_develop.ps1'
[0.953s] DEBUG:colcon.colcon_core.event_handler.log_command:Invoked command in '/home/nihal/amr_ws/build/amr_map_tools' returned '0': PYTHONPATH=/home/nihal/amr_ws/build/amr_map_tools/prefix_override:/usr/lib/python3/dist-packages/colcon_core/task/python/colcon_distutils_commands:/home/nihal/amr_ws/install/amr_map_tools/lib/python3.10/site-packages:${PYTHONPATH} /usr/bin/python3 -W ignore:setup.py install is deprecated -W ignore:easy_install command is deprecated setup.py develop --editable --build-directory /home/nihal/amr_ws/build/amr_map_tools/build --no-deps symlink_data
[0.953s] INFO:colcon.colcon_core.shell:Creating environment descriptor '/home/nihal/amr_ws/build/amr_map_tools/share/amr_map_tools/hook/pythonpath_develop.dsv'
[0.953s] INFO:colcon.colcon_core.shell:Creating environment hook '/home/nihal/amr_ws/build/amr_map_tools/share/amr_map_tools/hook/pythonpath_develop.sh'
[0.955s] Level 1:colcon.colcon_core.environment:checking '/home/nihal/amr_ws/install/amr_map_tools' for CMake module files
[0.955s] Level 1:colcon.colcon_core.environment:checking '/home/nihal/amr_ws/install/amr_map_tools' for CMake config files
[0.956s] Level 1:colcon.colcon_core.environment:checking '/home/nihal/amr_ws/install/amr_map_tools/lib'
[0.956s] Level 1:colcon.colcon_core.environment:checking '/home/nihal/amr_ws/install/amr_map_tools/bin'
[0.956s] Level 1:colcon.colcon_core.environment:checking '/home/nihal/amr_ws/install/amr_map_tools/lib/pkgconfig/amr_map_tools.pc'
[0.956s] Level 1:colcon.colcon_core.environment:checking '/home/nihal/amr_ws/install/amr_map_tools/lib/python3.10/site-packages'
[0.956s] Level 1:colcon.colcon_core.shell:create_environment_hook('amr_map_tools', 'pythonpath')
[0.956s] INFO:colcon.colcon_core.shell:Creating environment hook '/home/nihal/amr_ws/install/amr_map_tools/share/amr_map_tools/hook/pythonpath.ps1'
[0.957s] INFO:colcon.colcon_core.shell:Creating environment descriptor '/home/nihal/amr_ws/install/amr_map_tools/share/amr_map_tools/hook/pythonpath.dsv'
[0.957s] INFO:colcon.colcon_core.shell:Creating environment hook '/home/nihal/amr_ws/install/amr_map_tools/share/amr_map_tools/hook/pythonpath.sh'
[0.958s] Level 1:colcon.colcon_core.environment:checking '/home/nihal/amr_ws/install/amr_map_tools/bin'
[0.958s] Level 1:colcon.colcon_core.environment:create_environment_scripts_only(amr_map_tools)
[0.958s] INFO:colcon.colcon_core.shell:Creating package script '/home/nihal/amr_ws/install/amr_map_tools/share/amr_map_tools/package.ps1'
[0.959s] INFO:colcon.colcon_core.shell:Creating package descriptor '/home/nihal/amr_ws/install/amr_map_tools/share/amr_map_tools/package.dsv'
[0.959s] INFO:colcon.colcon_core.shell:Creating package script '/home/nihal/amr_ws/install/amr_map_tools/share/amr_map_tools/package.sh'
[0.960s] INFO:colcon.colcon_core.shell:Creating package script '/home/nihal/amr_ws/install/amr_map_tools/share/amr_map_tools/package.bash'
[0.961s] INFO:colcon.colcon_core.shell:Creating package script '/home/nihal/amr_ws/install/amr_map_tools/share/amr_map_tools/package.zsh'
[0.961s] Level 1:colcon.colcon_core.environment:create_file_with_runtime_dependencies(/home/nihal/amr_ws/install/amr_map_tools/share/colcon-core/packages/amr_map_tools)
[0.962s] DEBUG:colcon.colcon_parallel_executor.executor.parallel:closing loop
[0.962s] DEBUG:colcon.colcon_parallel_executor.executor.parallel:loop closed
[0.962s] DEBUG:colcon.colcon_parallel_executor.executor.parallel:run_until_complete finished with '0'
[0.962s] DEBUG:colcon.colcon_core.event_reactor:joining thread
[0.966s] INFO:colcon.colcon_core.plugin_system:Skipping extension 'colcon_notification.desktop_notification.terminal_notifier': Not used on non-Darwin systems
[0.966s] INFO:colcon.colcon_core.plugin_system:Skipping extension 'colcon_notification.desktop_notification.win32': Not used on non-Windows systems
[0.966s] INFO:colcon.colcon_notification.desktop_notification:Sending desktop notification using 'notify2'
[0.979s] DEBUG:colcon.colcon_core.event_reactor:joined thread
[0.980s] INFO:colcon.colcon_core.shell:Creating prefix script '/home/nihal/amr_ws/install/local_setup.ps1'
[0.980s] INFO:colcon.colcon_core.shell:Creating prefix util module '/home/nihal/amr_ws/install/_local_setup_util_ps1.py'
[0.981s] INFO:colcon.colcon_core.shell:Creating prefix chain script '/home/nihal/amr_ws/install/setup.ps1'
[0.982s] INFO:colcon.colcon_core.shell:Creating prefix script '/home/nihal/amr_ws/install/local_setup.sh'
[0.983s] INFO:colcon.colcon_core.shell:Creating prefix util module '/home/nihal/amr_ws/install/_local_setup_util_sh.py'
[0.984s] INFO:colcon.colcon_core.shell:Creating prefix chain script '/home/nihal/amr_ws/install/setup.sh'
[0.984s] INFO:colcon.colcon_core.shell:Creating prefix script '/home/nihal/amr_ws/install/local_setup.bash'
[0.985s] INFO:colcon.colcon_core.shell:Creating prefix chain script '/home/nihal/amr_ws/install/setup.bash'
[0.986s] INFO:colcon.colcon_core.shell:Creating prefix script '/home/nihal/amr_ws/install/local_setup.zsh'
[0.986s] INFO:colcon.colcon_core.shell:Creating prefix chain script '/home/nihal/amr_ws/install/setup.zsh'
