-- Install configuration: ""
-- Execute custom install script
-- Up-to-date symlink: /home/nihal/amr_ws/install/apriltag_gazebo_demo/share/apriltag_gazebo_demo/launch/tb3_warehouse.launch.py
-- Up-to-date symlink: /home/nihal/amr_ws/install/apriltag_gazebo_demo/share/apriltag_gazebo_demo/worlds/warehouse_with_tags.world
-- Up-to-date symlink: /home/nihal/amr_ws/install/apriltag_gazebo_demo/share/apriltag_gazebo_demo/models/apriltag_36h11_id0/materials/scripts/tag.material
-- Up-to-date symlink: /home/nihal/amr_ws/install/apriltag_gazebo_demo/share/apriltag_gazebo_demo/models/apriltag_36h11_id0/materials/textures/tag.png
-- Up-to-date symlink: /home/nihal/amr_ws/install/apriltag_gazebo_demo/share/apriltag_gazebo_demo/models/apriltag_36h11_id0/model.config
-- Up-to-date symlink: /home/nihal/amr_ws/install/apriltag_gazebo_demo/share/apriltag_gazebo_demo/models/apriltag_36h11_id0/model.sdf
-- Up-to-date symlink: /home/nihal/amr_ws/install/apriltag_gazebo_demo/share/apriltag_gazebo_demo/models/apriltag_36h11_id1/materials/scripts/tag.material
-- Up-to-date symlink: /home/nihal/amr_ws/install/apriltag_gazebo_demo/share/apriltag_gazebo_demo/models/apriltag_36h11_id1/materials/textures/tag.png
-- Up-to-date symlink: /home/nihal/amr_ws/install/apriltag_gazebo_demo/share/apriltag_gazebo_demo/models/apriltag_36h11_id1/model.config
-- Up-to-date symlink: /home/nihal/amr_ws/install/apriltag_gazebo_demo/share/apriltag_gazebo_demo/models/apriltag_36h11_id1/model.sdf
-- Up-to-date symlink: /home/nihal/amr_ws/install/apriltag_gazebo_demo/share/apriltag_gazebo_demo/models/apriltag_36h11_id2/materials/scripts/tag.material
-- Up-to-date symlink: /home/nihal/amr_ws/install/apriltag_gazebo_demo/share/apriltag_gazebo_demo/models/apriltag_36h11_id2/materials/textures/tag.png
-- Up-to-date symlink: /home/nihal/amr_ws/install/apriltag_gazebo_demo/share/apriltag_gazebo_demo/models/apriltag_36h11_id2/model.config
-- Up-to-date symlink: /home/nihal/amr_ws/install/apriltag_gazebo_demo/share/apriltag_gazebo_demo/models/apriltag_36h11_id2/model.sdf
-- Up-to-date symlink: /home/nihal/amr_ws/install/apriltag_gazebo_demo/share/apriltag_gazebo_demo/models/apriltag_36h11_id3/materials/scripts/tag.material
-- Up-to-date symlink: /home/nihal/amr_ws/install/apriltag_gazebo_demo/share/apriltag_gazebo_demo/models/apriltag_36h11_id3/materials/textures/tag.png
-- Up-to-date symlink: /home/nihal/amr_ws/install/apriltag_gazebo_demo/share/apriltag_gazebo_demo/models/apriltag_36h11_id3/model.config
-- Up-to-date symlink: /home/nihal/amr_ws/install/apriltag_gazebo_demo/share/apriltag_gazebo_demo/models/apriltag_36h11_id3/model.sdf
-- Up-to-date symlink: /home/nihal/amr_ws/install/apriltag_gazebo_demo/share/apriltag_gazebo_demo/models/apriltag_36h11_id4/materials/scripts/tag.material
-- Up-to-date symlink: /home/nihal/amr_ws/install/apriltag_gazebo_demo/share/apriltag_gazebo_demo/models/apriltag_36h11_id4/materials/textures/tag.png
-- Up-to-date symlink: /home/nihal/amr_ws/install/apriltag_gazebo_demo/share/apriltag_gazebo_demo/models/apriltag_36h11_id4/model.config
-- Up-to-date symlink: /home/nihal/amr_ws/install/apriltag_gazebo_demo/share/apriltag_gazebo_demo/models/apriltag_36h11_id4/model.sdf
-- Up-to-date symlink: /home/nihal/amr_ws/install/apriltag_gazebo_demo/share/apriltag_gazebo_demo/models/apriltag_36h11_id5/materials/scripts/tag.material
-- Up-to-date symlink: /home/nihal/amr_ws/install/apriltag_gazebo_demo/share/apriltag_gazebo_demo/models/apriltag_36h11_id5/materials/textures/tag.png
-- Up-to-date symlink: /home/nihal/amr_ws/install/apriltag_gazebo_demo/share/apriltag_gazebo_demo/models/apriltag_36h11_id5/model.config
-- Up-to-date symlink: /home/nihal/amr_ws/install/apriltag_gazebo_demo/share/apriltag_gazebo_demo/models/apriltag_36h11_id5/model.sdf
-- Up-to-date symlink: /home/nihal/amr_ws/install/apriltag_gazebo_demo/share/apriltag_gazebo_demo/models/turtlebot3_waffle_pi/model-1_4_.sdf
-- Up-to-date symlink: /home/nihal/amr_ws/install/apriltag_gazebo_demo/share/apriltag_gazebo_demo/models/turtlebot3_waffle_pi/model.config
-- Up-to-date symlink: /home/nihal/amr_ws/install/apriltag_gazebo_demo/share/apriltag_gazebo_demo/models/turtlebot3_waffle_pi/model.sdf
-- Up-to-date symlink: /home/nihal/amr_ws/install/apriltag_gazebo_demo/share/ament_index/resource_index/package_run_dependencies/apriltag_gazebo_demo
-- Up-to-date symlink: /home/nihal/amr_ws/install/apriltag_gazebo_demo/share/ament_index/resource_index/parent_prefix_path/apriltag_gazebo_demo
-- Up-to-date symlink: /home/nihal/amr_ws/install/apriltag_gazebo_demo/share/apriltag_gazebo_demo/environment/ament_prefix_path.sh
-- Up-to-date symlink: /home/nihal/amr_ws/install/apriltag_gazebo_demo/share/apriltag_gazebo_demo/environment/ament_prefix_path.dsv
-- Up-to-date symlink: /home/nihal/amr_ws/install/apriltag_gazebo_demo/share/apriltag_gazebo_demo/environment/path.sh
-- Up-to-date symlink: /home/nihal/amr_ws/install/apriltag_gazebo_demo/share/apriltag_gazebo_demo/environment/path.dsv
-- Up-to-date symlink: /home/nihal/amr_ws/install/apriltag_gazebo_demo/share/apriltag_gazebo_demo/local_setup.bash
-- Up-to-date symlink: /home/nihal/amr_ws/install/apriltag_gazebo_demo/share/apriltag_gazebo_demo/local_setup.sh
-- Up-to-date symlink: /home/nihal/amr_ws/install/apriltag_gazebo_demo/share/apriltag_gazebo_demo/local_setup.zsh
-- Up-to-date symlink: /home/nihal/amr_ws/install/apriltag_gazebo_demo/share/apriltag_gazebo_demo/local_setup.dsv
-- Symlinking: /home/nihal/amr_ws/install/apriltag_gazebo_demo/share/apriltag_gazebo_demo/package.dsv
-- Up-to-date symlink: /home/nihal/amr_ws/install/apriltag_gazebo_demo/share/ament_index/resource_index/packages/apriltag_gazebo_demo
-- Up-to-date symlink: /home/nihal/amr_ws/install/apriltag_gazebo_demo/share/apriltag_gazebo_demo/cmake/apriltag_gazebo_demoConfig.cmake
-- Up-to-date symlink: /home/nihal/amr_ws/install/apriltag_gazebo_demo/share/apriltag_gazebo_demo/cmake/apriltag_gazebo_demoConfig-version.cmake
-- Up-to-date symlink: /home/nihal/amr_ws/install/apriltag_gazebo_demo/share/apriltag_gazebo_demo/package.xml
