running develop
running egg_info
creating ekf_slam_ros.egg-info
writing ekf_slam_ros.egg-info/PKG-INFO
writing dependency_links to ekf_slam_ros.egg-info/dependency_links.txt
writing entry points to ekf_slam_ros.egg-info/entry_points.txt
writing requirements to ekf_slam_ros.egg-info/requires.txt
writing top-level names to ekf_slam_ros.egg-info/top_level.txt
writing manifest file 'ekf_slam_ros.egg-info/SOURCES.txt'
reading manifest file 'ekf_slam_ros.egg-info/SOURCES.txt'
writing manifest file 'ekf_slam_ros.egg-info/SOURCES.txt'
running build_ext
Creating /home/nihal/amr_ws/install/ekf_slam_ros/lib/python3.10/site-packages/ekf-slam-ros.egg-link (link to .)
Installing slam_plumbing_node script to /home/nihal/amr_ws/install/ekf_slam_ros/lib/ekf_slam_ros

Installed /home/nihal/amr_ws/build/ekf_slam_ros
running symlink_data
creating /home/nihal/amr_ws/install/ekf_slam_ros/share/ament_index
creating /home/nihal/amr_ws/install/ekf_slam_ros/share/ament_index/resource_index
creating /home/nihal/amr_ws/install/ekf_slam_ros/share/ament_index/resource_index/packages
symbolically linking /home/nihal/amr_ws/build/ekf_slam_ros/resource/ekf_slam_ros -> /home/nihal/amr_ws/install/ekf_slam_ros/share/ament_index/resource_index/packages
symbolically linking /home/nihal/amr_ws/build/ekf_slam_ros/package.xml -> /home/nihal/amr_ws/install/ekf_slam_ros/share/ekf_slam_ros
creating /home/nihal/amr_ws/install/ekf_slam_ros/share/ekf_slam_ros/launch
symbolically linking /home/nihal/amr_ws/build/ekf_slam_ros/launch/tb3_warehouse_slam.launch.py -> /home/nihal/amr_ws/install/ekf_slam_ros/share/ekf_slam_ros/launch
creating /home/nihal/amr_ws/install/ekf_slam_ros/share/ekf_slam_ros/config
symbolically linking /home/nihal/amr_ws/build/ekf_slam_ros/config/slam_params.yaml -> /home/nihal/amr_ws/install/ekf_slam_ros/share/ekf_slam_ros/config
