running develop
Removing /home/nihal/amr_ws/install/ekf_slam/lib/python3.10/site-packages/ekf-slam.egg-link (link to .)
running egg_info
writing ../../build/ekf_slam/ekf_slam.egg-info/PKG-INFO
writing dependency_links to ../../build/ekf_slam/ekf_slam.egg-info/dependency_links.txt
writing requirements to ../../build/ekf_slam/ekf_slam.egg-info/requires.txt
writing top-level names to ../../build/ekf_slam/ekf_slam.egg-info/top_level.txt
reading manifest file '../../build/ekf_slam/ekf_slam.egg-info/SOURCES.txt'
writing manifest file '../../build/ekf_slam/ekf_slam.egg-info/SOURCES.txt'
running build
running build_py
creating /home/nihal/amr_ws/build/ekf_slam/build
creating /home/nihal/amr_ws/build/ekf_slam/build/lib
creating /home/nihal/amr_ws/build/ekf_slam/build/lib/ekf_slam
copying ekf_slam/ekf.py -> /home/nihal/amr_ws/build/ekf_slam/build/lib/ekf_slam
copying ekf_slam/__init__.py -> /home/nihal/amr_ws/build/ekf_slam/build/lib/ekf_slam
copying ekf_slam/plots.py -> /home/nihal/amr_ws/build/ekf_slam/build/lib/ekf_slam
copying ekf_slam/main.py -> /home/nihal/amr_ws/build/ekf_slam/build/lib/ekf_slam
copying ekf_slam/sim.py -> /home/nihal/amr_ws/build/ekf_slam/build/lib/ekf_slam
copying ekf_slam/models.py -> /home/nihal/amr_ws/build/ekf_slam/build/lib/ekf_slam
running install
running install_lib
creating /home/nihal/amr_ws/install/ekf_slam/lib/python3.10/site-packages/ekf_slam
copying /home/nihal/amr_ws/build/ekf_slam/build/lib/ekf_slam/ekf.py -> /home/nihal/amr_ws/install/ekf_slam/lib/python3.10/site-packages/ekf_slam
copying /home/nihal/amr_ws/build/ekf_slam/build/lib/ekf_slam/__init__.py -> /home/nihal/amr_ws/install/ekf_slam/lib/python3.10/site-packages/ekf_slam
copying /home/nihal/amr_ws/build/ekf_slam/build/lib/ekf_slam/plots.py -> /home/nihal/amr_ws/install/ekf_slam/lib/python3.10/site-packages/ekf_slam
copying /home/nihal/amr_ws/build/ekf_slam/build/lib/ekf_slam/main.py -> /home/nihal/amr_ws/install/ekf_slam/lib/python3.10/site-packages/ekf_slam
copying /home/nihal/amr_ws/build/ekf_slam/build/lib/ekf_slam/sim.py -> /home/nihal/amr_ws/install/ekf_slam/lib/python3.10/site-packages/ekf_slam
copying /home/nihal/amr_ws/build/ekf_slam/build/lib/ekf_slam/models.py -> /home/nihal/amr_ws/install/ekf_slam/lib/python3.10/site-packages/ekf_slam
byte-compiling /home/nihal/amr_ws/install/ekf_slam/lib/python3.10/site-packages/ekf_slam/ekf.py to ekf.cpython-310.pyc
byte-compiling /home/nihal/amr_ws/install/ekf_slam/lib/python3.10/site-packages/ekf_slam/__init__.py to __init__.cpython-310.pyc
byte-compiling /home/nihal/amr_ws/install/ekf_slam/lib/python3.10/site-packages/ekf_slam/plots.py to plots.cpython-310.pyc
byte-compiling /home/nihal/amr_ws/install/ekf_slam/lib/python3.10/site-packages/ekf_slam/main.py to main.cpython-310.pyc
byte-compiling /home/nihal/amr_ws/install/ekf_slam/lib/python3.10/site-packages/ekf_slam/sim.py to sim.cpython-310.pyc
byte-compiling /home/nihal/amr_ws/install/ekf_slam/lib/python3.10/site-packages/ekf_slam/models.py to models.cpython-310.pyc
running install_data
copying resource/ekf_slam -> /home/nihal/amr_ws/install/ekf_slam/share/ament_index/resource_index/packages
copying package.xml -> /home/nihal/amr_ws/install/ekf_slam/share/ekf_slam
running install_egg_info
Copying ../../build/ekf_slam/ekf_slam.egg-info to /home/nihal/amr_ws/install/ekf_slam/lib/python3.10/site-packages/ekf_slam-0.0.1-py3.10.egg-info
running install_scripts
writing list of installed files to '/home/nihal/amr_ws/build/ekf_slam/install.log'
