[0.918s] Invoking command in '/home/nihal/amr_ws/build/ekf_slam': PYTHONPATH=/home/nihal/amr_ws/build/ekf_slam/prefix_override:/usr/lib/python3/dist-packages/colcon_core/task/python/colcon_distutils_commands:/home/nihal/amr_ws/install/ekf_slam/lib/python3.10/site-packages:${PYTHONPATH} /usr/bin/python3 -W ignore:setup.py install is deprecated -W ignore:easy_install command is deprecated setup.py develop --uninstall --editable --build-directory /home/nihal/amr_ws/build/ekf_slam/build
[1.085s] running develop
[1.187s] Removing /home/nihal/amr_ws/install/ekf_slam/lib/python3.10/site-packages/ekf-slam.egg-link (link to .)
[1.206s] Invoked command in '/home/nihal/amr_ws/build/ekf_slam' returned '0': PYTHONPATH=/home/nihal/amr_ws/build/ekf_slam/prefix_override:/usr/lib/python3/dist-packages/colcon_core/task/python/colcon_distutils_commands:/home/nihal/amr_ws/install/ekf_slam/lib/python3.10/site-packages:${PYTHONPATH} /usr/bin/python3 -W ignore:setup.py install is deprecated -W ignore:easy_install command is deprecated setup.py develop --uninstall --editable --build-directory /home/nihal/amr_ws/build/ekf_slam/build
[1.208s] Invoking command in '/home/nihal/amr_ws/src/ekf_slam': PYTHONPATH=/home/nihal/amr_ws/build/ekf_slam/prefix_override:/usr/lib/python3/dist-packages/colcon_core/task/python/colcon_distutils_commands:/home/nihal/amr_ws/install/ekf_slam/lib/python3.10/site-packages:${PYTHONPATH} /usr/bin/python3 -W ignore:setup.py install is deprecated -W ignore:easy_install command is deprecated setup.py egg_info --egg-base ../../build/ekf_slam build --build-base /home/nihal/amr_ws/build/ekf_slam/build install --record /home/nihal/amr_ws/build/ekf_slam/install.log --single-version-externally-managed install_data --force
[1.361s] running egg_info
[1.365s] writing ../../build/ekf_slam/ekf_slam.egg-info/PKG-INFO
[1.365s] writing dependency_links to ../../build/ekf_slam/ekf_slam.egg-info/dependency_links.txt
[1.366s] writing requirements to ../../build/ekf_slam/ekf_slam.egg-info/requires.txt
[1.366s] writing top-level names to ../../build/ekf_slam/ekf_slam.egg-info/top_level.txt
[1.367s] reading manifest file '../../build/ekf_slam/ekf_slam.egg-info/SOURCES.txt'
[1.369s] writing manifest file '../../build/ekf_slam/ekf_slam.egg-info/SOURCES.txt'
[1.369s] running build
[1.369s] running build_py
[1.369s] creating /home/nihal/amr_ws/build/ekf_slam/build
[1.369s] creating /home/nihal/amr_ws/build/ekf_slam/build/lib
[1.370s] creating /home/nihal/amr_ws/build/ekf_slam/build/lib/ekf_slam
[1.370s] copying ekf_slam/ekf.py -> /home/nihal/amr_ws/build/ekf_slam/build/lib/ekf_slam
[1.370s] copying ekf_slam/__init__.py -> /home/nihal/amr_ws/build/ekf_slam/build/lib/ekf_slam
[1.370s] copying ekf_slam/plots.py -> /home/nihal/amr_ws/build/ekf_slam/build/lib/ekf_slam
[1.370s] copying ekf_slam/main.py -> /home/nihal/amr_ws/build/ekf_slam/build/lib/ekf_slam
[1.371s] copying ekf_slam/sim.py -> /home/nihal/amr_ws/build/ekf_slam/build/lib/ekf_slam
[1.371s] copying ekf_slam/models.py -> /home/nihal/amr_ws/build/ekf_slam/build/lib/ekf_slam
[1.372s] running install
[1.372s] running install_lib
[1.373s] creating /home/nihal/amr_ws/install/ekf_slam/lib/python3.10/site-packages/ekf_slam
[1.373s] copying /home/nihal/amr_ws/build/ekf_slam/build/lib/ekf_slam/ekf.py -> /home/nihal/amr_ws/install/ekf_slam/lib/python3.10/site-packages/ekf_slam
[1.373s] copying /home/nihal/amr_ws/build/ekf_slam/build/lib/ekf_slam/__init__.py -> /home/nihal/amr_ws/install/ekf_slam/lib/python3.10/site-packages/ekf_slam
[1.373s] copying /home/nihal/amr_ws/build/ekf_slam/build/lib/ekf_slam/plots.py -> /home/nihal/amr_ws/install/ekf_slam/lib/python3.10/site-packages/ekf_slam
[1.373s] copying /home/nihal/amr_ws/build/ekf_slam/build/lib/ekf_slam/main.py -> /home/nihal/amr_ws/install/ekf_slam/lib/python3.10/site-packages/ekf_slam
[1.373s] copying /home/nihal/amr_ws/build/ekf_slam/build/lib/ekf_slam/sim.py -> /home/nihal/amr_ws/install/ekf_slam/lib/python3.10/site-packages/ekf_slam
[1.373s] copying /home/nihal/amr_ws/build/ekf_slam/build/lib/ekf_slam/models.py -> /home/nihal/amr_ws/install/ekf_slam/lib/python3.10/site-packages/ekf_slam
[1.373s] byte-compiling /home/nihal/amr_ws/install/ekf_slam/lib/python3.10/site-packages/ekf_slam/ekf.py to ekf.cpython-310.pyc
[1.375s] byte-compiling /home/nihal/amr_ws/install/ekf_slam/lib/python3.10/site-packages/ekf_slam/__init__.py to __init__.cpython-310.pyc
[1.375s] byte-compiling /home/nihal/amr_ws/install/ekf_slam/lib/python3.10/site-packages/ekf_slam/plots.py to plots.cpython-310.pyc
[1.375s] byte-compiling /home/nihal/amr_ws/install/ekf_slam/lib/python3.10/site-packages/ekf_slam/main.py to main.cpython-310.pyc
[1.377s] byte-compiling /home/nihal/amr_ws/install/ekf_slam/lib/python3.10/site-packages/ekf_slam/sim.py to sim.cpython-310.pyc
[1.377s] byte-compiling /home/nihal/amr_ws/install/ekf_slam/lib/python3.10/site-packages/ekf_slam/models.py to models.cpython-310.pyc
[1.378s] running install_data
[1.378s] copying resource/ekf_slam -> /home/nihal/amr_ws/install/ekf_slam/share/ament_index/resource_index/packages
[1.378s] copying package.xml -> /home/nihal/amr_ws/install/ekf_slam/share/ekf_slam
[1.378s] running install_egg_info
[1.380s] Copying ../../build/ekf_slam/ekf_slam.egg-info to /home/nihal/amr_ws/install/ekf_slam/lib/python3.10/site-packages/ekf_slam-0.0.1-py3.10.egg-info
[1.381s] running install_scripts
[1.396s] writing list of installed files to '/home/nihal/amr_ws/build/ekf_slam/install.log'
[1.413s] Invoked command in '/home/nihal/amr_ws/src/ekf_slam' returned '0': PYTHONPATH=/home/nihal/amr_ws/build/ekf_slam/prefix_override:/usr/lib/python3/dist-packages/colcon_core/task/python/colcon_distutils_commands:/home/nihal/amr_ws/install/ekf_slam/lib/python3.10/site-packages:${PYTHONPATH} /usr/bin/python3 -W ignore:setup.py install is deprecated -W ignore:easy_install command is deprecated setup.py egg_info --egg-base ../../build/ekf_slam build --build-base /home/nihal/amr_ws/build/ekf_slam/build install --record /home/nihal/amr_ws/build/ekf_slam/install.log --single-version-externally-managed install_data --force
