running develop
Removing /home/nihal/amr_ws/install/amr_bringup/lib/python3.10/site-packages/amr-bringup.egg-link (link to .)
running egg_info
writing ../../build/amr_bringup/amr_bringup.egg-info/PKG-INFO
writing dependency_links to ../../build/amr_bringup/amr_bringup.egg-info/dependency_links.txt
writing entry points to ../../build/amr_bringup/amr_bringup.egg-info/entry_points.txt
writing requirements to ../../build/amr_bringup/amr_bringup.egg-info/requires.txt
writing top-level names to ../../build/amr_bringup/amr_bringup.egg-info/top_level.txt
reading manifest file '../../build/amr_bringup/amr_bringup.egg-info/SOURCES.txt'
writing manifest file '../../build/amr_bringup/amr_bringup.egg-info/SOURCES.txt'
running build
running build_py
running install
running install_lib
creating /home/nihal/amr_ws/install/amr_bringup/lib/python3.10/site-packages/amr_bringup
copying /home/nihal/amr_ws/build/amr_bringup/build/lib/amr_bringup/__init__.py -> /home/nihal/amr_ws/install/amr_bringup/lib/python3.10/site-packages/amr_bringup
byte-compiling /home/nihal/amr_ws/install/amr_bringup/lib/python3.10/site-packages/amr_bringup/__init__.py to __init__.cpython-310.pyc
running install_data
copying resource/amr_bringup -> /home/nihal/amr_ws/install/amr_bringup/share/ament_index/resource_index/packages
copying package.xml -> /home/nihal/amr_ws/install/amr_bringup/share/amr_bringup
running install_egg_info
Copying ../../build/amr_bringup/amr_bringup.egg-info to /home/nihal/amr_ws/install/amr_bringup/lib/python3.10/site-packages/amr_bringup-0.0.0-py3.10.egg-info
running install_scripts
writing list of installed files to '/home/nihal/amr_ws/build/amr_bringup/install.log'
