[1.347s] Invoking command in '/home/nihal/amr_ws/build/amr_bringup': PYTHONPATH=/home/nihal/amr_ws/build/amr_bringup/prefix_override:/usr/lib/python3/dist-packages/colcon_core/task/python/colcon_distutils_commands:/home/nihal/amr_ws/install/amr_bringup/lib/python3.10/site-packages:${PYTHONPATH} /usr/bin/python3 -W ignore:setup.py install is deprecated -W ignore:easy_install command is deprecated setup.py develop --uninstall --editable --build-directory /home/nihal/amr_ws/build/amr_bringup/build
[1.528s] running develop
[1.630s] Removing /home/nihal/amr_ws/install/amr_bringup/lib/python3.10/site-packages/amr-bringup.egg-link (link to .)
[1.660s] Invoked command in '/home/nihal/amr_ws/build/amr_bringup' returned '0': PYTHONPATH=/home/nihal/amr_ws/build/amr_bringup/prefix_override:/usr/lib/python3/dist-packages/colcon_core/task/python/colcon_distutils_commands:/home/nihal/amr_ws/install/amr_bringup/lib/python3.10/site-packages:${PYTHONPATH} /usr/bin/python3 -W ignore:setup.py install is deprecated -W ignore:easy_install command is deprecated setup.py develop --uninstall --editable --build-directory /home/nihal/amr_ws/build/amr_bringup/build
[1.662s] Invoking command in '/home/nihal/amr_ws/src/amr_bringup': PYTHONPATH=/home/nihal/amr_ws/build/amr_bringup/prefix_override:/usr/lib/python3/dist-packages/colcon_core/task/python/colcon_distutils_commands:/home/nihal/amr_ws/install/amr_bringup/lib/python3.10/site-packages:${PYTHONPATH} /usr/bin/python3 -W ignore:setup.py install is deprecated -W ignore:easy_install command is deprecated setup.py egg_info --egg-base ../../build/amr_bringup build --build-base /home/nihal/amr_ws/build/amr_bringup/build install --record /home/nihal/amr_ws/build/amr_bringup/install.log --single-version-externally-managed install_data --force
[1.827s] running egg_info
[1.828s] writing ../../build/amr_bringup/amr_bringup.egg-info/PKG-INFO
[1.828s] writing dependency_links to ../../build/amr_bringup/amr_bringup.egg-info/dependency_links.txt
[1.828s] writing entry points to ../../build/amr_bringup/amr_bringup.egg-info/entry_points.txt
[1.829s] writing requirements to ../../build/amr_bringup/amr_bringup.egg-info/requires.txt
[1.829s] writing top-level names to ../../build/amr_bringup/amr_bringup.egg-info/top_level.txt
[1.831s] reading manifest file '../../build/amr_bringup/amr_bringup.egg-info/SOURCES.txt'
[1.832s] writing manifest file '../../build/amr_bringup/amr_bringup.egg-info/SOURCES.txt'
[1.832s] running build
[1.832s] running build_py
[1.834s] running install
[1.834s] running install_lib
[1.834s] creating /home/nihal/amr_ws/install/amr_bringup/lib/python3.10/site-packages/amr_bringup
[1.834s] copying /home/nihal/amr_ws/build/amr_bringup/build/lib/amr_bringup/__init__.py -> /home/nihal/amr_ws/install/amr_bringup/lib/python3.10/site-packages/amr_bringup
[1.835s] byte-compiling /home/nihal/amr_ws/install/amr_bringup/lib/python3.10/site-packages/amr_bringup/__init__.py to __init__.cpython-310.pyc
[1.835s] running install_data
[1.835s] copying resource/amr_bringup -> /home/nihal/amr_ws/install/amr_bringup/share/ament_index/resource_index/packages
[1.835s] copying package.xml -> /home/nihal/amr_ws/install/amr_bringup/share/amr_bringup
[1.837s] running install_egg_info
[1.837s] Copying ../../build/amr_bringup/amr_bringup.egg-info to /home/nihal/amr_ws/install/amr_bringup/lib/python3.10/site-packages/amr_bringup-0.0.0-py3.10.egg-info
[1.838s] running install_scripts
[1.854s] writing list of installed files to '/home/nihal/amr_ws/build/amr_bringup/install.log'
[1.893s] Invoked command in '/home/nihal/amr_ws/src/amr_bringup' returned '0': PYTHONPATH=/home/nihal/amr_ws/build/amr_bringup/prefix_override:/usr/lib/python3/dist-packages/colcon_core/task/python/colcon_distutils_commands:/home/nihal/amr_ws/install/amr_bringup/lib/python3.10/site-packages:${PYTHONPATH} /usr/bin/python3 -W ignore:setup.py install is deprecated -W ignore:easy_install command is deprecated setup.py egg_info --egg-base ../../build/amr_bringup build --build-base /home/nihal/amr_ws/build/amr_bringup/build install --record /home/nihal/amr_ws/build/amr_bringup/install.log --single-version-externally-managed install_data --force
