[0.955s] Invoking command in '/home/nihal/amr_ws/build/amr_map_tools': PYTHONPATH=/home/nihal/amr_ws/build/amr_map_tools/prefix_override:/usr/lib/python3/dist-packages/colcon_core/task/python/colcon_distutils_commands:/home/nihal/amr_ws/install/amr_map_tools/lib/python3.10/site-packages:${PYTHONPATH} /usr/bin/python3 -W ignore:setup.py install is deprecated -W ignore:easy_install command is deprecated setup.py develop --editable --build-directory /home/nihal/amr_ws/build/amr_map_tools/build --no-deps symlink_data --force
[1.146s] running develop
[1.269s] running egg_info
[1.269s] writing amr_map_tools.egg-info/PKG-INFO
[1.269s] writing dependency_links to amr_map_tools.egg-info/dependency_links.txt
[1.270s] writing entry points to amr_map_tools.egg-info/entry_points.txt
[1.270s] writing requirements to amr_map_tools.egg-info/requires.txt
[1.270s] writing top-level names to amr_map_tools.egg-info/top_level.txt
[1.273s] reading manifest file 'amr_map_tools.egg-info/SOURCES.txt'
[1.274s] writing manifest file 'amr_map_tools.egg-info/SOURCES.txt'
[1.275s] running build_ext
[1.275s] Creating /home/nihal/amr_ws/install/amr_map_tools/lib/python3.10/site-packages/amr-map-tools.egg-link (link to .)
[1.276s] Installing map_loader_node script to /home/nihal/amr_ws/install/amr_map_tools/lib/amr_map_tools
[1.279s] Installing map_saver_node script to /home/nihal/amr_ws/install/amr_map_tools/lib/amr_map_tools
[1.279s] 
[1.279s] Installed /home/nihal/amr_ws/build/amr_map_tools
[1.279s] running symlink_data
[1.279s] symbolically linking /home/nihal/amr_ws/build/amr_map_tools/resource/amr_map_tools -> /home/nihal/amr_ws/install/amr_map_tools/share/ament_index/resource_index/packages
[1.279s] symbolically linking /home/nihal/amr_ws/build/amr_map_tools/package.xml -> /home/nihal/amr_ws/install/amr_map_tools/share/amr_map_tools
[1.313s] Invoked command in '/home/nihal/amr_ws/build/amr_map_tools' returned '0': PYTHONPATH=/home/nihal/amr_ws/build/amr_map_tools/prefix_override:/usr/lib/python3/dist-packages/colcon_core/task/python/colcon_distutils_commands:/home/nihal/amr_ws/install/amr_map_tools/lib/python3.10/site-packages:${PYTHONPATH} /usr/bin/python3 -W ignore:setup.py install is deprecated -W ignore:easy_install command is deprecated setup.py develop --editable --build-directory /home/nihal/amr_ws/build/amr_map_tools/build --no-deps symlink_data --force
