[0.469s] Invoking command in '/home/nihal/amr_ws/src/ekf_slam_ros': AMENT_PREFIX_PATH=/home/nihal/amr_ws/install/ekf_slam:/home/nihal/amr_ws/install/amr_navigation:/home/nihal/amr_ws/install/amr_map_tools:/home/nihal/amr_ws/install/ekf_slam_ros:/home/nihal/amr_ws/install/apriltag_gazebo_demo:/home/nihal/amr_ws/install/amr_bringup:/opt/ros/humble PYTHONPATH=/home/nihal/amr_ws/build/ekf_slam_ros/prefix_override:/usr/lib/python3/dist-packages/colcon_core/task/python/colcon_distutils_commands:/home/nihal/amr_ws/install/ekf_slam_ros/lib/python3.10/site-packages:/home/nihal/amr_ws/install/ekf_slam/lib/python3.10/site-packages:/home/nihal/amr_ws/build/amr_navigation:/home/nihal/amr_ws/install/amr_navigation/lib/python3.10/site-packages:/home/nihal/amr_ws/build/amr_map_tools:/home/nihal/amr_ws/install/amr_map_tools/lib/python3.10/site-packages:/home/nihal/amr_ws/install/ekf_slam_ros/lib/python3.10/site-packages:/home/nihal/amr_ws/install/amr_bringup/lib/python3.10/site-packages:/opt/ros/humble/lib/python3.10/site-packages:/opt/ros/humble/local/lib/python3.10/dist-packages /usr/bin/python3 -W ignore:setup.py install is deprecated -W ignore:easy_install command is deprecated setup.py egg_info --egg-base ../../build/ekf_slam_ros build --build-base /home/nihal/amr_ws/build/ekf_slam_ros/build install --record /home/nihal/amr_ws/build/ekf_slam_ros/install.log --single-version-externally-managed install_data
[0.614s] running egg_info
[0.615s] writing ../../build/ekf_slam_ros/ekf_slam_ros.egg-info/PKG-INFO
[0.615s] writing dependency_links to ../../build/ekf_slam_ros/ekf_slam_ros.egg-info/dependency_links.txt
[0.615s] writing entry points to ../../build/ekf_slam_ros/ekf_slam_ros.egg-info/entry_points.txt
[0.617s] writing requirements to ../../build/ekf_slam_ros/ekf_slam_ros.egg-info/requires.txt
[0.617s] writing top-level names to ../../build/ekf_slam_ros/ekf_slam_ros.egg-info/top_level.txt
[0.622s] reading manifest file '../../build/ekf_slam_ros/ekf_slam_ros.egg-info/SOURCES.txt'
[0.622s] writing manifest file '../../build/ekf_slam_ros/ekf_slam_ros.egg-info/SOURCES.txt'
[0.623s] running build
[0.623s] running build_py
[0.623s] running install
[0.623s] running install_lib
[0.624s] running install_data
[0.624s] copying launch/tb3_warehouse_slam.launch.py -> /home/nihal/amr_ws/install/ekf_slam_ros/share/ekf_slam_ros/launch
[0.625s] running install_egg_info
[0.626s] removing '/home/nihal/amr_ws/install/ekf_slam_ros/lib/python3.10/site-packages/ekf_slam_ros-0.0.0-py3.10.egg-info' (and everything under it)
[0.627s] Copying ../../build/ekf_slam_ros/ekf_slam_ros.egg-info to /home/nihal/amr_ws/install/ekf_slam_ros/lib/python3.10/site-packages/ekf_slam_ros-0.0.0-py3.10.egg-info
[0.628s] running install_scripts
[0.643s] Installing slam_plumbing_node script to /home/nihal/amr_ws/install/ekf_slam_ros/lib/ekf_slam_ros
[0.644s] writing list of installed files to '/home/nihal/amr_ws/build/ekf_slam_ros/install.log'
[0.675s] Invoked command in '/home/nihal/amr_ws/src/ekf_slam_ros' returned '0': AMENT_PREFIX_PATH=/home/nihal/amr_ws/install/ekf_slam:/home/nihal/amr_ws/install/amr_navigation:/home/nihal/amr_ws/install/amr_map_tools:/home/nihal/amr_ws/install/ekf_slam_ros:/home/nihal/amr_ws/install/apriltag_gazebo_demo:/home/nihal/amr_ws/install/amr_bringup:/opt/ros/humble PYTHONPATH=/home/nihal/amr_ws/build/ekf_slam_ros/prefix_override:/usr/lib/python3/dist-packages/colcon_core/task/python/colcon_distutils_commands:/home/nihal/amr_ws/install/ekf_slam_ros/lib/python3.10/site-packages:/home/nihal/amr_ws/install/ekf_slam/lib/python3.10/site-packages:/home/nihal/amr_ws/build/amr_navigation:/home/nihal/amr_ws/install/amr_navigation/lib/python3.10/site-packages:/home/nihal/amr_ws/build/amr_map_tools:/home/nihal/amr_ws/install/amr_map_tools/lib/python3.10/site-packages:/home/nihal/amr_ws/install/ekf_slam_ros/lib/python3.10/site-packages:/home/nihal/amr_ws/install/amr_bringup/lib/python3.10/site-packages:/opt/ros/humble/lib/python3.10/site-packages:/opt/ros/humble/local/lib/python3.10/dist-packages /usr/bin/python3 -W ignore:setup.py install is deprecated -W ignore:easy_install command is deprecated setup.py egg_info --egg-base ../../build/ekf_slam_ros build --build-base /home/nihal/amr_ws/build/ekf_slam_ros/build install --record /home/nihal/amr_ws/build/ekf_slam_ros/install.log --single-version-externally-managed install_data
