/home/nihal/amr_ws/install/ekf_slam/lib/python3.10/site-packages/ekf_slam/ekf.py
/home/nihal/amr_ws/install/ekf_slam/lib/python3.10/site-packages/ekf_slam/__init__.py
/home/nihal/amr_ws/install/ekf_slam/lib/python3.10/site-packages/ekf_slam/plots.py
/home/nihal/amr_ws/install/ekf_slam/lib/python3.10/site-packages/ekf_slam/main.py
/home/nihal/amr_ws/install/ekf_slam/lib/python3.10/site-packages/ekf_slam/sim.py
/home/nihal/amr_ws/install/ekf_slam/lib/python3.10/site-packages/ekf_slam/models.py
/home/nihal/amr_ws/install/ekf_slam/lib/python3.10/site-packages/ekf_slam/__pycache__/ekf.cpython-310.pyc
/home/nihal/amr_ws/install/ekf_slam/lib/python3.10/site-packages/ekf_slam/__pycache__/__init__.cpython-310.pyc
/home/nihal/amr_ws/install/ekf_slam/lib/python3.10/site-packages/ekf_slam/__pycache__/plots.cpython-310.pyc
/home/nihal/amr_ws/install/ekf_slam/lib/python3.10/site-packages/ekf_slam/__pycache__/main.cpython-310.pyc
/home/nihal/amr_ws/install/ekf_slam/lib/python3.10/site-packages/ekf_slam/__pycache__/sim.cpython-310.pyc
/home/nihal/amr_ws/install/ekf_slam/lib/python3.10/site-packages/ekf_slam/__pycache__/models.cpython-310.pyc
/home/nihal/amr_ws/install/ekf_slam/share/ament_index/resource_index/packages/ekf_slam
/home/nihal/amr_ws/install/ekf_slam/share/ekf_slam/package.xml
/home/nihal/amr_ws/install/ekf_slam/lib/python3.10/site-packages/ekf_slam-0.0.1-py3.10.egg-info/requires.txt
/home/nihal/amr_ws/install/ekf_slam/lib/python3.10/site-packages/ekf_slam-0.0.1-py3.10.egg-info/top_level.txt
/home/nihal/amr_ws/install/ekf_slam/lib/python3.10/site-packages/ekf_slam-0.0.1-py3.10.egg-info/zip-safe
/home/nihal/amr_ws/install/ekf_slam/lib/python3.10/site-packages/ekf_slam-0.0.1-py3.10.egg-info/PKG-INFO
/home/nihal/amr_ws/install/ekf_slam/lib/python3.10/site-packages/ekf_slam-0.0.1-py3.10.egg-info/SOURCES.txt
/home/nihal/amr_ws/install/ekf_slam/lib/python3.10/site-packages/ekf_slam-0.0.1-py3.10.egg-info/dependency_links.txt
