[0.392s] Invoking command in '/home/nihal/amr_ws/build/ekf_slam_ros': AMENT_PREFIX_PATH=/home/nihal/amr_ws/install/ekf_slam:/home/nihal/amr_ws/install/ekf_slam_ros:/home/nihal/amr_ws/install/apriltag_gazebo_demo:/home/nihal/amr_ws/install/amr_bringup:/opt/ros/humble PYTHONPATH=/home/nihal/amr_ws/build/ekf_slam_ros/prefix_override:/usr/lib/python3/dist-packages/colcon_core/task/python/colcon_distutils_commands:/home/nihal/amr_ws/install/ekf_slam_ros/lib/python3.10/site-packages:/home/nihal/amr_ws/install/ekf_slam/lib/python3.10/site-packages:/home/nihal/amr_ws/build/ekf_slam_ros:/home/nihal/amr_ws/install/ekf_slam_ros/lib/python3.10/site-packages:/home/nihal/amr_ws/build/ekf_slam:/home/nihal/amr_ws/build/amr_bringup:/home/nihal/amr_ws/install/amr_bringup/lib/python3.10/site-packages:/opt/ros/humble/lib/python3.10/site-packages:/opt/ros/humble/local/lib/python3.10/dist-packages /usr/bin/python3 -W ignore:setup.py install is deprecated -W ignore:easy_install command is deprecated setup.py develop --uninstall --editable --build-directory /home/nihal/amr_ws/build/ekf_slam_ros/build
[0.553s] running develop
[0.642s] Removing /home/nihal/amr_ws/install/ekf_slam_ros/lib/python3.10/site-packages/ekf-slam-ros.egg-link (link to .)
[0.660s] Invoked command in '/home/nihal/amr_ws/build/ekf_slam_ros' returned '0': AMENT_PREFIX_PATH=/home/nihal/amr_ws/install/ekf_slam:/home/nihal/amr_ws/install/ekf_slam_ros:/home/nihal/amr_ws/install/apriltag_gazebo_demo:/home/nihal/amr_ws/install/amr_bringup:/opt/ros/humble PYTHONPATH=/home/nihal/amr_ws/build/ekf_slam_ros/prefix_override:/usr/lib/python3/dist-packages/colcon_core/task/python/colcon_distutils_commands:/home/nihal/amr_ws/install/ekf_slam_ros/lib/python3.10/site-packages:/home/nihal/amr_ws/install/ekf_slam/lib/python3.10/site-packages:/home/nihal/amr_ws/build/ekf_slam_ros:/home/nihal/amr_ws/install/ekf_slam_ros/lib/python3.10/site-packages:/home/nihal/amr_ws/build/ekf_slam:/home/nihal/amr_ws/build/amr_bringup:/home/nihal/amr_ws/install/amr_bringup/lib/python3.10/site-packages:/opt/ros/humble/lib/python3.10/site-packages:/opt/ros/humble/local/lib/python3.10/dist-packages /usr/bin/python3 -W ignore:setup.py install is deprecated -W ignore:easy_install command is deprecated setup.py develop --uninstall --editable --build-directory /home/nihal/amr_ws/build/ekf_slam_ros/build
[0.660s] Invoking command in '/home/nihal/amr_ws/src/ekf_slam_ros': AMENT_PREFIX_PATH=/home/nihal/amr_ws/install/ekf_slam:/home/nihal/amr_ws/install/ekf_slam_ros:/home/nihal/amr_ws/install/apriltag_gazebo_demo:/home/nihal/amr_ws/install/amr_bringup:/opt/ros/humble PYTHONPATH=/home/nihal/amr_ws/build/ekf_slam_ros/prefix_override:/usr/lib/python3/dist-packages/colcon_core/task/python/colcon_distutils_commands:/home/nihal/amr_ws/install/ekf_slam_ros/lib/python3.10/site-packages:/home/nihal/amr_ws/install/ekf_slam/lib/python3.10/site-packages:/home/nihal/amr_ws/build/ekf_slam_ros:/home/nihal/amr_ws/install/ekf_slam_ros/lib/python3.10/site-packages:/home/nihal/amr_ws/build/ekf_slam:/home/nihal/amr_ws/build/amr_bringup:/home/nihal/amr_ws/install/amr_bringup/lib/python3.10/site-packages:/opt/ros/humble/lib/python3.10/site-packages:/opt/ros/humble/local/lib/python3.10/dist-packages /usr/bin/python3 -W ignore:setup.py install is deprecated -W ignore:easy_install command is deprecated setup.py egg_info --egg-base ../../build/ekf_slam_ros build --build-base /home/nihal/amr_ws/build/ekf_slam_ros/build install --record /home/nihal/amr_ws/build/ekf_slam_ros/install.log --single-version-externally-managed install_data --force
[0.803s] running egg_info
[0.803s] writing ../../build/ekf_slam_ros/ekf_slam_ros.egg-info/PKG-INFO
[0.803s] writing dependency_links to ../../build/ekf_slam_ros/ekf_slam_ros.egg-info/dependency_links.txt
[0.804s] writing entry points to ../../build/ekf_slam_ros/ekf_slam_ros.egg-info/entry_points.txt
[0.805s] writing requirements to ../../build/ekf_slam_ros/ekf_slam_ros.egg-info/requires.txt
[0.805s] writing top-level names to ../../build/ekf_slam_ros/ekf_slam_ros.egg-info/top_level.txt
[0.807s] reading manifest file '../../build/ekf_slam_ros/ekf_slam_ros.egg-info/SOURCES.txt'
[0.808s] writing manifest file '../../build/ekf_slam_ros/ekf_slam_ros.egg-info/SOURCES.txt'
[0.808s] running build
[0.808s] running build_py
[0.809s] creating /home/nihal/amr_ws/build/ekf_slam_ros/build
[0.809s] creating /home/nihal/amr_ws/build/ekf_slam_ros/build/lib
[0.809s] creating /home/nihal/amr_ws/build/ekf_slam_ros/build/lib/ekf_slam_ros
[0.809s] copying ekf_slam_ros/slam_node.py -> /home/nihal/amr_ws/build/ekf_slam_ros/build/lib/ekf_slam_ros
[0.810s] copying ekf_slam_ros/__init__.py -> /home/nihal/amr_ws/build/ekf_slam_ros/build/lib/ekf_slam_ros
[0.810s] running install
[0.810s] running install_lib
[0.810s] creating /home/nihal/amr_ws/install/ekf_slam_ros/lib/python3.10/site-packages/ekf_slam_ros
[0.810s] copying /home/nihal/amr_ws/build/ekf_slam_ros/build/lib/ekf_slam_ros/slam_node.py -> /home/nihal/amr_ws/install/ekf_slam_ros/lib/python3.10/site-packages/ekf_slam_ros
[0.811s] copying /home/nihal/amr_ws/build/ekf_slam_ros/build/lib/ekf_slam_ros/__init__.py -> /home/nihal/amr_ws/install/ekf_slam_ros/lib/python3.10/site-packages/ekf_slam_ros
[0.811s] byte-compiling /home/nihal/amr_ws/install/ekf_slam_ros/lib/python3.10/site-packages/ekf_slam_ros/slam_node.py to slam_node.cpython-310.pyc
[0.814s] byte-compiling /home/nihal/amr_ws/install/ekf_slam_ros/lib/python3.10/site-packages/ekf_slam_ros/__init__.py to __init__.cpython-310.pyc
[0.814s] running install_data
[0.814s] copying resource/ekf_slam_ros -> /home/nihal/amr_ws/install/ekf_slam_ros/share/ament_index/resource_index/packages
[0.814s] copying package.xml -> /home/nihal/amr_ws/install/ekf_slam_ros/share/ekf_slam_ros
[0.814s] copying launch/tb3_warehouse_slam.launch.py -> /home/nihal/amr_ws/install/ekf_slam_ros/share/ekf_slam_ros/launch
[0.814s] copying config/slam_params.yaml -> /home/nihal/amr_ws/install/ekf_slam_ros/share/ekf_slam_ros/config
[0.815s] running install_egg_info
[0.816s] Copying ../../build/ekf_slam_ros/ekf_slam_ros.egg-info to /home/nihal/amr_ws/install/ekf_slam_ros/lib/python3.10/site-packages/ekf_slam_ros-0.0.0-py3.10.egg-info
[0.817s] running install_scripts
[0.829s] Installing slam_plumbing_node script to /home/nihal/amr_ws/install/ekf_slam_ros/lib/ekf_slam_ros
[0.829s] writing list of installed files to '/home/nihal/amr_ws/build/ekf_slam_ros/install.log'
[0.844s] Invoked command in '/home/nihal/amr_ws/src/ekf_slam_ros' returned '0': AMENT_PREFIX_PATH=/home/nihal/amr_ws/install/ekf_slam:/home/nihal/amr_ws/install/ekf_slam_ros:/home/nihal/amr_ws/install/apriltag_gazebo_demo:/home/nihal/amr_ws/install/amr_bringup:/opt/ros/humble PYTHONPATH=/home/nihal/amr_ws/build/ekf_slam_ros/prefix_override:/usr/lib/python3/dist-packages/colcon_core/task/python/colcon_distutils_commands:/home/nihal/amr_ws/install/ekf_slam_ros/lib/python3.10/site-packages:/home/nihal/amr_ws/install/ekf_slam/lib/python3.10/site-packages:/home/nihal/amr_ws/build/ekf_slam_ros:/home/nihal/amr_ws/install/ekf_slam_ros/lib/python3.10/site-packages:/home/nihal/amr_ws/build/ekf_slam:/home/nihal/amr_ws/build/amr_bringup:/home/nihal/amr_ws/install/amr_bringup/lib/python3.10/site-packages:/opt/ros/humble/lib/python3.10/site-packages:/opt/ros/humble/local/lib/python3.10/dist-packages /usr/bin/python3 -W ignore:setup.py install is deprecated -W ignore:easy_install command is deprecated setup.py egg_info --egg-base ../../build/ekf_slam_ros build --build-base /home/nihal/amr_ws/build/ekf_slam_ros/build install --record /home/nihal/amr_ws/build/ekf_slam_ros/install.log --single-version-externally-managed install_data --force
