[0.422s] Invoking command in '/home/nihal/amr_ws/src/ekf_slam_ros': AMENT_PREFIX_PATH=/home/nihal/amr_ws/install/ekf_slam:/home/nihal/amr_ws/install/amr_map_tools:/home/nihal/amr_ws/install/ekf_slam_ros:/home/nihal/amr_ws/install/apriltag_gazebo_demo:/home/nihal/amr_ws/install/amr_bringup:/opt/ros/humble PYTHONPATH=/home/nihal/amr_ws/build/ekf_slam_ros/prefix_override:/usr/lib/python3/dist-packages/colcon_core/task/python/colcon_distutils_commands:/home/nihal/amr_ws/install/ekf_slam_ros/lib/python3.10/site-packages:/home/nihal/amr_ws/install/ekf_slam/lib/python3.10/site-packages:/home/nihal/amr_ws/install/amr_map_tools/lib/python3.10/site-packages:/home/nihal/amr_ws/install/ekf_slam_ros/lib/python3.10/site-packages:/home/nihal/amr_ws/install/amr_bringup/lib/python3.10/site-packages:/opt/ros/humble/lib/python3.10/site-packages:/opt/ros/humble/local/lib/python3.10/dist-packages /usr/bin/python3 -W ignore:setup.py install is deprecated -W ignore:easy_install command is deprecated setup.py egg_info --egg-base ../../build/ekf_slam_ros build --build-base /home/nihal/amr_ws/build/ekf_slam_ros/build install --record /home/nihal/amr_ws/build/ekf_slam_ros/install.log --single-version-externally-managed install_data
[0.566s] running egg_info
[0.567s] writing ../../build/ekf_slam_ros/ekf_slam_ros.egg-info/PKG-INFO
[0.568s] writing dependency_links to ../../build/ekf_slam_ros/ekf_slam_ros.egg-info/dependency_links.txt
[0.569s] writing entry points to ../../build/ekf_slam_ros/ekf_slam_ros.egg-info/entry_points.txt
[0.569s] writing requirements to ../../build/ekf_slam_ros/ekf_slam_ros.egg-info/requires.txt
[0.569s] writing top-level names to ../../build/ekf_slam_ros/ekf_slam_ros.egg-info/top_level.txt
[0.571s] reading manifest file '../../build/ekf_slam_ros/ekf_slam_ros.egg-info/SOURCES.txt'
[0.572s] writing manifest file '../../build/ekf_slam_ros/ekf_slam_ros.egg-info/SOURCES.txt'
[0.572s] running build
[0.572s] running build_py
[0.574s] running install
[0.574s] running install_lib
[0.575s] running install_data
[0.577s] running install_egg_info
[0.580s] removing '/home/nihal/amr_ws/install/ekf_slam_ros/lib/python3.10/site-packages/ekf_slam_ros-0.0.0-py3.10.egg-info' (and everything under it)
[0.580s] Copying ../../build/ekf_slam_ros/ekf_slam_ros.egg-info to /home/nihal/amr_ws/install/ekf_slam_ros/lib/python3.10/site-packages/ekf_slam_ros-0.0.0-py3.10.egg-info
[0.581s] running install_scripts
[0.594s] Installing slam_plumbing_node script to /home/nihal/amr_ws/install/ekf_slam_ros/lib/ekf_slam_ros
[0.596s] writing list of installed files to '/home/nihal/amr_ws/build/ekf_slam_ros/install.log'
[0.612s] Invoked command in '/home/nihal/amr_ws/src/ekf_slam_ros' returned '0': AMENT_PREFIX_PATH=/home/nihal/amr_ws/install/ekf_slam:/home/nihal/amr_ws/install/amr_map_tools:/home/nihal/amr_ws/install/ekf_slam_ros:/home/nihal/amr_ws/install/apriltag_gazebo_demo:/home/nihal/amr_ws/install/amr_bringup:/opt/ros/humble PYTHONPATH=/home/nihal/amr_ws/build/ekf_slam_ros/prefix_override:/usr/lib/python3/dist-packages/colcon_core/task/python/colcon_distutils_commands:/home/nihal/amr_ws/install/ekf_slam_ros/lib/python3.10/site-packages:/home/nihal/amr_ws/install/ekf_slam/lib/python3.10/site-packages:/home/nihal/amr_ws/install/amr_map_tools/lib/python3.10/site-packages:/home/nihal/amr_ws/install/ekf_slam_ros/lib/python3.10/site-packages:/home/nihal/amr_ws/install/amr_bringup/lib/python3.10/site-packages:/opt/ros/humble/lib/python3.10/site-packages:/opt/ros/humble/local/lib/python3.10/dist-packages /usr/bin/python3 -W ignore:setup.py install is deprecated -W ignore:easy_install command is deprecated setup.py egg_info --egg-base ../../build/ekf_slam_ros build --build-base /home/nihal/amr_ws/build/ekf_slam_ros/build install --record /home/nihal/amr_ws/build/ekf_slam_ros/install.log --single-version-externally-managed install_data
