[0.767s] Invoking command in '/home/nihal/amr_ws/src/amr_map_tools': PYTHONPATH=/home/nihal/amr_ws/build/amr_map_tools/prefix_override:/usr/lib/python3/dist-packages/colcon_core/task/python/colcon_distutils_commands:/home/nihal/amr_ws/install/amr_map_tools/lib/python3.10/site-packages:${PYTHONPATH} /usr/bin/python3 -W ignore:setup.py install is deprecated -W ignore:easy_install command is deprecated setup.py egg_info --egg-base ../../build/amr_map_tools build --build-base /home/nihal/amr_ws/build/amr_map_tools/build install --record /home/nihal/amr_ws/build/amr_map_tools/install.log --single-version-externally-managed install_data
[0.929s] running egg_info
[0.929s] writing ../../build/amr_map_tools/amr_map_tools.egg-info/PKG-INFO
[0.929s] writing dependency_links to ../../build/amr_map_tools/amr_map_tools.egg-info/dependency_links.txt
[0.930s] writing entry points to ../../build/amr_map_tools/amr_map_tools.egg-info/entry_points.txt
[0.930s] writing requirements to ../../build/amr_map_tools/amr_map_tools.egg-info/requires.txt
[0.930s] writing top-level names to ../../build/amr_map_tools/amr_map_tools.egg-info/top_level.txt
[0.935s] reading manifest file '../../build/amr_map_tools/amr_map_tools.egg-info/SOURCES.txt'
[0.935s] writing manifest file '../../build/amr_map_tools/amr_map_tools.egg-info/SOURCES.txt'
[0.935s] running build
[0.935s] running build_py
[0.935s] running install
[0.935s] running install_lib
[0.935s] running install_data
[0.935s] running install_egg_info
[0.935s] removing '/home/nihal/amr_ws/install/amr_map_tools/lib/python3.10/site-packages/amr_map_tools-0.0.0-py3.10.egg-info' (and everything under it)
[0.936s] Copying ../../build/amr_map_tools/amr_map_tools.egg-info to /home/nihal/amr_ws/install/amr_map_tools/lib/python3.10/site-packages/amr_map_tools-0.0.0-py3.10.egg-info
[0.936s] running install_scripts
[0.951s] Installing map_loader_node script to /home/nihal/amr_ws/install/amr_map_tools/lib/amr_map_tools
[0.951s] Installing map_saver_node script to /home/nihal/amr_ws/install/amr_map_tools/lib/amr_map_tools
[0.951s] writing list of installed files to '/home/nihal/amr_ws/build/amr_map_tools/install.log'
[0.984s] Invoked command in '/home/nihal/amr_ws/src/amr_map_tools' returned '0': PYTHONPATH=/home/nihal/amr_ws/build/amr_map_tools/prefix_override:/usr/lib/python3/dist-packages/colcon_core/task/python/colcon_distutils_commands:/home/nihal/amr_ws/install/amr_map_tools/lib/python3.10/site-packages:${PYTHONPATH} /usr/bin/python3 -W ignore:setup.py install is deprecated -W ignore:easy_install command is deprecated setup.py egg_info --egg-base ../../build/amr_map_tools build --build-base /home/nihal/amr_ws/build/amr_map_tools/build install --record /home/nihal/amr_ws/build/amr_map_tools/install.log --single-version-externally-managed install_data
