running egg_info
writing ../../build/amr_navigation/amr_navigation.egg-info/PKG-INFO
writing dependency_links to ../../build/amr_navigation/amr_navigation.egg-info/dependency_links.txt
writing entry points to ../../build/amr_navigation/amr_navigation.egg-info/entry_points.txt
writing requirements to ../../build/amr_navigation/amr_navigation.egg-info/requires.txt
writing top-level names to ../../build/amr_navigation/amr_navigation.egg-info/top_level.txt
reading manifest file '../../build/amr_navigation/amr_navigation.egg-info/SOURCES.txt'
writing manifest file '../../build/amr_navigation/amr_navigation.egg-info/SOURCES.txt'
running build
running build_py
running install
running install_lib
running install_data
running install_egg_info
removing '/home/nihal/amr_ws/install/amr_navigation/lib/python3.10/site-packages/amr_navigation-0.0.0-py3.10.egg-info' (and everything under it)
Copying ../../build/amr_navigation/amr_navigation.egg-info to /home/nihal/amr_ws/install/amr_navigation/lib/python3.10/site-packages/amr_navigation-0.0.0-py3.10.egg-info
running install_scripts
Installing dwa_controller script to /home/nihal/amr_ws/install/amr_navigation/lib/amr_navigation
Installing global_planner_node script to /home/nihal/amr_ws/install/amr_navigation/lib/amr_navigation
Installing pure_pursuit_controller script to /home/nihal/amr_ws/install/amr_navigation/lib/amr_navigation
writing list of installed files to '/home/nihal/amr_ws/build/amr_navigation/install.log'
